20.10.2020 11:13:20 : Дешифрование пароля успешно завершено
20.10.2020 11:13:30 : Хеш-последовательность успешно получена
20.10.2020 11:13:30 : Хеш-последовательность успешно получена
20.10.2020 11:13:30 : Дешифрование пароля успешно завершено
20.10.2020 11:14:13 : System.Exception: Входная строка имела неверный формат. ---> System.Exception: Входная строка имела неверный формат. ---> System.Exception: Входная строка имела неверный формат. ---> System.FormatException: Входная строка имела неверный формат.
   в System.Number.StringToNumber(String str, NumberStyles options, NumberBuffer& number, NumberFormatInfo info, Boolean parseDecimal)
   в System.Number.ParseInt32(String s, NumberStyles style, NumberFormatInfo info)
   в System.Convert.ToInt32(String value)
   в SZMK.Desktop.Services.Scan.ParseXML.GetDetails(List`1 details, XElement assembly) в C:\Users\kirill.gubanov\Desktop\SZMK-Software-Package\SZMK.Desktop\Services\Scan\ParseXML.cs:строка 106
   --- Конец трассировки внутреннего стека исключений ---
   в SZMK.Desktop.Services.Scan.ParseXML.GetDetails(List`1 details, XElement assembly) в C:\Users\kirill.gubanov\Desktop\SZMK-Software-Package\SZMK.Desktop\Services\Scan\ParseXML.cs:строка 124
   в SZMK.Desktop.Services.Scan.ParseXML.GetOrders(String FileName, Model Model) в C:\Users\kirill.gubanov\Desktop\SZMK-Software-Package\SZMK.Desktop\Services\Scan\ParseXML.cs:строка 90
   --- Конец трассировки внутреннего стека исключений ---
   в SZMK.Desktop.Services.Scan.ParseXML.GetOrders(String FileName, Model Model) в C:\Users\kirill.gubanov\Desktop\SZMK-Software-Package\SZMK.Desktop\Services\Scan\ParseXML.cs:строка 97
   в SZMK.Desktop.Services.Scan.ParseXML.Start(String FileName, String ModelPath, INotifyProcess notify) в C:\Users\kirill.gubanov\Desktop\SZMK-Software-Package\SZMK.Desktop\Services\Scan\ParseXML.cs:строка 36
   --- Конец трассировки внутреннего стека исключений ---
   в SZMK.Desktop.Services.Scan.ParseXML.Start(String FileName, String ModelPath, INotifyProcess notify) в C:\Users\kirill.gubanov\Desktop\SZMK-Software-Package\SZMK.Desktop\Services\Scan\ParseXML.cs:строка 47
   в SZMK.Desktop.Views.KB.KB_F.<>c__DisplayClass59_1.<StartingParseAsync>b__0() в C:\Users\kirill.gubanov\Desktop\SZMK-Software-Package\SZMK.Desktop\Views\KB\KB_F.cs:строка 1450
   в System.Threading.Tasks.Task.InnerInvoke()
   в System.Threading.Tasks.Task.Execute()
--- Конец трассировка стека из предыдущего расположения, где возникло исключение ---
   в System.Runtime.CompilerServices.TaskAwaiter.ThrowForNonSuccess(Task task)
   в System.Runtime.CompilerServices.TaskAwaiter.HandleNonSuccessAndDebuggerNotification(Task task)
   в System.Runtime.CompilerServices.TaskAwaiter.GetResult()
   в SZMK.Desktop.Views.KB.KB_F.<StartingParseAsync>d__59.MoveNext() в C:\Users\kirill.gubanov\Desktop\SZMK-Software-Package\SZMK.Desktop\Views\KB\KB_F.cs:строка 1450
20.10.2020 11:16:38 : System.Exception: Входная строка имела неверный формат. ---> System.Exception: Входная строка имела неверный формат. ---> System.Exception: Входная строка имела неверный формат. ---> System.FormatException: Входная строка имела неверный формат.
   в System.Number.StringToNumber(String str, NumberStyles options, NumberBuffer& number, NumberFormatInfo info, Boolean parseDecimal)
   в System.Number.ParseInt32(String s, NumberStyles style, NumberFormatInfo info)
   в System.Convert.ToInt32(String value)
   в SZMK.Desktop.Services.Scan.ParseXML.GetDetails(List`1 details, XElement assembly) в C:\Users\kirill.gubanov\Desktop\SZMK-Software-Package\SZMK.Desktop\Services\Scan\ParseXML.cs:строка 106
   --- Конец трассировки внутреннего стека исключений ---
   в SZMK.Desktop.Services.Scan.ParseXML.GetDetails(List`1 details, XElement assembly) в C:\Users\kirill.gubanov\Desktop\SZMK-Software-Package\SZMK.Desktop\Services\Scan\ParseXML.cs:строка 124
   в SZMK.Desktop.Services.Scan.ParseXML.GetOrders(String FileName, Model Model) в C:\Users\kirill.gubanov\Desktop\SZMK-Software-Package\SZMK.Desktop\Services\Scan\ParseXML.cs:строка 90
   --- Конец трассировки внутреннего стека исключений ---
   в SZMK.Desktop.Services.Scan.ParseXML.GetOrders(String FileName, Model Model) в C:\Users\kirill.gubanov\Desktop\SZMK-Software-Package\SZMK.Desktop\Services\Scan\ParseXML.cs:строка 97
   в SZMK.Desktop.Services.Scan.ParseXML.Start(String FileName, String ModelPath, INotifyProcess notify) в C:\Users\kirill.gubanov\Desktop\SZMK-Software-Package\SZMK.Desktop\Services\Scan\ParseXML.cs:строка 36
   --- Конец трассировки внутреннего стека исключений ---
   в SZMK.Desktop.Services.Scan.ParseXML.Start(String FileName, String ModelPath, INotifyProcess notify) в C:\Users\kirill.gubanov\Desktop\SZMK-Software-Package\SZMK.Desktop\Services\Scan\ParseXML.cs:строка 47
   в SZMK.Desktop.Views.KB.KB_F.<>c__DisplayClass59_1.<StartingParseAsync>b__0() в C:\Users\kirill.gubanov\Desktop\SZMK-Software-Package\SZMK.Desktop\Views\KB\KB_F.cs:строка 1450
   в System.Threading.Tasks.Task.InnerInvoke()
   в System.Threading.Tasks.Task.Execute()
--- Конец трассировка стека из предыдущего расположения, где возникло исключение ---
   в System.Runtime.CompilerServices.TaskAwaiter.ThrowForNonSuccess(Task task)
   в System.Runtime.CompilerServices.TaskAwaiter.HandleNonSuccessAndDebuggerNotification(Task task)
   в System.Runtime.CompilerServices.TaskAwaiter.GetResult()
   в SZMK.Desktop.Views.KB.KB_F.<StartingParseAsync>d__59.MoveNext() в C:\Users\kirill.gubanov\Desktop\SZMK-Software-Package\SZMK.Desktop\Views\KB\KB_F.cs:строка 1450
20.10.2020 11:19:37 : System.Exception: Входная строка имела неверный формат. ---> System.Exception: Входная строка имела неверный формат. ---> System.Exception: Входная строка имела неверный формат. ---> System.FormatException: Входная строка имела неверный формат.
   в System.Number.StringToNumber(String str, NumberStyles options, NumberBuffer& number, NumberFormatInfo info, Boolean parseDecimal)
   в System.Number.ParseInt32(String s, NumberStyles style, NumberFormatInfo info)
   в System.Convert.ToInt32(String value)
   в SZMK.Desktop.Services.Scan.ParseXML.GetDetails(List`1 details, XElement assembly) в C:\Users\kirill.gubanov\Desktop\SZMK-Software-Package\SZMK.Desktop\Services\Scan\ParseXML.cs:строка 106
   --- Конец трассировки внутреннего стека исключений ---
   в SZMK.Desktop.Services.Scan.ParseXML.GetDetails(List`1 details, XElement assembly) в C:\Users\kirill.gubanov\Desktop\SZMK-Software-Package\SZMK.Desktop\Services\Scan\ParseXML.cs:строка 124
   в SZMK.Desktop.Services.Scan.ParseXML.GetOrders(String FileName, Model Model) в C:\Users\kirill.gubanov\Desktop\SZMK-Software-Package\SZMK.Desktop\Services\Scan\ParseXML.cs:строка 90
   --- Конец трассировки внутреннего стека исключений ---
   в SZMK.Desktop.Services.Scan.ParseXML.GetOrders(String FileName, Model Model) в C:\Users\kirill.gubanov\Desktop\SZMK-Software-Package\SZMK.Desktop\Services\Scan\ParseXML.cs:строка 97
   в SZMK.Desktop.Services.Scan.ParseXML.Start(String FileName, String ModelPath, INotifyProcess notify) в C:\Users\kirill.gubanov\Desktop\SZMK-Software-Package\SZMK.Desktop\Services\Scan\ParseXML.cs:строка 36
   --- Конец трассировки внутреннего стека исключений ---
   в SZMK.Desktop.Services.Scan.ParseXML.Start(String FileName, String ModelPath, INotifyProcess notify) в C:\Users\kirill.gubanov\Desktop\SZMK-Software-Package\SZMK.Desktop\Services\Scan\ParseXML.cs:строка 47
   в SZMK.Desktop.Views.KB.KB_F.<>c__DisplayClass59_1.<StartingParseAsync>b__0() в C:\Users\kirill.gubanov\Desktop\SZMK-Software-Package\SZMK.Desktop\Views\KB\KB_F.cs:строка 1450
   в System.Threading.Tasks.Task.InnerInvoke()
   в System.Threading.Tasks.Task.Execute()
--- Конец трассировка стека из предыдущего расположения, где возникло исключение ---
   в System.Runtime.CompilerServices.TaskAwaiter.ThrowForNonSuccess(Task task)
   в System.Runtime.CompilerServices.TaskAwaiter.HandleNonSuccessAndDebuggerNotification(Task task)
   в System.Runtime.CompilerServices.TaskAwaiter.GetResult()
   в SZMK.Desktop.Views.KB.KB_F.<StartingParseAsync>d__59.MoveNext() в C:\Users\kirill.gubanov\Desktop\SZMK-Software-Package\SZMK.Desktop\Views\KB\KB_F.cs:строка 1450
20.10.2020 11:25:20 : Дешифрование пароля успешно завершено
20.10.2020 11:25:30 : Хеш-последовательность успешно получена
20.10.2020 11:25:30 : Хеш-последовательность успешно получена
20.10.2020 11:25:30 : Дешифрование пароля успешно завершено
20.10.2020 13:27:19 : Дешифрование пароля успешно завершено
20.10.2020 13:27:32 : Хеш-последовательность успешно получена
20.10.2020 13:27:32 : Хеш-последовательность успешно получена
20.10.2020 13:27:33 : Дешифрование пароля успешно завершено
20.10.2020 13:28:29 : Дешифрование пароля успешно завершено
20.10.2020 13:28:38 : Хеш-последовательность успешно получена
20.10.2020 13:28:38 : Хеш-последовательность успешно получена
20.10.2020 13:28:38 : Дешифрование пароля успешно завершено
20.10.2020 13:29:41 : Дешифрование пароля успешно завершено
20.10.2020 13:32:24 : Дешифрование пароля успешно завершено
20.10.2020 13:32:32 : Хеш-последовательность успешно получена
20.10.2020 13:32:32 : Хеш-последовательность успешно получена
20.10.2020 13:32:32 : Дешифрование пароля успешно завершено
20.10.2020 15:37:07 : Дешифрование пароля успешно завершено
20.10.2020 15:37:17 : Хеш-последовательность успешно получена
20.10.2020 15:37:17 : Хеш-последовательность успешно получена
20.10.2020 15:37:17 : Дешифрование пароля успешно завершено
20.10.2020 15:38:41 : Дешифрование пароля успешно завершено
20.10.2020 15:38:50 : Хеш-последовательность успешно получена
20.10.2020 15:38:50 : Хеш-последовательность успешно получена
20.10.2020 15:38:50 : Дешифрование пароля успешно завершено
20.10.2020 15:39:57 : Дешифрование пароля успешно завершено
20.10.2020 15:40:10 : Хеш-последовательность успешно получена
20.10.2020 15:40:10 : Хеш-последовательность успешно получена
20.10.2020 15:40:11 : Дешифрование пароля успешно завершено
20.10.2020 15:41:38 : Дешифрование пароля успешно завершено
20.10.2020 15:41:50 : Хеш-последовательность успешно получена
20.10.2020 15:41:50 : Хеш-последовательность успешно получена
20.10.2020 15:41:50 : Дешифрование пароля успешно завершено
20.10.2020 15:42:02 : System.Exception: Позиция детали должна быть целым числом ---> System.Exception: Позиция детали должна быть целым числом ---> System.Exception: Позиция детали должна быть целым числом ---> System.Exception: Позиция детали должна быть целым числом
   в SZMK.Desktop.ViewModel.DetailViewModel..ctor(String Position, String Count, String Profile, String Width, String Lenght, String Weight, String Height, String Diameter, String SubtotalWeight, String MarkSteel, String Discription, String Machining, String MethodOfPaintingRAL, String PaintingArea, String GostName, String FlangeThickness, String PlateThickness) в C:\Users\kirill.gubanov\Desktop\SZMK-Software-Package\SZMK.Desktop\ViewModel\DetailViewModel.cs:строка 104
   в SZMK.Desktop.Services.Scan.ParseXML.GetDetails(List`1 details, XElement assembly) в C:\Users\kirill.gubanov\Desktop\SZMK-Software-Package\SZMK.Desktop\Services\Scan\ParseXML.cs:строка 107
   --- Конец трассировки внутреннего стека исключений ---
   в SZMK.Desktop.Services.Scan.ParseXML.GetDetails(List`1 details, XElement assembly) в C:\Users\kirill.gubanov\Desktop\SZMK-Software-Package\SZMK.Desktop\Services\Scan\ParseXML.cs:строка 145
   в SZMK.Desktop.Services.Scan.ParseXML.GetOrders(String FileName, Model Model) в C:\Users\kirill.gubanov\Desktop\SZMK-Software-Package\SZMK.Desktop\Services\Scan\ParseXML.cs:строка 91
   --- Конец трассировки внутреннего стека исключений ---
   в SZMK.Desktop.Services.Scan.ParseXML.GetOrders(String FileName, Model Model) в C:\Users\kirill.gubanov\Desktop\SZMK-Software-Package\SZMK.Desktop\Services\Scan\ParseXML.cs:строка 98
   в SZMK.Desktop.Services.Scan.ParseXML.Start(String FileName, String ModelPath, INotifyProcess notify) в C:\Users\kirill.gubanov\Desktop\SZMK-Software-Package\SZMK.Desktop\Services\Scan\ParseXML.cs:строка 37
   --- Конец трассировки внутреннего стека исключений ---
   в SZMK.Desktop.Services.Scan.ParseXML.Start(String FileName, String ModelPath, INotifyProcess notify) в C:\Users\kirill.gubanov\Desktop\SZMK-Software-Package\SZMK.Desktop\Services\Scan\ParseXML.cs:строка 48
   в SZMK.Desktop.Views.KB.KB_F.<>c__DisplayClass59_1.<StartingParseAsync>b__0() в C:\Users\kirill.gubanov\Desktop\SZMK-Software-Package\SZMK.Desktop\Views\KB\KB_F.cs:строка 1450
   в System.Threading.Tasks.Task.InnerInvoke()
   в System.Threading.Tasks.Task.Execute()
--- Конец трассировка стека из предыдущего расположения, где возникло исключение ---
   в System.Runtime.CompilerServices.TaskAwaiter.ThrowForNonSuccess(Task task)
   в System.Runtime.CompilerServices.TaskAwaiter.HandleNonSuccessAndDebuggerNotification(Task task)
   в System.Runtime.CompilerServices.TaskAwaiter.GetResult()
   в SZMK.Desktop.Views.KB.KB_F.<StartingParseAsync>d__59.MoveNext() в C:\Users\kirill.gubanov\Desktop\SZMK-Software-Package\SZMK.Desktop\Views\KB\KB_F.cs:строка 1450
20.10.2020 16:06:18 : Дешифрование пароля успешно завершено
20.10.2020 16:06:26 : Хеш-последовательность успешно получена
20.10.2020 16:06:26 : Хеш-последовательность успешно получена
20.10.2020 16:06:27 : Дешифрование пароля успешно завершено
20.10.2020 16:35:33 : Дешифрование пароля успешно завершено
20.10.2020 16:35:41 : Хеш-последовательность успешно получена
20.10.2020 16:35:41 : Хеш-последовательность успешно получена
20.10.2020 16:35:41 : Дешифрование пароля успешно завершено
20.10.2020 16:50:17 : Дешифрование пароля успешно завершено
20.10.2020 16:50:30 : Хеш-последовательность успешно получена
20.10.2020 16:50:30 : Хеш-последовательность успешно получена
20.10.2020 16:50:30 : Дешифрование пароля успешно завершено
20.10.2020 16:52:40 : Дешифрование пароля успешно завершено
20.10.2020 16:53:03 : Дешифрование пароля успешно завершено
20.10.2020 16:53:12 : Хеш-последовательность успешно получена
20.10.2020 16:53:12 : Хеш-последовательность успешно получена
20.10.2020 16:53:12 : Дешифрование пароля успешно завершено
20.10.2020 16:54:06 : Дешифрование пароля успешно завершено
20.10.2020 16:54:16 : Хеш-последовательность успешно получена
20.10.2020 16:54:16 : Хеш-последовательность успешно получена
20.10.2020 16:54:17 : Дешифрование пароля успешно завершено
20.10.2020 16:55:47 : Дешифрование пароля успешно завершено
20.10.2020 16:55:57 : Хеш-последовательность успешно получена
20.10.2020 16:55:57 : Хеш-последовательность успешно получена
20.10.2020 16:55:57 : Дешифрование пароля успешно завершено
20.10.2020 16:57:33 : Дешифрование пароля успешно завершено
20.10.2020 16:57:40 : Хеш-последовательность успешно получена
20.10.2020 16:57:40 : Хеш-последовательность успешно получена
20.10.2020 16:57:41 : Дешифрование пароля успешно завершено
20.10.2020 17:08:41 : Дешифрование пароля успешно завершено
20.10.2020 17:08:50 : Хеш-последовательность успешно получена
20.10.2020 17:08:50 : Хеш-последовательность успешно получена
20.10.2020 17:08:51 : Дешифрование пароля успешно завершено
20.10.2020 17:09:28 : Дешифрование пароля успешно завершено
