27.03.2021 0:10:37 : Дешифрование пароля успешно завершено
27.03.2021 0:10:46 : Хеш-последовательность успешно получена
27.03.2021 0:10:46 : Хеш-последовательность успешно получена
27.03.2021 0:10:46 : Дешифрование пароля успешно завершено
27.03.2021 0:23:41 : Дешифрование пароля успешно завершено
27.03.2021 0:23:47 : Хеш-последовательность успешно получена
27.03.2021 0:23:47 : Хеш-последовательность успешно получена
27.03.2021 0:23:47 : Дешифрование пароля успешно завершено
27.03.2021 0:24:37 : Дешифрование пароля успешно завершено
27.03.2021 0:24:42 : Хеш-последовательность успешно получена
27.03.2021 0:24:42 : Хеш-последовательность успешно получена
27.03.2021 0:24:42 : Дешифрование пароля успешно завершено
27.03.2021 0:26:52 : Дешифрование пароля успешно завершено
27.03.2021 0:27:07 : Хеш-последовательность успешно получена
27.03.2021 0:27:07 : Хеш-последовательность успешно получена
27.03.2021 0:27:07 : Дешифрование пароля успешно завершено
27.03.2021 0:31:01 : Дешифрование пароля успешно завершено
27.03.2021 0:31:11 : Хеш-последовательность успешно получена
27.03.2021 0:31:11 : Хеш-последовательность успешно получена
27.03.2021 0:31:11 : Дешифрование пароля успешно завершено
27.03.2021 0:33:38 : Дешифрование пароля успешно завершено
27.03.2021 0:33:44 : Хеш-последовательность успешно получена
27.03.2021 0:33:44 : Хеш-последовательность успешно получена
27.03.2021 0:33:44 : Дешифрование пароля успешно завершено
27.03.2021 0:33:47 : System.Exception: Не найдена папка
   в SZMK.Desktop.Views.KB.KB_DetailedInformationOrder_F.PathDetailsDWG_TB_MouseDoubleClick(Object sender, MouseEventArgs e) в C:\Users\thedr\Desktop\Works\SZMK\SZMK-Software-Package\SZMK.Desktop\Views\KB\KB_DetailedInformationOrder_F.cs:строка 66
27.03.2021 0:33:52 : System.Exception: Не найдена папка
   в SZMK.Desktop.Views.KB.KB_DetailedInformationOrder_F.PathDetailsPDF_TB_MouseDoubleClick(Object sender, MouseEventArgs e) в C:\Users\thedr\Desktop\Works\SZMK\SZMK-Software-Package\SZMK.Desktop\Views\KB\KB_DetailedInformationOrder_F.cs:строка 86
27.03.2021 0:33:54 : System.Exception: Не найдена папка
   в SZMK.Desktop.Views.KB.KB_DetailedInformationOrder_F.PathDetailsDXF_TB_MouseDoubleClick(Object sender, MouseEventArgs e) в C:\Users\thedr\Desktop\Works\SZMK\SZMK-Software-Package\SZMK.Desktop\Views\KB\KB_DetailedInformationOrder_F.cs:строка 106
27.03.2021 0:33:56 : System.Exception: Не найдена папка
   в SZMK.Desktop.Views.KB.KB_DetailedInformationOrder_F.PathModel_TB_MouseDoubleClick(Object sender, MouseEventArgs e) в C:\Users\thedr\Desktop\Works\SZMK\SZMK-Software-Package\SZMK.Desktop\Views\KB\KB_DetailedInformationOrder_F.cs:строка 126
27.03.2021 0:33:57 : System.Exception: Не найдена папка
   в SZMK.Desktop.Views.KB.KB_DetailedInformationOrder_F.PathArhive_TB_MouseDoubleClick(Object sender, MouseEventArgs e) в C:\Users\thedr\Desktop\Works\SZMK\SZMK-Software-Package\SZMK.Desktop\Views\KB\KB_DetailedInformationOrder_F.cs:строка 146
27.03.2021 0:34:26 : Дешифрование пароля успешно завершено
27.03.2021 0:34:34 : Хеш-последовательность успешно получена
27.03.2021 0:34:34 : Хеш-последовательность успешно получена
27.03.2021 0:34:34 : Дешифрование пароля успешно завершено
27.03.2021 0:34:38 : System.Exception: Не найдена папка
   в SZMK.Desktop.Views.KB.KB_DetailedInformationOrder_F.PathDetailsPDF_TB_MouseDoubleClick(Object sender, MouseEventArgs e) в C:\Users\thedr\Desktop\Works\SZMK\SZMK-Software-Package\SZMK.Desktop\Views\KB\KB_DetailedInformationOrder_F.cs:строка 86
27.03.2021 0:34:40 : System.Exception: Не найдена папка
   в SZMK.Desktop.Views.KB.KB_DetailedInformationOrder_F.PathDetailsDXF_TB_MouseDoubleClick(Object sender, MouseEventArgs e) в C:\Users\thedr\Desktop\Works\SZMK\SZMK-Software-Package\SZMK.Desktop\Views\KB\KB_DetailedInformationOrder_F.cs:строка 106
27.03.2021 0:34:41 : System.Exception: Не найдена папка
   в SZMK.Desktop.Views.KB.KB_DetailedInformationOrder_F.PathModel_TB_MouseDoubleClick(Object sender, MouseEventArgs e) в C:\Users\thedr\Desktop\Works\SZMK\SZMK-Software-Package\SZMK.Desktop\Views\KB\KB_DetailedInformationOrder_F.cs:строка 126
27.03.2021 0:34:43 : System.Exception: Не найдена папка
   в SZMK.Desktop.Views.KB.KB_DetailedInformationOrder_F.PathArhive_TB_MouseDoubleClick(Object sender, MouseEventArgs e) в C:\Users\thedr\Desktop\Works\SZMK\SZMK-Software-Package\SZMK.Desktop\Views\KB\KB_DetailedInformationOrder_F.cs:строка 146
27.03.2021 0:34:45 : System.Exception: Не найдена папка
   в SZMK.Desktop.Views.KB.KB_DetailedInformationOrder_F.PathDetailsDWG_TB_MouseDoubleClick(Object sender, MouseEventArgs e) в C:\Users\thedr\Desktop\Works\SZMK\SZMK-Software-Package\SZMK.Desktop\Views\KB\KB_DetailedInformationOrder_F.cs:строка 66
27.03.2021 0:34:55 : System.Exception: Не найдена папка
   в SZMK.Desktop.Views.KB.KB_DetailedInformationOrder_F.PathDetailsPDF_TB_MouseDoubleClick(Object sender, MouseEventArgs e) в C:\Users\thedr\Desktop\Works\SZMK\SZMK-Software-Package\SZMK.Desktop\Views\KB\KB_DetailedInformationOrder_F.cs:строка 86
27.03.2021 0:34:57 : System.Exception: Не найдена папка
   в SZMK.Desktop.Views.KB.KB_DetailedInformationOrder_F.PathDetailsDXF_TB_MouseDoubleClick(Object sender, MouseEventArgs e) в C:\Users\thedr\Desktop\Works\SZMK\SZMK-Software-Package\SZMK.Desktop\Views\KB\KB_DetailedInformationOrder_F.cs:строка 106
27.03.2021 0:35:00 : System.Exception: Не найдена папка
   в SZMK.Desktop.Views.KB.KB_DetailedInformationOrder_F.PathModel_TB_MouseDoubleClick(Object sender, MouseEventArgs e) в C:\Users\thedr\Desktop\Works\SZMK\SZMK-Software-Package\SZMK.Desktop\Views\KB\KB_DetailedInformationOrder_F.cs:строка 126
27.03.2021 0:35:02 : System.Exception: Не найдена папка
   в SZMK.Desktop.Views.KB.KB_DetailedInformationOrder_F.PathArhive_TB_MouseDoubleClick(Object sender, MouseEventArgs e) в C:\Users\thedr\Desktop\Works\SZMK\SZMK-Software-Package\SZMK.Desktop\Views\KB\KB_DetailedInformationOrder_F.cs:строка 146
27.03.2021 0:36:08 : Дешифрование пароля успешно завершено
27.03.2021 0:36:13 : Хеш-последовательность успешно получена
27.03.2021 0:36:13 : Хеш-последовательность успешно получена
27.03.2021 0:36:13 : Дешифрование пароля успешно завершено
27.03.2021 0:36:17 : System.Exception: Не найдена папка
   в SZMK.Desktop.Views.KB.KB_DetailedInformationOrder_F.PathDetailsDWG_TB_MouseDoubleClick(Object sender, MouseEventArgs e) в C:\Users\thedr\Desktop\Works\SZMK\SZMK-Software-Package\SZMK.Desktop\Views\KB\KB_DetailedInformationOrder_F.cs:строка 66
27.03.2021 0:36:23 : System.Exception: Не найдена папка
   в SZMK.Desktop.Views.KB.KB_DetailedInformationOrder_F.PathDetailsDWG_TB_MouseDoubleClick(Object sender, MouseEventArgs e) в C:\Users\thedr\Desktop\Works\SZMK\SZMK-Software-Package\SZMK.Desktop\Views\KB\KB_DetailedInformationOrder_F.cs:строка 66
27.03.2021 0:36:29 : System.Exception: Не найдена папка
   в SZMK.Desktop.Views.KB.KB_DetailedInformationOrder_F.PathModel_TB_MouseDoubleClick(Object sender, MouseEventArgs e) в C:\Users\thedr\Desktop\Works\SZMK\SZMK-Software-Package\SZMK.Desktop\Views\KB\KB_DetailedInformationOrder_F.cs:строка 126
27.03.2021 0:49:14 : Дешифрование пароля успешно завершено
27.03.2021 0:49:20 : Хеш-последовательность успешно получена
27.03.2021 0:49:20 : Хеш-последовательность успешно получена
27.03.2021 0:49:20 : Дешифрование пароля успешно завершено
27.03.2021 0:49:21 : System.Exception: System.Exception: Npgsql.PostgresException (0x80004005): 42703: столбец "PathDWG" не существует
   в Npgsql.NpgsqlConnector.<>c__DisplayClass160_0.<<DoReadMessage>g__ReadMessageLong|0>d.MoveNext() в C:\projects\npgsql\src\Npgsql\NpgsqlConnector.cs:строка 942
--- Конец трассировка стека из предыдущего расположения, где возникло исключение ---
   в System.Runtime.ExceptionServices.ExceptionDispatchInfo.Throw()
   в Npgsql.NpgsqlConnector.<>c__DisplayClass160_0.<<DoReadMessage>g__ReadMessageLong|0>d.MoveNext() в C:\projects\npgsql\src\Npgsql\NpgsqlConnector.cs:строка 973
--- Конец трассировка стека из предыдущего расположения, где возникло исключение ---
   в System.Runtime.CompilerServices.TaskAwaiter.ThrowForNonSuccess(Task task)
   в System.Runtime.CompilerServices.TaskAwaiter.HandleNonSuccessAndDebuggerNotification(Task task)
   в System.Threading.Tasks.ValueTask`1.get_Result()
   в Npgsql.NpgsqlDataReader.<NextResult>d__44.MoveNext() в C:\projects\npgsql\src\Npgsql\NpgsqlDataReader.cs:строка 422
--- Конец трассировка стека из предыдущего расположения, где возникло исключение ---
   в System.Runtime.CompilerServices.TaskAwaiter.ThrowForNonSuccess(Task task)
   в System.Runtime.CompilerServices.TaskAwaiter.HandleNonSuccessAndDebuggerNotification(Task task)
   в Npgsql.NpgsqlDataReader.NextResult() в C:\projects\npgsql\src\Npgsql\NpgsqlDataReader.cs:строка 306
   в Npgsql.NpgsqlCommand.<ExecuteReaderAsync>d__102.MoveNext() в C:\projects\npgsql\src\Npgsql\NpgsqlCommand.cs:строка 1189
--- Конец трассировка стека из предыдущего расположения, где возникло исключение ---
   в System.Runtime.CompilerServices.TaskAwaiter.ThrowForNonSuccess(Task task)
   в System.Runtime.CompilerServices.TaskAwaiter.HandleNonSuccessAndDebuggerNotification(Task task)
   в Npgsql.NpgsqlCommand.ExecuteReader(CommandBehavior behavior) в C:\projects\npgsql\src\Npgsql\NpgsqlCommand.cs:строка 1059
   в Npgsql.NpgsqlCommand.ExecuteReader() в C:\projects\npgsql\src\Npgsql\NpgsqlCommand.cs:строка 1050
   в SZMK.Desktop.Services.Request.GetAllPathDetails() в C:\Users\thedr\Desktop\Works\SZMK\SZMK-Software-Package\SZMK.Desktop\Services\Request.cs:строка 1894
  Exception data:
    Severity: ОШИБКА
    SqlState: 42703
    MessageText: столбец "PathDWG" не существует
    Hint: Возможно, предполагалась ссылка на столбец "PathDetails.Path".
    Position: 27
    File: d:\pginstaller_12.auto\postgres.windows-x64\src\backend\parser\parse_relation.c
    Line: 3359
    Routine: errorMissingColumn
   в SZMK.Desktop.Services.Request.GetAllPathDetails() в C:\Users\thedr\Desktop\Works\SZMK\SZMK-Software-Package\SZMK.Desktop\Services\Request.cs:строка 1909
   в SZMK.Desktop.Services.Request.GetAllOrders() в C:\Users\thedr\Desktop\Works\SZMK\SZMK-Software-Package\SZMK.Desktop\Services\Request.cs:строка 1063 ---> System.Exception: System.Exception: Npgsql.PostgresException (0x80004005): 42703: столбец "PathDWG" не существует
   в Npgsql.NpgsqlConnector.<>c__DisplayClass160_0.<<DoReadMessage>g__ReadMessageLong|0>d.MoveNext() в C:\projects\npgsql\src\Npgsql\NpgsqlConnector.cs:строка 942
--- Конец трассировка стека из предыдущего расположения, где возникло исключение ---
   в System.Runtime.ExceptionServices.ExceptionDispatchInfo.Throw()
   в Npgsql.NpgsqlConnector.<>c__DisplayClass160_0.<<DoReadMessage>g__ReadMessageLong|0>d.MoveNext() в C:\projects\npgsql\src\Npgsql\NpgsqlConnector.cs:строка 973
--- Конец трассировка стека из предыдущего расположения, где возникло исключение ---
   в System.Runtime.CompilerServices.TaskAwaiter.ThrowForNonSuccess(Task task)
   в System.Runtime.CompilerServices.TaskAwaiter.HandleNonSuccessAndDebuggerNotification(Task task)
   в System.Threading.Tasks.ValueTask`1.get_Result()
   в Npgsql.NpgsqlDataReader.<NextResult>d__44.MoveNext() в C:\projects\npgsql\src\Npgsql\NpgsqlDataReader.cs:строка 422
--- Конец трассировка стека из предыдущего расположения, где возникло исключение ---
   в System.Runtime.CompilerServices.TaskAwaiter.ThrowForNonSuccess(Task task)
   в System.Runtime.CompilerServices.TaskAwaiter.HandleNonSuccessAndDebuggerNotification(Task task)
   в Npgsql.NpgsqlDataReader.NextResult() в C:\projects\npgsql\src\Npgsql\NpgsqlDataReader.cs:строка 306
   в Npgsql.NpgsqlCommand.<ExecuteReaderAsync>d__102.MoveNext() в C:\projects\npgsql\src\Npgsql\NpgsqlCommand.cs:строка 1189
--- Конец трассировка стека из предыдущего расположения, где возникло исключение ---
   в System.Runtime.CompilerServices.TaskAwaiter.ThrowForNonSuccess(Task task)
   в System.Runtime.CompilerServices.TaskAwaiter.HandleNonSuccessAndDebuggerNotification(Task task)
   в Npgsql.NpgsqlCommand.ExecuteReader(CommandBehavior behavior) в C:\projects\npgsql\src\Npgsql\NpgsqlCommand.cs:строка 1059
   в Npgsql.NpgsqlCommand.ExecuteReader() в C:\projects\npgsql\src\Npgsql\NpgsqlCommand.cs:строка 1050
   в SZMK.Desktop.Services.Request.GetAllPathDetails() в C:\Users\thedr\Desktop\Works\SZMK\SZMK-Software-Package\SZMK.Desktop\Services\Request.cs:строка 1894
  Exception data:
    Severity: ОШИБКА
    SqlState: 42703
    MessageText: столбец "PathDWG" не существует
    Hint: Возможно, предполагалась ссылка на столбец "PathDetails.Path".
    Position: 27
    File: d:\pginstaller_12.auto\postgres.windows-x64\src\backend\parser\parse_relation.c
    Line: 3359
    Routine: errorMissingColumn
   в SZMK.Desktop.Services.Request.GetAllPathDetails() в C:\Users\thedr\Desktop\Works\SZMK\SZMK-Software-Package\SZMK.Desktop\Services\Request.cs:строка 1909
   в SZMK.Desktop.Services.Request.GetAllOrders() в C:\Users\thedr\Desktop\Works\SZMK\SZMK-Software-Package\SZMK.Desktop\Services\Request.cs:строка 1063 ---> System.Exception: System.Exception: Npgsql.PostgresException (0x80004005): 42703: столбец "PathDWG" не существует
   в Npgsql.NpgsqlConnector.<>c__DisplayClass160_0.<<DoReadMessage>g__ReadMessageLong|0>d.MoveNext() в C:\projects\npgsql\src\Npgsql\NpgsqlConnector.cs:строка 942
--- Конец трассировка стека из предыдущего расположения, где возникло исключение ---
   в System.Runtime.ExceptionServices.ExceptionDispatchInfo.Throw()
   в Npgsql.NpgsqlConnector.<>c__DisplayClass160_0.<<DoReadMessage>g__ReadMessageLong|0>d.MoveNext() в C:\projects\npgsql\src\Npgsql\NpgsqlConnector.cs:строка 973
--- Конец трассировка стека из предыдущего расположения, где возникло исключение ---
   в System.Runtime.CompilerServices.TaskAwaiter.ThrowForNonSuccess(Task task)
   в System.Runtime.CompilerServices.TaskAwaiter.HandleNonSuccessAndDebuggerNotification(Task task)
   в System.Threading.Tasks.ValueTask`1.get_Result()
   в Npgsql.NpgsqlDataReader.<NextResult>d__44.MoveNext() в C:\projects\npgsql\src\Npgsql\NpgsqlDataReader.cs:строка 422
--- Конец трассировка стека из предыдущего расположения, где возникло исключение ---
   в System.Runtime.CompilerServices.TaskAwaiter.ThrowForNonSuccess(Task task)
   в System.Runtime.CompilerServices.TaskAwaiter.HandleNonSuccessAndDebuggerNotification(Task task)
   в Npgsql.NpgsqlDataReader.NextResult() в C:\projects\npgsql\src\Npgsql\NpgsqlDataReader.cs:строка 306
   в Npgsql.NpgsqlCommand.<ExecuteReaderAsync>d__102.MoveNext() в C:\projects\npgsql\src\Npgsql\NpgsqlCommand.cs:строка 1189
--- Конец трассировка стека из предыдущего расположения, где возникло исключение ---
   в System.Runtime.CompilerServices.TaskAwaiter.ThrowForNonSuccess(Task task)
   в System.Runtime.CompilerServices.TaskAwaiter.HandleNonSuccessAndDebuggerNotification(Task task)
   в Npgsql.NpgsqlCommand.ExecuteReader(CommandBehavior behavior) в C:\projects\npgsql\src\Npgsql\NpgsqlCommand.cs:строка 1059
   в Npgsql.NpgsqlCommand.ExecuteReader() в C:\projects\npgsql\src\Npgsql\NpgsqlCommand.cs:строка 1050
   в SZMK.Desktop.Services.Request.GetAllPathDetails() в C:\Users\thedr\Desktop\Works\SZMK\SZMK-Software-Package\SZMK.Desktop\Services\Request.cs:строка 1894
  Exception data:
    Severity: ОШИБКА
    SqlState: 42703
    MessageText: столбец "PathDWG" не существует
    Hint: Возможно, предполагалась ссылка на столбец "PathDetails.Path".
    Position: 27
    File: d:\pginstaller_12.auto\postgres.windows-x64\src\backend\parser\parse_relation.c
    Line: 3359
    Routine: errorMissingColumn
   в SZMK.Desktop.Services.Request.GetAllPathDetails() в C:\Users\thedr\Desktop\Works\SZMK\SZMK-Software-Package\SZMK.Desktop\Services\Request.cs:строка 1909
   в SZMK.Desktop.Services.Request.GetAllOrders() в C:\Users\thedr\Desktop\Works\SZMK\SZMK-Software-Package\SZMK.Desktop\Services\Request.cs:строка 1063
   в SZMK.Desktop.Services.Request.GetAllOrders() в C:\Users\thedr\Desktop\Works\SZMK\SZMK-Software-Package\SZMK.Desktop\Services\Request.cs:строка 1108
   в SZMK.Desktop.Services.RequestLinq.GetData() в C:\Users\thedr\Desktop\Works\SZMK\SZMK-Software-Package\SZMK.Desktop\Services\RequestLinq.cs:строка 307
   --- Конец трассировки внутреннего стека исключений ---
   в SZMK.Desktop.Services.RequestLinq.GetData() в C:\Users\thedr\Desktop\Works\SZMK\SZMK-Software-Package\SZMK.Desktop\Services\RequestLinq.cs:строка 313
   в SZMK.Desktop.Services.RequestLinq.GetOrdersUser(INotifyProcess notifier) в C:\Users\thedr\Desktop\Works\SZMK\SZMK-Software-Package\SZMK.Desktop\Services\RequestLinq.cs:строка 75
   --- Конец трассировки внутреннего стека исключений ---
   в SZMK.Desktop.Services.RequestLinq.GetOrdersUser(INotifyProcess notifier) в C:\Users\thedr\Desktop\Works\SZMK\SZMK-Software-Package\SZMK.Desktop\Services\RequestLinq.cs:строка 114
   в SZMK.Desktop.Views.KB.KB_F.GetOrders(Int32 ForViews, ForLongOperations_F Dialog) в C:\Users\thedr\Desktop\Works\SZMK\SZMK-Software-Package\SZMK.Desktop\Views\KB\KB_F.cs:строка 890
   в SZMK.Desktop.Views.KB.KB_F.RefreshOrder(Int32 ForViews, ForLongOperations_F Dialog) в C:\Users\thedr\Desktop\Works\SZMK\SZMK-Software-Package\SZMK.Desktop\Views\KB\KB_F.cs:строка 872
27.03.2021 12:06:02 : Дешифрование пароля успешно завершено
27.03.2021 12:06:09 : Хеш-последовательность успешно получена
27.03.2021 12:06:09 : Хеш-последовательность успешно получена
27.03.2021 12:06:09 : Дешифрование пароля успешно завершено
