21.09.2020 1:48:35 : Дешифрование пароля успешно завершено
21.09.2020 1:48:45 : Хеш-последовательность успешно получена
21.09.2020 1:48:45 : Хеш-последовательность успешно получена
21.09.2020 1:48:45 : Дешифрование пароля успешно завершено
21.09.2020 17:49:28 : Дешифрование пароля успешно завершено
21.09.2020 17:49:35 : Хеш-последовательность успешно получена
21.09.2020 17:49:35 : Хеш-последовательность успешно получена
21.09.2020 17:49:35 : Дешифрование пароля успешно завершено
21.09.2020 17:50:41 : Дешифрование пароля успешно завершено
21.09.2020 17:50:48 : Хеш-последовательность успешно получена
21.09.2020 17:50:48 : Хеш-последовательность успешно получена
21.09.2020 17:50:48 : Дешифрование пароля успешно завершено
21.09.2020 17:51:03 : Дешифрование пароля успешно завершено
21.09.2020 17:51:10 : Хеш-последовательность успешно получена
21.09.2020 17:51:10 : Хеш-последовательность успешно получена
21.09.2020 17:51:10 : Дешифрование пароля успешно завершено
21.09.2020 17:51:14 : System.FormatException: Входная строка имела неверный формат.
   в System.Number.ParseDouble(String value, NumberStyles options, NumberFormatInfo numfmt)
   в System.Convert.ToDouble(String value)
   в SZMK.Desktop.Services.Scan.ParseXML.GetOrders(String FileName, Model Model) в C:\Users\thedr\Desktop\SZMK-Software-Package\SZMK.Desktop\Services\Scan\ParseXML.cs:строка 68
21.09.2020 17:51:48 : Дешифрование пароля успешно завершено
21.09.2020 17:51:54 : Хеш-последовательность успешно получена
21.09.2020 17:51:54 : Хеш-последовательность успешно получена
21.09.2020 17:51:54 : Дешифрование пароля успешно завершено
21.09.2020 17:51:57 : System.FormatException: Входная строка имела неверный формат.
   в System.Number.ParseDouble(String value, NumberStyles options, NumberFormatInfo numfmt)
   в System.Convert.ToDouble(String value)
   в SZMK.Desktop.Services.Scan.ParseXML.GetOrders(String FileName, Model Model) в C:\Users\thedr\Desktop\SZMK-Software-Package\SZMK.Desktop\Services\Scan\ParseXML.cs:строка 68
21.09.2020 17:52:55 : System.FormatException: Входная строка имела неверный формат.
   в System.Number.ParseDouble(String value, NumberStyles options, NumberFormatInfo numfmt)
   в System.Convert.ToDouble(String value)
   в SZMK.Desktop.Services.Scan.ParseXML.GetOrders(String FileName, Model Model) в C:\Users\thedr\Desktop\SZMK-Software-Package\SZMK.Desktop\Services\Scan\ParseXML.cs:строка 68
