23.05.2021 13:11:38 : Дешифрование пароля успешно завершено
23.05.2021 13:12:04 : Дешифрование пароля успешно завершено
23.05.2021 13:12:11 : Хеш-последовательность успешно получена
23.05.2021 13:12:11 : Хеш-последовательность успешно получена
23.05.2021 13:12:11 : Дешифрование пароля успешно завершено
23.05.2021 19:42:41 : Дешифрование пароля успешно завершено
23.05.2021 19:42:50 : Хеш-последовательность успешно получена
23.05.2021 19:42:50 : Хеш-последовательность успешно получена
23.05.2021 19:42:50 : Дешифрование пароля успешно завершено
23.05.2021 19:43:40 : Дешифрование пароля успешно завершено
23.05.2021 19:43:48 : Хеш-последовательность успешно получена
23.05.2021 19:43:48 : Хеш-последовательность успешно получена
23.05.2021 19:43:48 : Дешифрование пароля успешно завершено
23.05.2021 19:55:18 : Дешифрование пароля успешно завершено
23.05.2021 19:55:27 : Хеш-последовательность успешно получена
23.05.2021 19:55:27 : Хеш-последовательность успешно получена
23.05.2021 19:55:28 : Дешифрование пароля успешно завершено
23.05.2021 19:55:34 : Дешифрование пароля успешно завершено
23.05.2021 19:55:40 : Хеш-последовательность успешно получена
23.05.2021 19:55:40 : Хеш-последовательность успешно получена
23.05.2021 19:55:40 : Дешифрование пароля успешно завершено
23.05.2021 19:57:26 : Дешифрование пароля успешно завершено
23.05.2021 19:58:15 : Хеш-последовательность успешно получена
23.05.2021 19:58:15 : Хеш-последовательность успешно получена
23.05.2021 19:58:15 : Дешифрование пароля успешно завершено
23.05.2021 19:58:58 : Дешифрование пароля успешно завершено
23.05.2021 19:59:03 : Хеш-последовательность успешно получена
23.05.2021 19:59:03 : Хеш-последовательность успешно получена
23.05.2021 19:59:04 : Дешифрование пароля успешно завершено
23.05.2021 20:00:29 : Дешифрование пароля успешно завершено
23.05.2021 20:00:35 : Хеш-последовательность успешно получена
23.05.2021 20:00:35 : Хеш-последовательность успешно получена
23.05.2021 20:00:35 : Дешифрование пароля успешно завершено
23.05.2021 20:03:08 : Дешифрование пароля успешно завершено
23.05.2021 20:03:14 : Хеш-последовательность успешно получена
23.05.2021 20:03:14 : Хеш-последовательность успешно получена
23.05.2021 20:03:14 : Дешифрование пароля успешно завершено
23.05.2021 20:03:49 : Дешифрование пароля успешно завершено
23.05.2021 20:03:54 : Хеш-последовательность успешно получена
23.05.2021 20:03:54 : Хеш-последовательность успешно получена
23.05.2021 20:03:54 : Дешифрование пароля успешно завершено
23.05.2021 20:36:21 : Дешифрование пароля успешно завершено
23.05.2021 20:36:27 : Хеш-последовательность успешно получена
23.05.2021 20:36:27 : Хеш-последовательность успешно получена
23.05.2021 20:36:27 : Дешифрование пароля успешно завершено
23.05.2021 20:36:48 : System.ArgumentOutOfRangeException: Индекс за пределами диапазона. Индекс должен быть положительным числом, а его размер не должен превышать размер коллекции.
Имя параметра: index
   в System.ThrowHelper.ThrowArgumentOutOfRangeException(ExceptionArgument argument, ExceptionResource resource)
   в System.Collections.Generic.List`1.get_Item(Int32 index)
   в SZMK.Desktop.Services.Setting.SelectedColumn.get_Item(Int32 Index) в C:\Users\thedr\Desktop\Works\SZMK\SZMK-Software-Package\SZMK.Desktop\Services\Setting\SelectedColumn.cs:строка 35
   в SZMK.Desktop.Views.Arhive.AR_Arhive_F.SelectedColumn_TSM_Click(Object sender, EventArgs e) в C:\Users\thedr\Desktop\Works\SZMK\SZMK-Software-Package\SZMK.Desktop\Views\Arhive\AR_Arhive_F.cs:строка 1226
23.05.2021 20:36:52 : System.ArgumentOutOfRangeException: Индекс за пределами диапазона. Индекс должен быть положительным числом, а его размер не должен превышать размер коллекции.
Имя параметра: index
   в System.ThrowHelper.ThrowArgumentOutOfRangeException(ExceptionArgument argument, ExceptionResource resource)
   в System.Collections.Generic.List`1.get_Item(Int32 index)
   в SZMK.Desktop.Services.Setting.SelectedColumn.get_Item(Int32 Index) в C:\Users\thedr\Desktop\Works\SZMK\SZMK-Software-Package\SZMK.Desktop\Services\Setting\SelectedColumn.cs:строка 35
   в SZMK.Desktop.Views.Arhive.AR_Arhive_F.SelectedColumn_TSM_Click(Object sender, EventArgs e) в C:\Users\thedr\Desktop\Works\SZMK\SZMK-Software-Package\SZMK.Desktop\Views\Arhive\AR_Arhive_F.cs:строка 1226
23.05.2021 20:36:54 : System.ArgumentOutOfRangeException: Индекс за пределами диапазона. Индекс должен быть положительным числом, а его размер не должен превышать размер коллекции.
Имя параметра: index
   в System.ThrowHelper.ThrowArgumentOutOfRangeException(ExceptionArgument argument, ExceptionResource resource)
   в System.Collections.Generic.List`1.get_Item(Int32 index)
   в SZMK.Desktop.Services.Setting.SelectedColumn.get_Item(Int32 Index) в C:\Users\thedr\Desktop\Works\SZMK\SZMK-Software-Package\SZMK.Desktop\Services\Setting\SelectedColumn.cs:строка 35
   в SZMK.Desktop.Views.Arhive.AR_Arhive_F.SelectedColumn_TSM_Click(Object sender, EventArgs e) в C:\Users\thedr\Desktop\Works\SZMK\SZMK-Software-Package\SZMK.Desktop\Views\Arhive\AR_Arhive_F.cs:строка 1226
23.05.2021 20:37:00 : Дешифрование пароля успешно завершено
23.05.2021 20:37:09 : Хеш-последовательность успешно получена
23.05.2021 20:37:09 : Хеш-последовательность успешно получена
23.05.2021 20:37:09 : Дешифрование пароля успешно завершено
23.05.2021 20:37:14 : System.ArgumentOutOfRangeException: Индекс за пределами диапазона. Индекс должен быть положительным числом, а его размер не должен превышать размер коллекции.
Имя параметра: index
   в System.ThrowHelper.ThrowArgumentOutOfRangeException(ExceptionArgument argument, ExceptionResource resource)
   в System.Collections.Generic.List`1.get_Item(Int32 index)
   в SZMK.Desktop.Services.Setting.SelectedColumn.get_Item(Int32 Index) в C:\Users\thedr\Desktop\Works\SZMK\SZMK-Software-Package\SZMK.Desktop\Services\Setting\SelectedColumn.cs:строка 35
   в SZMK.Desktop.Views.Arhive.AR_Arhive_F.SelectedColumn_TSM_Click(Object sender, EventArgs e) в C:\Users\thedr\Desktop\Works\SZMK\SZMK-Software-Package\SZMK.Desktop\Views\Arhive\AR_Arhive_F.cs:строка 1226
23.05.2021 20:37:55 : Дешифрование пароля успешно завершено
23.05.2021 20:38:04 : Хеш-последовательность успешно получена
23.05.2021 20:38:04 : Хеш-последовательность успешно получена
23.05.2021 20:38:04 : Дешифрование пароля успешно завершено
23.05.2021 20:39:11 : Дешифрование пароля успешно завершено
23.05.2021 20:39:33 : Дешифрование пароля успешно завершено
23.05.2021 20:39:38 : Хеш-последовательность успешно получена
23.05.2021 20:39:38 : Хеш-последовательность успешно получена
23.05.2021 20:39:38 : Дешифрование пароля успешно завершено
23.05.2021 20:40:05 : Дешифрование пароля успешно завершено
23.05.2021 20:40:15 : Хеш-последовательность успешно получена
23.05.2021 20:40:15 : Хеш-последовательность успешно получена
23.05.2021 20:40:16 : Дешифрование пароля успешно завершено
23.05.2021 20:41:54 : Дешифрование пароля успешно завершено
23.05.2021 20:42:00 : Хеш-последовательность успешно получена
23.05.2021 20:42:00 : Хеш-последовательность успешно получена
23.05.2021 20:42:00 : Дешифрование пароля успешно завершено
23.05.2021 20:42:10 : Дешифрование пароля успешно завершено
23.05.2021 20:42:16 : Хеш-последовательность успешно получена
23.05.2021 20:42:16 : Хеш-последовательность успешно получена
23.05.2021 20:42:16 : Дешифрование пароля успешно завершено
23.05.2021 20:42:23 : Дешифрование пароля успешно завершено
23.05.2021 20:42:30 : Хеш-последовательность успешно получена
23.05.2021 20:42:30 : Хеш-последовательность успешно получена
23.05.2021 20:42:30 : Дешифрование пароля успешно завершено
23.05.2021 20:43:38 : Дешифрование пароля успешно завершено
23.05.2021 20:44:09 : Дешифрование пароля успешно завершено
23.05.2021 20:44:15 : Хеш-последовательность успешно получена
23.05.2021 20:44:15 : Хеш-последовательность успешно получена
23.05.2021 20:44:15 : Дешифрование пароля успешно завершено
23.05.2021 20:44:31 : Дешифрование пароля успешно завершено
23.05.2021 20:44:39 : Хеш-последовательность успешно получена
23.05.2021 20:44:39 : Хеш-последовательность успешно получена
23.05.2021 20:44:39 : Дешифрование пароля успешно завершено
23.05.2021 20:45:53 : Дешифрование пароля успешно завершено
23.05.2021 20:45:59 : Хеш-последовательность успешно получена
23.05.2021 20:45:59 : Хеш-последовательность успешно получена
23.05.2021 20:45:59 : Дешифрование пароля успешно завершено
23.05.2021 20:54:16 : Дешифрование пароля успешно завершено
23.05.2021 20:54:21 : Хеш-последовательность успешно получена
23.05.2021 20:54:21 : Хеш-последовательность успешно получена
23.05.2021 20:54:21 : Дешифрование пароля успешно завершено
23.05.2021 21:06:50 : Дешифрование пароля успешно завершено
23.05.2021 21:06:55 : Хеш-последовательность успешно получена
23.05.2021 21:06:55 : Хеш-последовательность успешно получена
23.05.2021 21:08:53 : Дешифрование пароля успешно завершено
23.05.2021 21:08:58 : Хеш-последовательность успешно получена
23.05.2021 21:08:58 : Хеш-последовательность успешно получена
23.05.2021 21:14:17 : Дешифрование пароля успешно завершено
23.05.2021 21:14:24 : Хеш-последовательность успешно получена
23.05.2021 21:14:24 : Хеш-последовательность успешно получена
23.05.2021 21:14:24 : Дешифрование пароля успешно завершено
23.05.2021 21:14:50 : Дешифрование пароля успешно завершено
23.05.2021 21:14:57 : Хеш-последовательность успешно получена
23.05.2021 21:14:57 : Хеш-последовательность успешно получена
23.05.2021 21:14:57 : Дешифрование пароля успешно завершено
23.05.2021 21:15:21 : Дешифрование пароля успешно завершено
23.05.2021 21:15:30 : Хеш-последовательность успешно получена
23.05.2021 21:15:30 : Хеш-последовательность успешно получена
23.05.2021 21:15:30 : Дешифрование пароля успешно завершено
23.05.2021 21:19:09 : Дешифрование пароля успешно завершено
23.05.2021 21:19:14 : Хеш-последовательность успешно получена
23.05.2021 21:19:14 : Хеш-последовательность успешно получена
23.05.2021 21:19:14 : Дешифрование пароля успешно завершено
23.05.2021 21:22:45 : Дешифрование пароля успешно завершено
23.05.2021 21:22:50 : Хеш-последовательность успешно получена
23.05.2021 21:22:50 : Хеш-последовательность успешно получена
23.05.2021 21:22:50 : Дешифрование пароля успешно завершено
23.05.2021 21:26:29 : Дешифрование пароля успешно завершено
23.05.2021 21:26:36 : Хеш-последовательность успешно получена
23.05.2021 21:26:36 : Хеш-последовательность успешно получена
23.05.2021 21:30:36 : Дешифрование пароля успешно завершено
23.05.2021 21:30:42 : Хеш-последовательность успешно получена
23.05.2021 21:30:42 : Хеш-последовательность успешно получена
23.05.2021 21:37:10 : Дешифрование пароля успешно завершено
23.05.2021 21:37:18 : Хеш-последовательность успешно получена
23.05.2021 21:37:20 : Хеш-последовательность успешно получена
23.05.2021 21:37:20 : Хеш-последовательность успешно получена
23.05.2021 21:37:20 : Дешифрование пароля успешно завершено
23.05.2021 21:38:35 : Дешифрование пароля успешно завершено
23.05.2021 21:38:41 : Хеш-последовательность успешно получена
23.05.2021 21:38:41 : Хеш-последовательность успешно получена
23.05.2021 21:40:25 : Дешифрование пароля успешно завершено
23.05.2021 21:40:32 : Хеш-последовательность успешно получена
23.05.2021 21:40:32 : Хеш-последовательность успешно получена
23.05.2021 21:44:20 : Дешифрование пароля успешно завершено
23.05.2021 21:44:27 : Хеш-последовательность успешно получена
23.05.2021 21:44:27 : Хеш-последовательность успешно получена
23.05.2021 21:45:22 : Дешифрование пароля успешно завершено
23.05.2021 21:45:29 : Хеш-последовательность успешно получена
23.05.2021 21:45:29 : Хеш-последовательность успешно получена
23.05.2021 21:46:07 : Дешифрование пароля успешно завершено
23.05.2021 21:46:12 : Хеш-последовательность успешно получена
23.05.2021 21:46:12 : Хеш-последовательность успешно получена
23.05.2021 21:48:10 : Дешифрование пароля успешно завершено
23.05.2021 21:48:16 : Хеш-последовательность успешно получена
23.05.2021 21:48:16 : Хеш-последовательность успешно получена
23.05.2021 21:48:16 : Дешифрование пароля успешно завершено
23.05.2021 21:48:26 : Дешифрование пароля успешно завершено
23.05.2021 21:48:34 : Хеш-последовательность успешно получена
23.05.2021 21:48:34 : Хеш-последовательность успешно получена
23.05.2021 21:48:34 : Дешифрование пароля успешно завершено
23.05.2021 21:48:42 : Дешифрование пароля успешно завершено
23.05.2021 21:48:50 : Хеш-последовательность успешно получена
23.05.2021 21:48:50 : Хеш-последовательность успешно получена
23.05.2021 21:49:17 : Дешифрование пароля успешно завершено
23.05.2021 21:49:23 : Хеш-последовательность успешно получена
23.05.2021 21:49:23 : Хеш-последовательность успешно получена
23.05.2021 21:49:24 : Дешифрование пароля успешно завершено
23.05.2021 21:49:34 : Дешифрование пароля успешно завершено
23.05.2021 21:49:47 : Хеш-последовательность успешно получена
23.05.2021 21:49:47 : Хеш-последовательность успешно получена
23.05.2021 21:49:47 : Дешифрование пароля успешно завершено
23.05.2021 21:49:55 : Дешифрование пароля успешно завершено
23.05.2021 21:49:59 : Хеш-последовательность успешно получена
23.05.2021 21:49:59 : Хеш-последовательность успешно получена
23.05.2021 21:49:59 : Дешифрование пароля успешно завершено
