01.10.2020 12:48:27 : Дешифрование пароля успешно завершено
01.10.2020 12:48:34 : Хеш-последовательность успешно получена
01.10.2020 12:48:34 : Хеш-последовательность успешно получена
01.10.2020 12:48:34 : Дешифрование пароля успешно завершено
01.10.2020 12:49:28 : Дешифрование пароля успешно завершено
01.10.2020 12:49:36 : Хеш-последовательность успешно получена
01.10.2020 12:49:36 : Хеш-последовательность успешно получена
01.10.2020 12:49:36 : Дешифрование пароля успешно завершено
01.10.2020 12:49:41 : System.InvalidCastException: Can't cast database type character varying to Double
   в Npgsql.NpgsqlDataReader.GetFieldValue[T](Int32 ordinal) в C:\projects\npgsql\src\Npgsql\NpgsqlDataReader.cs:строка 1357
   в Npgsql.NpgsqlDataReader.GetDouble(Int32 ordinal) в C:\projects\npgsql\src\Npgsql\NpgsqlDataReader.cs:строка 917
   в SZMK.Desktop.Services.Request.GetDetails(Int64 IDOrder) в C:\Users\thedr\Desktop\SZMK-Software-Package\SZMK.Desktop\Services\Request.cs:строка 1659
01.10.2020 12:49:41 : System.Exception: System.InvalidCastException: Can't cast database type character varying to Double
   в Npgsql.NpgsqlDataReader.GetFieldValue[T](Int32 ordinal) в C:\projects\npgsql\src\Npgsql\NpgsqlDataReader.cs:строка 1357
   в Npgsql.NpgsqlDataReader.GetDouble(Int32 ordinal) в C:\projects\npgsql\src\Npgsql\NpgsqlDataReader.cs:строка 917
   в SZMK.Desktop.Services.Request.GetDetails(Int64 IDOrder) в C:\Users\thedr\Desktop\SZMK-Software-Package\SZMK.Desktop\Services\Request.cs:строка 1659
   в SZMK.Desktop.Services.Request.GetDetails(Int64 IDOrder) в C:\Users\thedr\Desktop\SZMK-Software-Package\SZMK.Desktop\Services\Request.cs:строка 1671
   в SZMK.Desktop.Services.Excel.ReportSteelOfDate(List`1 Report, String FileName) в C:\Users\thedr\Desktop\SZMK-Software-Package\SZMK.Desktop\Services\Excel.cs:строка 672
01.10.2020 12:59:59 : Дешифрование пароля успешно завершено
01.10.2020 13:19:21 : Дешифрование пароля успешно завершено
01.10.2020 13:19:26 : Хеш-последовательность успешно получена
01.10.2020 13:19:26 : Хеш-последовательность успешно получена
01.10.2020 13:19:26 : Дешифрование пароля успешно завершено
01.10.2020 20:49:22 : Дешифрование пароля успешно завершено
01.10.2020 20:49:28 : Хеш-последовательность успешно получена
01.10.2020 20:49:28 : Хеш-последовательность успешно получена
01.10.2020 20:49:28 : Дешифрование пароля успешно завершено
