[2021-02-27 10:35:37.0832] [INFO] Инициализация успешна
[2021-02-27 10:35:37.1699] [INFO] Инициализация котроллера взаимодействия с Tekla успешна
[2021-02-27 10:35:37.2278] [INFO] Проверка количества процессов прошла успешно
[2021-02-27 10:35:38.0058] [INFO] Получение пользователей успешно
[2021-02-27 10:35:38.0147] [INFO] Выгрузка пользователей успешна
[2021-02-27 10:35:38.0147] [INFO] Запущена авторизация пользователя
[2021-02-27 10:35:38.0147] [INFO] Авторизация прошла успешно
[2021-02-27 10:35:38.0407] [INFO] Успешная остановка слушания процессов Tekla 2018
[2021-02-27 10:35:38.0497] [INFO] Успешная остановка слушания процессов Tekla 2017
[2021-02-27 10:35:38.0497] [INFO] Успешная остановка слушания процессов Tekla 21.1
[2021-02-27 10:35:38.0666] [INFO] Успешная остановка слушания процессов Tekla 2018i
[2021-02-27 10:35:38.0866] [INFO] Слушание процессов Tekla 2018 начато
[2021-02-27 10:35:38.0866] [INFO] Слушание процессов Tekla 2017 начато
[2021-02-27 10:35:38.0985] [INFO] Слушание процессов Tekla 21.1 начато
[2021-02-27 10:35:38.0985] [INFO] Слушание процессов Tekla 2018i начато
[2021-02-27 10:35:38.1185] [INFO] Программа успешно запущена
[2021-02-27 10:35:45.6494] [INFO] Основная копия Tekla 21.1 открыта
[2021-02-27 10:35:45.8678] [INFO] Выполенен перезапуск взаимодействия с Tekla 21.1
[2021-02-27 10:45:55.5731] [INFO] Tekla_Interaction закрыта
[2021-02-27 10:45:55.5810] [INFO] Успешная остановка слушания процессов Tekla 2018
[2021-02-27 10:45:55.5810] [INFO] Успешная остановка слушания процессов Tekla 2018i
[2021-02-27 10:45:55.5980] [INFO] Успешная остановка слушания процессов Tekla 21.1
[2021-02-27 10:45:55.5980] [INFO] Успешная остановка слушания процессов Tekla 2017
[2021-02-27 10:58:05.1067] [INFO] Инициализация успешна
[2021-02-27 10:58:05.1506] [INFO] Инициализация котроллера взаимодействия с Tekla успешна
[2021-02-27 10:58:05.2014] [INFO] Проверка количества процессов прошла успешно
[2021-02-27 10:58:05.7938] [INFO] Получение пользователей успешно
[2021-02-27 10:58:05.7998] [INFO] Выгрузка пользователей успешна
[2021-02-27 10:58:05.7998] [INFO] Запущена авторизация пользователя
[2021-02-27 10:58:05.8128] [INFO] Авторизация прошла успешно
[2021-02-27 10:58:05.8128] [INFO] Успешная остановка слушания процессов Tekla 2018
[2021-02-27 10:58:05.8358] [INFO] Успешная остановка слушания процессов Tekla 2017
[2021-02-27 10:58:05.8437] [INFO] Успешная остановка слушания процессов Tekla 21.1
[2021-02-27 10:58:05.8437] [INFO] Успешная остановка слушания процессов Tekla 2018i
[2021-02-27 10:58:05.8976] [INFO] Слушание процессов Tekla 2018 начато
[2021-02-27 10:58:05.9066] [INFO] Слушание процессов Tekla 2017 начато
[2021-02-27 10:58:05.9265] [INFO] Слушание процессов Tekla 21.1 начато
[2021-02-27 10:58:05.9265] [INFO] Слушание процессов Tekla 2018i начато
[2021-02-27 10:58:05.9474] [INFO] Программа успешно запущена
[2021-02-27 10:58:06.0271] [INFO] Выполенен перезапуск взаимодействия с Tekla 21.1
[2021-02-27 11:21:32.4597] [INFO] Tekla_Interaction развернута из трея
[2021-02-27 11:21:35.8601] [INFO] Tekla_Interaction свернута в трей
[2021-02-27 11:23:23.0525] [INFO] Tekla_Interaction развернута из трея
[2021-02-27 11:23:26.3359] [INFO] Tekla_Interaction свернута в трей
[2021-02-27 11:26:52.7764] [INFO] Все копии Tekla 21.1 закрыты
[2021-02-27 11:26:52.8063] [INFO] Выполенен перезапуск взаимодействия с Tekla 21.1
[2021-02-27 15:00:58.0460] [INFO] Основная копия Tekla 21.1 открыта
[2021-02-27 15:00:58.1238] [INFO] Выполенен перезапуск взаимодействия с Tekla 21.1
[2021-02-27 15:03:16.4677] [INFO] Инициализация успешна
[2021-02-27 15:03:16.5165] [INFO] Инициализация котроллера взаимодействия с Tekla успешна
[2021-02-27 15:03:16.5694] [INFO] Проверка количества процессов прошла успешно
[2021-02-27 15:03:17.3078] [INFO] Получение пользователей успешно
[2021-02-27 15:03:17.3148] [INFO] Выгрузка пользователей успешна
[2021-02-27 15:03:17.3148] [INFO] Запущена авторизация пользователя
[2021-02-27 15:03:17.3277] [INFO] Авторизация прошла успешно
[2021-02-27 15:03:17.3277] [INFO] Успешная остановка слушания процессов Tekla 2018
[2021-02-27 15:03:17.3527] [INFO] Успешная остановка слушания процессов Tekla 2017
[2021-02-27 15:03:17.3736] [INFO] Успешная остановка слушания процессов Tekla 21.1
[2021-02-27 15:03:17.3836] [INFO] Успешная остановка слушания процессов Tekla 2018i
[2021-02-27 15:03:17.3916] [INFO] Слушание процессов Tekla 2018 начато
[2021-02-27 15:03:17.3916] [INFO] Слушание процессов Tekla 2017 начато
[2021-02-27 15:03:17.4115] [INFO] Слушание процессов Tekla 21.1 начато
[2021-02-27 15:03:17.4115] [INFO] Слушание процессов Tekla 2018i начато
[2021-02-27 15:03:17.4265] [INFO] Программа успешно запущена
[2021-02-27 15:03:17.4893] [INFO] Выполенен перезапуск взаимодействия с Tekla 21.1
[2021-02-27 15:08:34.2467] [INFO] Все копии Tekla 21.1 закрыты
[2021-02-27 15:08:34.2926] [INFO] Выполенен перезапуск взаимодействия с Tekla 21.1
[2021-02-27 15:08:35.6043] [INFO] Все копии Tekla 21.1 закрыты
[2021-02-27 15:08:35.6861] [INFO] Выполенен перезапуск взаимодействия с Tekla 21.1
[2021-02-27 15:08:40.4764] [INFO] Tekla_Interaction закрыта
[2021-02-27 15:08:40.4874] [INFO] Успешная остановка слушания процессов Tekla 2018
[2021-02-27 15:08:40.4874] [INFO] Успешная остановка слушания процессов Tekla 2018i
[2021-02-27 15:08:40.5163] [INFO] Успешная остановка слушания процессов Tekla 21.1
[2021-02-27 15:08:40.5163] [INFO] Успешная остановка слушания процессов Tekla 2017
[2021-02-27 15:08:41.6880] [INFO] Tekla_Interaction закрыта
[2021-02-27 15:08:41.6880] [INFO] Успешная остановка слушания процессов Tekla 2018
[2021-02-27 15:08:41.7050] [INFO] Успешная остановка слушания процессов Tekla 2018i
[2021-02-27 15:08:41.7050] [INFO] Успешная остановка слушания процессов Tekla 21.1
[2021-02-27 15:08:41.7229] [INFO] Успешная остановка слушания процессов Tekla 2017
