[2021-04-09 03:05:25.2966] [INFO] Инициализация успешна
[2021-04-09 03:05:25.3385] [INFO] Инициализация котроллера взаимодействия с Tekla успешна
[2021-04-09 03:05:25.3798] [INFO] Проверка количества процессов прошла успешно
[2021-04-09 03:05:25.9667] [INFO] Получение пользователей успешно
[2021-04-09 03:05:25.9667] [INFO] Выгрузка пользователей успешна
[2021-04-09 03:05:25.9667] [INFO] Запущена авторизация пользователя
[2021-04-09 03:05:25.9836] [INFO] Авторизация прошла успешно
[2021-04-09 03:05:25.9836] [INFO] Успешная остановка слушания процессов Tekla 2018
[2021-04-09 03:05:26.0035] [INFO] Успешная остановка слушания процессов Tekla 2017
[2021-04-09 03:05:26.0335] [INFO] Успешная остановка слушания процессов Tekla 21.1
[2021-04-09 03:05:26.0424] [INFO] Успешная остановка слушания процессов Tekla 2018i
[2021-04-09 03:05:26.0424] [INFO] Слушание процессов Tekla 2018 начато
[2021-04-09 03:05:26.0614] [INFO] Слушание процессов Tekla 2017 начато
[2021-04-09 03:05:26.0614] [INFO] Слушание процессов Tekla 21.1 начато
[2021-04-09 03:05:26.0803] [INFO] Слушание процессов Tekla 2018i начато
[2021-04-09 03:05:26.0803] [INFO] Программа успешно запущена
[2021-04-09 03:05:26.1461] [INFO] Выполенен перезапуск взаимодействия с Tekla 21.1
[2021-04-09 03:07:34.0704] [INFO] Tekla_Interaction закрыта
[2021-04-09 03:07:34.0784] [INFO] Успешная остановка слушания процессов Tekla 2018
[2021-04-09 03:07:34.0784] [INFO] Успешная остановка слушания процессов Tekla 2018i
[2021-04-09 03:07:34.0953] [INFO] Успешная остановка слушания процессов Tekla 21.1
[2021-04-09 03:07:34.1053] [INFO] Успешная остановка слушания процессов Tekla 2017
[2021-04-09 19:00:32.6693] [INFO] Инициализация успешна
[2021-04-09 19:00:32.7251] [INFO] Инициализация котроллера взаимодействия с Tekla успешна
[2021-04-09 19:00:32.7612] [INFO] Проверка количества процессов прошла успешно
[2021-04-09 19:00:33.5421] [INFO] Получение пользователей успешно
[2021-04-09 19:00:33.5581] [INFO] Выгрузка пользователей успешна
[2021-04-09 19:00:33.5581] [INFO] Запущена авторизация пользователя
[2021-04-09 19:00:33.5581] [INFO] Авторизация прошла успешно
[2021-04-09 19:00:33.5820] [INFO] Успешная остановка слушания процессов Tekla 2018
[2021-04-09 19:00:33.5910] [INFO] Успешная остановка слушания процессов Tekla 2017
[2021-04-09 19:00:33.6110] [INFO] Успешная остановка слушания процессов Tekla 21.1
[2021-04-09 19:00:33.6110] [INFO] Успешная остановка слушания процессов Tekla 2018i
[2021-04-09 19:00:33.6261] [INFO] Слушание процессов Tekla 2018 начато
[2021-04-09 19:00:33.6261] [INFO] Слушание процессов Tekla 2017 начато
[2021-04-09 19:00:33.6400] [INFO] Слушание процессов Tekla 21.1 начато
[2021-04-09 19:00:33.6400] [INFO] Слушание процессов Tekla 2018i начато
[2021-04-09 19:00:33.6540] [INFO] Программа успешно запущена
[2021-04-09 19:00:41.1927] [INFO] Основная копия Tekla 21.1 открыта
[2021-04-09 19:00:41.2635] [INFO] Выполенен перезапуск взаимодействия с Tekla 21.1
[2021-04-09 19:05:42.3404] [INFO] Tekla_Interaction закрыта
[2021-04-09 19:05:42.3404] [INFO] Успешная остановка слушания процессов Tekla 2018
[2021-04-09 19:05:42.3564] [INFO] Успешная остановка слушания процессов Tekla 2018i
[2021-04-09 19:05:42.3564] [INFO] Успешная остановка слушания процессов Tekla 21.1
[2021-04-09 19:05:42.3734] [INFO] Успешная остановка слушания процессов Tekla 2017
[2021-04-09 19:06:51.2447] [INFO] Инициализация успешна
[2021-04-09 19:06:51.2874] [INFO] Инициализация котроллера взаимодействия с Tekla успешна
[2021-04-09 19:06:51.3207] [INFO] Проверка количества процессов прошла успешно
[2021-04-09 19:06:52.0454] [INFO] Получение пользователей успешно
[2021-04-09 19:06:52.0454] [INFO] Выгрузка пользователей успешна
[2021-04-09 19:06:52.0569] [INFO] Запущена авторизация пользователя
[2021-04-09 19:06:52.0569] [INFO] Авторизация прошла успешно
[2021-04-09 19:06:52.0723] [INFO] Успешная остановка слушания процессов Tekla 2018
[2021-04-09 19:06:52.0723] [INFO] Успешная остановка слушания процессов Tekla 2017
[2021-04-09 19:06:52.0922] [INFO] Успешная остановка слушания процессов Tekla 21.1
[2021-04-09 19:06:52.0922] [INFO] Успешная остановка слушания процессов Tekla 2018i
[2021-04-09 19:06:52.1080] [INFO] Слушание процессов Tekla 2018 начато
[2021-04-09 19:06:52.1080] [INFO] Слушание процессов Tekla 2017 начато
[2021-04-09 19:06:52.1200] [INFO] Слушание процессов Tekla 21.1 начато
[2021-04-09 19:06:52.1200] [INFO] Слушание процессов Tekla 2018i начато
[2021-04-09 19:06:52.1359] [INFO] Программа успешно запущена
[2021-04-09 19:06:52.2708] [INFO] Выполенен перезапуск взаимодействия с Tekla 21.1
[2021-04-09 21:45:11.5241] [INFO] Все копии Tekla 21.1 закрыты
[2021-04-09 21:45:11.6921] [INFO] Выполенен перезапуск взаимодействия с Tekla 21.1
[2021-04-09 22:18:08.3694] [INFO] Tekla_Interaction закрыта
[2021-04-09 22:18:08.3784] [INFO] Успешная остановка слушания процессов Tekla 2018
[2021-04-09 22:18:08.3904] [INFO] Успешная остановка слушания процессов Tekla 2018i
[2021-04-09 22:18:08.4103] [INFO] Успешная остановка слушания процессов Tekla 21.1
[2021-04-09 22:18:08.4253] [INFO] Успешная остановка слушания процессов Tekla 2017
