[2021-04-08 09:35:10.1786] [INFO] Инициализация успешна
[2021-04-08 09:35:10.2564] [INFO] Инициализация котроллера взаимодействия с Tekla успешна
[2021-04-08 09:35:10.2983] [INFO] Проверка количества процессов прошла успешно
[2021-04-08 09:35:10.9639] [INFO] Получение пользователей успешно
[2021-04-08 09:35:10.9639] [INFO] Выгрузка пользователей успешна
[2021-04-08 09:35:10.9639] [INFO] Запущена авторизация пользователя
[2021-04-08 09:35:10.9859] [INFO] Авторизация прошла успешно
[2021-04-08 09:35:10.9958] [INFO] Успешная остановка слушания процессов Tekla 2018
[2021-04-08 09:35:11.0098] [INFO] Успешная остановка слушания процессов Tekla 2017
[2021-04-08 09:35:11.0098] [INFO] Успешная остановка слушания процессов Tekla 21.1
[2021-04-08 09:35:11.0278] [INFO] Успешная остановка слушания процессов Tekla 2018i
[2021-04-08 09:35:11.0278] [INFO] Слушание процессов Tekla 2018 начато
[2021-04-08 09:35:11.0417] [INFO] Слушание процессов Tekla 2017 начато
[2021-04-08 09:35:11.0417] [INFO] Слушание процессов Tekla 21.1 начато
[2021-04-08 09:35:11.0577] [INFO] Слушание процессов Tekla 2018i начато
[2021-04-08 09:35:11.0577] [INFO] Программа успешно запущена
[2021-04-08 09:35:11.2204] [INFO] Выполенен перезапуск взаимодействия с Tekla 21.1
[2021-04-08 10:39:28.1635] [INFO] Tekla_Interaction закрыта
[2021-04-08 10:39:28.1716] [INFO] Успешная остановка слушания процессов Tekla 2018
[2021-04-08 10:39:28.1825] [INFO] Успешная остановка слушания процессов Tekla 2018i
[2021-04-08 10:39:28.1825] [INFO] Успешная остановка слушания процессов Tekla 21.1
[2021-04-08 10:39:28.1975] [INFO] Успешная остановка слушания процессов Tekla 2017
[2021-04-08 10:44:59.8335] [INFO] Инициализация успешна
[2021-04-08 10:44:59.8772] [INFO] Инициализация котроллера взаимодействия с Tekla успешна
[2021-04-08 10:44:59.9092] [INFO] Проверка количества процессов прошла успешно
[2021-04-08 10:45:00.4963] [INFO] Получение пользователей успешно
[2021-04-08 10:45:00.4963] [INFO] Выгрузка пользователей успешна
[2021-04-08 10:45:00.4963] [INFO] Запущена авторизация пользователя
[2021-04-08 10:45:00.5150] [INFO] Авторизация прошла успешно
[2021-04-08 10:45:00.5150] [INFO] Успешная остановка слушания процессов Tekla 2018
[2021-04-08 10:45:00.5379] [INFO] Успешная остановка слушания процессов Tekla 2017
[2021-04-08 10:45:00.5454] [INFO] Успешная остановка слушания процессов Tekla 21.1
[2021-04-08 10:45:00.5454] [INFO] Успешная остановка слушания процессов Tekla 2018i
[2021-04-08 10:45:00.5609] [INFO] Слушание процессов Tekla 2018 начато
[2021-04-08 10:45:00.5609] [INFO] Слушание процессов Tekla 2017 начато
[2021-04-08 10:45:00.5749] [INFO] Слушание процессов Tekla 21.1 начато
[2021-04-08 10:45:00.5749] [INFO] Слушание процессов Tekla 2018i начато
[2021-04-08 10:45:00.5889] [INFO] Программа успешно запущена
[2021-04-08 10:45:00.6452] [INFO] Выполенен перезапуск взаимодействия с Tekla 21.1
