[2021-04-05 22:50:15.3909] [INFO] Инициализация успешна
[2021-04-05 22:50:15.5219] [INFO] Инициализация котроллера взаимодействия с Tekla успешна
[2021-04-05 22:50:15.5877] [INFO] Проверка количества процессов прошла успешно
[2021-04-05 22:50:16.6057] [INFO] Получение пользователей успешно
[2021-04-05 22:50:16.6275] [INFO] Выгрузка пользователей успешна
[2021-04-05 22:50:16.6275] [INFO] Запущена авторизация пользователя
[2021-04-05 22:50:16.6413] [INFO] Авторизация прошла успешно
[2021-04-05 22:50:16.6493] [INFO] Успешная остановка слушания процессов Tekla 2018
[2021-04-05 22:50:16.6493] [INFO] Успешная остановка слушания процессов Tekla 2017
[2021-04-05 22:50:16.6665] [INFO] Успешная остановка слушания процессов Tekla 21.1
[2021-04-05 22:50:16.6665] [INFO] Успешная остановка слушания процессов Tekla 2018i
[2021-04-05 22:50:16.7010] [INFO] Слушание процессов Tekla 2018 начато
[2021-04-05 22:50:16.7010] [INFO] Слушание процессов Tekla 2017 начато
[2021-04-05 22:50:16.7170] [INFO] Слушание процессов Tekla 21.1 начато
[2021-04-05 22:50:16.7170] [INFO] Слушание процессов Tekla 2018i начато
[2021-04-05 22:50:16.7329] [INFO] Программа успешно запущена
[2021-04-05 22:51:19.5629] [INFO] Основная копия Tekla 21.1 открыта
[2021-04-05 22:51:19.9088] [INFO] Выполенен перезапуск взаимодействия с Tekla 21.1
[2021-04-05 23:30:47.3806] [INFO] Tekla_Interaction закрыта
[2021-04-05 23:30:47.3915] [INFO] Успешная остановка слушания процессов Tekla 2018
[2021-04-05 23:30:47.4005] [INFO] Успешная остановка слушания процессов Tekla 2018i
[2021-04-05 23:30:47.4005] [INFO] Успешная остановка слушания процессов Tekla 21.1
[2021-04-05 23:30:47.4175] [INFO] Успешная остановка слушания процессов Tekla 2017
