[2021-02-13 20:02:14.9974] [INFO] Инициализация успешна
[2021-02-13 20:02:15.0782] [INFO] Инициализация котроллера взаимодействия с Tekla успешна
[2021-02-13 20:02:15.1320] [INFO] Проверка количества процессов прошла успешно
[2021-02-13 20:02:16.0691] [INFO] Получение пользователей успешно
[2021-02-13 20:02:16.0691] [INFO] Выгрузка пользователей успешна
[2021-02-13 20:02:16.0804] [INFO] Запущена авторизация пользователя
[2021-02-13 20:02:16.0804] [INFO] Авторизация прошла успешно
[2021-02-13 20:02:16.0953] [INFO] Успешная остановка слушания процессов Tekla 2018
[2021-02-13 20:02:16.0953] [INFO] Успешная остановка слушания процессов Tekla 2017
[2021-02-13 20:02:16.1225] [INFO] Успешная остановка слушания процессов Tekla 21.1
[2021-02-13 20:02:16.1305] [INFO] Успешная остановка слушания процессов Tekla 2018i
[2021-02-13 20:02:16.1524] [INFO] Слушание процессов Tekla 2018 начато
[2021-02-13 20:02:16.1584] [INFO] Слушание процессов Tekla 2017 начато
[2021-02-13 20:02:16.1584] [INFO] Слушание процессов Tekla 21.1 начато
[2021-02-13 20:02:16.1724] [INFO] Слушание процессов Tekla 2018i начато
[2021-02-13 20:02:16.1724] [INFO] Программа успешно запущена
[2021-02-13 20:02:17.8017] [INFO] Tekla_Interaction закрыта
[2021-02-13 20:02:17.8017] [INFO] Успешная остановка слушания процессов Tekla 2018
[2021-02-13 20:02:17.8237] [INFO] Успешная остановка слушания процессов Tekla 2018i
[2021-02-13 20:02:17.8307] [INFO] Успешная остановка слушания процессов Tekla 21.1
[2021-02-13 20:02:17.8307] [INFO] Успешная остановка слушания процессов Tekla 2017
[2021-02-13 20:17:39.5361] [INFO] Инициализация успешна
[2021-02-13 20:17:39.6079] [INFO] Инициализация котроллера взаимодействия с Tekla успешна
[2021-02-13 20:17:39.6757] [INFO] Проверка количества процессов прошла успешно
[2021-02-13 20:17:40.6387] [INFO] Получение пользователей успешно
[2021-02-13 20:17:40.6457] [INFO] Выгрузка пользователей успешна
[2021-02-13 20:17:40.6457] [INFO] Запущена авторизация пользователя
[2021-02-13 20:17:40.6607] [INFO] Авторизация прошла успешно
[2021-02-13 20:17:40.6607] [INFO] Успешная остановка слушания процессов Tekla 2018
[2021-02-13 20:17:40.6776] [INFO] Успешная остановка слушания процессов Tekla 2017
[2021-02-13 20:17:40.6926] [INFO] Успешная остановка слушания процессов Tekla 21.1
[2021-02-13 20:17:40.6926] [INFO] Успешная остановка слушания процессов Tekla 2018i
[2021-02-13 20:17:40.7205] [INFO] Слушание процессов Tekla 2018 начато
[2021-02-13 20:17:40.7205] [INFO] Слушание процессов Tekla 2017 начато
[2021-02-13 20:17:40.7375] [INFO] Слушание процессов Tekla 21.1 начато
[2021-02-13 20:17:40.7763] [INFO] Слушание процессов Tekla 2018i начато
[2021-02-13 20:17:40.7833] [INFO] Программа успешно запущена
