[2021-03-07 14:23:02.0160] [INFO] Инициализация успешна
[2021-03-07 14:23:02.0918] [INFO] Инициализация котроллера взаимодействия с Tekla успешна
[2021-03-07 14:23:02.1268] [INFO] Проверка количества процессов прошла успешно
[2021-03-07 14:23:02.8392] [INFO] Получение пользователей успешно
[2021-03-07 14:23:02.8392] [INFO] Выгрузка пользователей успешна
[2021-03-07 14:23:02.8392] [INFO] Запущена авторизация пользователя
[2021-03-07 14:23:02.8601] [INFO] Авторизация прошла успешно
[2021-03-07 14:23:02.8691] [INFO] Успешная остановка слушания процессов Tekla 2018
[2021-03-07 14:23:02.8691] [INFO] Успешная остановка слушания процессов Tekla 2017
[2021-03-07 14:23:02.8891] [INFO] Успешная остановка слушания процессов Tekla 21.1
[2021-03-07 14:23:02.8891] [INFO] Успешная остановка слушания процессов Tekla 2018i
[2021-03-07 14:23:02.9028] [INFO] Слушание процессов Tekla 2018 начато
[2021-03-07 14:23:02.9028] [INFO] Слушание процессов Tekla 2017 начато
[2021-03-07 14:23:02.9028] [INFO] Слушание процессов Tekla 21.1 начато
[2021-03-07 14:23:02.9198] [INFO] Слушание процессов Tekla 2018i начато
[2021-03-07 14:23:02.9198] [INFO] Программа успешно запущена
[2021-03-07 14:23:15.5075] [INFO] Основная копия Tekla 21.1 открыта
[2021-03-07 14:23:15.6611] [INFO] Выполенен перезапуск взаимодействия с Tekla 21.1
[2021-03-07 14:30:02.6900] [INFO] Все копии Tekla 21.1 закрыты
[2021-03-07 14:30:02.7189] [INFO] Выполенен перезапуск взаимодействия с Tekla 21.1
[2021-03-07 14:31:17.7247] [INFO] Tekla_Interaction закрыта
[2021-03-07 14:31:17.7317] [INFO] Успешная остановка слушания процессов Tekla 2018
[2021-03-07 14:31:17.7317] [INFO] Успешная остановка слушания процессов Tekla 2018i
[2021-03-07 14:31:17.7566] [INFO] Успешная остановка слушания процессов Tekla 21.1
[2021-03-07 14:31:17.7666] [INFO] Успешная остановка слушания процессов Tekla 2017
