[2021-01-03 13:58:52.9265] [INFO] Инициализация успешна
[2021-01-03 13:58:53.0432] [INFO] Инициализация котроллера взаимодействия с Tekla успешна
[2021-01-03 13:58:53.1080] [INFO] Проверка количества процессов прошла успешно
[2021-01-03 13:58:54.0666] [INFO] Получение пользователей успешно
[2021-01-03 13:58:54.0736] [INFO] Выгрузка пользователей успешна
[2021-01-03 13:58:54.0736] [INFO] Запущена авторизация пользователя
[2021-01-03 13:58:54.1155] [INFO] Получение пользователей успешно
[2021-01-03 13:58:54.1155] [INFO] Выгрузка пользователей успешна
[2021-01-03 13:58:54.1444] [ERROR] Пользователь не найден
Ошибка авторизации пользователя введите данные заново и сохраните их
[2021-01-03 13:58:56.0404] [INFO] Программа успешно запущена
[2021-01-03 14:03:02.8066] [INFO] Инициализация успешна
[2021-01-03 14:03:02.8522] [INFO] Инициализация котроллера взаимодействия с Tekla успешна
[2021-01-03 14:03:02.8916] [INFO] Проверка количества процессов прошла успешно
[2021-01-03 14:03:03.5811] [INFO] Получение пользователей успешно
[2021-01-03 14:03:03.5872] [INFO] Выгрузка пользователей успешна
[2021-01-03 14:03:03.5872] [INFO] Запущена авторизация пользователя
[2021-01-03 14:03:03.6245] [INFO] Получение пользователей успешно
[2021-01-03 14:03:03.6245] [INFO] Выгрузка пользователей успешна
[2021-01-03 14:03:03.6520] [ERROR] Пользователь не найден
Ошибка авторизации пользователя введите данные заново и сохраните их
[2021-01-03 14:03:04.5445] [INFO] Программа успешно запущена
[2021-01-03 14:03:07.7344] [INFO] Запущена авторизация пользователя
[2021-01-03 14:03:07.7404] [INFO] Авторизация прошла успешно
[2021-01-03 14:03:07.7603] [INFO] Успешная остановка слушания процессов Tekla 2018
[2021-01-03 14:03:07.7603] [INFO] Успешная остановка слушания процессов Tekla 2017
[2021-01-03 14:03:07.7743] [INFO] Успешная остановка слушания процессов Tekla 21.1
[2021-01-03 14:03:07.7743] [INFO] Слушание процессов Tekla 2018 начато
[2021-01-03 14:03:07.7877] [INFO] Слушание процессов Tekla 2017 начато
[2021-01-03 14:03:07.7877] [INFO] Слушание процессов Tekla 21.1 начато
[2021-01-03 14:03:07.7877] [INFO] Настройки успешно сохранены
[2021-01-03 14:03:07.9414] [INFO] Выполенен перезапуск взаимодействия с Tekla 21.1
[2021-01-03 14:03:10.1401] [INFO] Tekla_Interaction свернута в трей
[2021-01-03 14:03:35.7681] [INFO] Tekla_Interaction закрыта
[2021-01-03 14:03:35.7751] [INFO] Успешная остановка слушания процессов Tekla 2018
[2021-01-03 14:03:35.7871] [INFO] Успешная остановка слушания процессов Tekla 21.1
[2021-01-03 14:03:35.7871] [INFO] Успешная остановка слушания процессов Tekla 2017
[2021-01-03 14:13:42.6432] [INFO] Инициализация успешна
[2021-01-03 14:13:42.6871] [INFO] Инициализация котроллера взаимодействия с Tekla успешна
[2021-01-03 14:13:42.7250] [INFO] Проверка количества процессов прошла успешно
[2021-01-03 14:13:43.4680] [INFO] Получение пользователей успешно
[2021-01-03 14:13:43.4740] [INFO] Выгрузка пользователей успешна
[2021-01-03 14:13:43.4740] [INFO] Запущена авторизация пользователя
[2021-01-03 14:13:43.4740] [INFO] Авторизация прошла успешно
[2021-01-03 14:13:43.4980] [INFO] Успешная остановка слушания процессов Tekla 2018
[2021-01-03 14:13:43.5149] [INFO] Успешная остановка слушания процессов Tekla 2017
[2021-01-03 14:13:43.5249] [INFO] Успешная остановка слушания процессов Tekla 21.1
[2021-01-03 14:13:43.5438] [INFO] Слушание процессов Tekla 2018 начато
[2021-01-03 14:13:43.5438] [INFO] Слушание процессов Tekla 2017 начато
[2021-01-03 14:13:43.5568] [INFO] Слушание процессов Tekla 21.1 начато
[2021-01-03 14:13:43.5568] [INFO] Программа успешно запущена
[2021-01-03 14:13:43.6102] [INFO] Выполенен перезапуск взаимодействия с Tekla 21.1
[2021-01-03 14:15:04.2659] [INFO] Tekla_Interaction закрыта
[2021-01-03 14:15:04.2739] [INFO] Успешная остановка слушания процессов Tekla 2018
[2021-01-03 14:15:04.2888] [INFO] Успешная остановка слушания процессов Tekla 21.1
[2021-01-03 14:15:04.2888] [INFO] Успешная остановка слушания процессов Tekla 2017
[2021-01-03 14:28:36.8342] [INFO] Инициализация успешна
[2021-01-03 14:28:36.8841] [INFO] Инициализация котроллера взаимодействия с Tekla успешна
[2021-01-03 14:28:36.9217] [INFO] Проверка количества процессов прошла успешно
[2021-01-03 14:28:37.6897] [INFO] Получение пользователей успешно
[2021-01-03 14:28:37.6977] [INFO] Выгрузка пользователей успешна
[2021-01-03 14:28:37.6977] [INFO] Запущена авторизация пользователя
[2021-01-03 14:28:37.7116] [INFO] Авторизация прошла успешно
[2021-01-03 14:28:37.7116] [INFO] Успешная остановка слушания процессов Tekla 2018
[2021-01-03 14:28:37.7296] [INFO] Успешная остановка слушания процессов Tekla 2017
[2021-01-03 14:28:37.7405] [INFO] Успешная остановка слушания процессов Tekla 21.1
[2021-01-03 14:28:37.7585] [INFO] Слушание процессов Tekla 2018 начато
[2021-01-03 14:28:37.7585] [INFO] Слушание процессов Tekla 2017 начато
[2021-01-03 14:28:37.7735] [INFO] Слушание процессов Tekla 21.1 начато
[2021-01-03 14:28:37.7735] [INFO] Программа успешно запущена
[2021-01-03 14:28:37.8283] [INFO] Выполенен перезапуск взаимодействия с Tekla 21.1
[2021-01-03 14:28:50.4572] [INFO] Tekla_Interaction закрыта
[2021-01-03 14:28:50.4652] [INFO] Успешная остановка слушания процессов Tekla 2018
[2021-01-03 14:28:50.4801] [INFO] Успешная остановка слушания процессов Tekla 21.1
[2021-01-03 14:28:50.4801] [INFO] Успешная остановка слушания процессов Tekla 2017
[2021-01-03 14:29:39.7766] [INFO] Инициализация успешна
[2021-01-03 14:29:39.8245] [INFO] Инициализация котроллера взаимодействия с Tekla успешна
[2021-01-03 14:29:39.8634] [INFO] Проверка количества процессов прошла успешно
[2021-01-03 14:29:40.5645] [INFO] Получение пользователей успешно
[2021-01-03 14:29:40.5725] [INFO] Выгрузка пользователей успешна
[2021-01-03 14:29:40.5725] [INFO] Запущена авторизация пользователя
[2021-01-03 14:29:40.5885] [INFO] Авторизация прошла успешно
[2021-01-03 14:29:40.5994] [INFO] Успешная остановка слушания процессов Tekla 2018
[2021-01-03 14:29:40.5994] [INFO] Успешная остановка слушания процессов Tekla 2017
[2021-01-03 14:29:40.6283] [INFO] Успешная остановка слушания процессов Tekla 21.1
[2021-01-03 14:29:40.6493] [INFO] Слушание процессов Tekla 2018 начато
[2021-01-03 14:29:40.6493] [INFO] Слушание процессов Tekla 2017 начато
[2021-01-03 14:29:40.6633] [INFO] Слушание процессов Tekla 21.1 начато
[2021-01-03 14:29:40.6633] [INFO] Программа успешно запущена
[2021-01-03 14:29:40.7586] [INFO] Выполенен перезапуск взаимодействия с Tekla 21.1
[2021-01-03 14:29:51.3633] [INFO] Tekla_Interaction закрыта
[2021-01-03 14:29:51.3703] [INFO] Успешная остановка слушания процессов Tekla 2018
[2021-01-03 14:29:51.3862] [INFO] Успешная остановка слушания процессов Tekla 21.1
[2021-01-03 14:29:51.3862] [INFO] Успешная остановка слушания процессов Tekla 2017
[2021-01-03 14:37:32.3023] [INFO] Инициализация успешна
[2021-01-03 14:37:32.3427] [INFO] Инициализация котроллера взаимодействия с Tekla успешна
[2021-01-03 14:37:32.3806] [INFO] Проверка количества процессов прошла успешно
[2021-01-03 14:37:33.0094] [INFO] Получение пользователей успешно
[2021-01-03 14:37:33.0094] [INFO] Выгрузка пользователей успешна
[2021-01-03 14:37:33.0224] [INFO] Запущена авторизация пользователя
[2021-01-03 14:37:33.0224] [INFO] Авторизация прошла успешно
[2021-01-03 14:37:33.0383] [INFO] Успешная остановка слушания процессов Tekla 2018
[2021-01-03 14:37:33.0523] [INFO] Успешная остановка слушания процессов Tekla 2017
[2021-01-03 14:37:33.0523] [INFO] Успешная остановка слушания процессов Tekla 21.1
[2021-01-03 14:37:33.0523] [INFO] Слушание процессов Tekla 2018 начато
[2021-01-03 14:37:33.0762] [INFO] Слушание процессов Tekla 2017 начато
[2021-01-03 14:37:33.0832] [INFO] Слушание процессов Tekla 21.1 начато
[2021-01-03 14:37:33.0832] [INFO] Программа успешно запущена
[2021-01-03 14:37:33.1396] [INFO] Выполенен перезапуск взаимодействия с Tekla 21.1
[2021-01-03 14:41:18.0880] [INFO] Tekla_Interaction закрыта
[2021-01-03 14:41:18.0880] [INFO] Успешная остановка слушания процессов Tekla 2018
[2021-01-03 14:41:18.1030] [INFO] Успешная остановка слушания процессов Tekla 21.1
[2021-01-03 14:41:18.1030] [INFO] Успешная остановка слушания процессов Tekla 2017
