23.09.2020 0:36:17 : Дешифрование пароля успешно завершено
23.09.2020 0:37:07 : Дешифрование пароля успешно завершено
23.09.2020 0:37:54 : Дешифрование пароля успешно завершено
23.09.2020 0:38:01 : Хеш-последовательность успешно получена
23.09.2020 0:38:01 : Хеш-последовательность успешно получена
23.09.2020 0:38:01 : Дешифрование пароля успешно завершено
23.09.2020 0:43:58 : Дешифрование пароля успешно завершено
23.09.2020 0:44:04 : Хеш-последовательность успешно получена
23.09.2020 0:44:04 : Хеш-последовательность успешно получена
23.09.2020 0:44:04 : Дешифрование пароля успешно завершено
23.09.2020 0:44:28 : Дешифрование пароля успешно завершено
23.09.2020 0:44:33 : Хеш-последовательность успешно получена
23.09.2020 0:44:33 : Хеш-последовательность успешно получена
23.09.2020 0:44:33 : Дешифрование пароля успешно завершено
23.09.2020 0:44:41 : System.Exception: Выдано исключение типа "System.Exception".
   в SZMK.Desktop.Services.Scan.ParseXML.Start(String[] FileNames, INotifyProcess notify) в C:\Users\thedr\Desktop\SZMK-Software-Package\SZMK.Desktop\Services\Scan\ParseXML.cs:строка 46
   в SZMK.Desktop.Views.KB.KB_F.<>c__DisplayClass61_1.<StartingParseAsync>b__0() в C:\Users\thedr\Desktop\SZMK-Software-Package\SZMK.Desktop\Views\KB\KB_F.cs:строка 1520
   в System.Threading.Tasks.Task.InnerInvoke()
   в System.Threading.Tasks.Task.Execute()
--- Конец трассировка стека из предыдущего расположения, где возникло исключение ---
   в System.Runtime.CompilerServices.TaskAwaiter.ThrowForNonSuccess(Task task)
   в System.Runtime.CompilerServices.TaskAwaiter.HandleNonSuccessAndDebuggerNotification(Task task)
   в System.Runtime.CompilerServices.TaskAwaiter.GetResult()
   в SZMK.Desktop.Views.KB.KB_F.<StartingParseAsync>d__61.MoveNext() в C:\Users\thedr\Desktop\SZMK-Software-Package\SZMK.Desktop\Views\KB\KB_F.cs:строка 1520
23.09.2020 0:58:41 : Дешифрование пароля успешно завершено
23.09.2020 0:58:46 : Хеш-последовательность успешно получена
23.09.2020 0:58:46 : Хеш-последовательность успешно получена
23.09.2020 0:58:46 : Дешифрование пароля успешно завершено
23.09.2020 1:02:22 : Дешифрование пароля успешно завершено
23.09.2020 1:02:27 : Хеш-последовательность успешно получена
23.09.2020 1:02:27 : Хеш-последовательность успешно получена
23.09.2020 1:02:27 : Дешифрование пароля успешно завершено
23.09.2020 13:54:39 : Дешифрование пароля успешно завершено
23.09.2020 13:54:44 : Хеш-последовательность успешно получена
23.09.2020 13:54:44 : Хеш-последовательность успешно получена
23.09.2020 13:54:44 : Дешифрование пароля успешно завершено
23.09.2020 20:25:17 : Дешифрование пароля успешно завершено
23.09.2020 20:25:22 : Хеш-последовательность успешно получена
23.09.2020 20:25:22 : Хеш-последовательность успешно получена
23.09.2020 20:25:22 : Дешифрование пароля успешно завершено
23.09.2020 20:32:28 : Дешифрование пароля успешно завершено
23.09.2020 20:32:38 : Хеш-последовательность успешно получена
23.09.2020 20:32:38 : Хеш-последовательность успешно получена
23.09.2020 20:33:06 : Дешифрование пароля успешно завершено
23.09.2020 20:33:12 : Хеш-последовательность успешно получена
23.09.2020 20:33:12 : Хеш-последовательность успешно получена
23.09.2020 20:33:12 : Дешифрование пароля успешно завершено
