[2020-12-09 13:58:51.8161] [INFO] Проверка подключения к серверу обновления и выполняемых процессов
[2020-12-09 13:58:51.8450] [INFO] Проверка процессов прошла успешно
[2020-12-09 13:58:51.8470] [INFO] Подключение к серверу обновления успешно
[2020-12-09 13:58:51.8470] [INFO] Начато удаление старых лог файлов
[2020-12-09 13:58:51.8470] [INFO] Удаление старых лог файлов успешно
[2020-12-09 13:58:51.8470] [INFO] Начато удаление старого обновления
[2020-12-09 13:58:51.8470] [INFO] Удаление старого обновление успешно
[2020-12-09 13:58:51.8470] [INFO] Начало скачивания файлов обновления
[2020-12-09 13:58:51.8470] [INFO] Отправка необходимых флагов и наименования приложения
[2020-12-09 13:58:51.8470] [INFO] Получение файла информации обновления
[2020-12-09 13:58:51.9148] [INFO] Получение файла информации обновления успешно
[2020-12-09 13:58:51.9148] [INFO] Чтение количества файлов
[2020-12-09 13:58:51.9148] [INFO] Скачивание успешно завершено
[2020-12-09 13:58:51.9148] [INFO] Обновление прошло успешно
[2020-12-09 13:58:51.9148] [INFO] Открытие лаунчера
[2020-12-09 13:58:51.9914] [INFO] Закрытие приложения
[2020-12-09 14:00:26.6498] [INFO] Проверка подключения к серверу обновления и выполняемых процессов
[2020-12-09 14:00:26.6827] [ERROR] System.Exception: Необходимо закрыть все копии SZMK.Launcher перед обновлением ПО ---> System.Exception: Необходимо закрыть все копии SZMK.Launcher перед обновлением ПО
   в SZMK.LauncherUpdater.Program.CheckedProcess() в C:\Users\thedr\Desktop\Works\SZMK-Software-Package\SZMK.LauncherUpdater\Program.cs:строка 71
   --- Конец трассировки внутреннего стека исключений ---
   в SZMK.LauncherUpdater.Program.CheckedProcess() в C:\Users\thedr\Desktop\Works\SZMK-Software-Package\SZMK.LauncherUpdater\Program.cs:строка 77
   в SZMK.LauncherUpdater.Program.Main(String[] args) в C:\Users\thedr\Desktop\Works\SZMK-Software-Package\SZMK.LauncherUpdater\Program.cs:строка 28
[2020-12-09 14:01:54.8220] [INFO] Проверка подключения к серверу обновления и выполняемых процессов
[2020-12-09 14:01:54.8579] [ERROR] System.Exception: Необходимо закрыть все копии SZMK.Launcher перед обновлением ПО ---> System.Exception: Необходимо закрыть все копии SZMK.Launcher перед обновлением ПО
   в SZMK.LauncherUpdater.Program.CheckedProcess() в C:\Users\thedr\Desktop\Works\SZMK-Software-Package\SZMK.LauncherUpdater\Program.cs:строка 72
   --- Конец трассировки внутреннего стека исключений ---
   в SZMK.LauncherUpdater.Program.CheckedProcess() в C:\Users\thedr\Desktop\Works\SZMK-Software-Package\SZMK.LauncherUpdater\Program.cs:строка 78
   в SZMK.LauncherUpdater.Program.Main(String[] args) в C:\Users\thedr\Desktop\Works\SZMK-Software-Package\SZMK.LauncherUpdater\Program.cs:строка 29
[2020-12-09 14:02:54.8490] [INFO] Проверка подключения к серверу обновления и выполняемых процессов
[2020-12-09 14:02:54.8760] [INFO] Проверка процессов прошла успешно
[2020-12-09 14:02:54.8760] [INFO] Подключение к серверу обновления успешно
[2020-12-09 14:02:54.8760] [INFO] Начато удаление старых лог файлов
[2020-12-09 14:02:54.8789] [INFO] Удаление старых лог файлов успешно
[2020-12-09 14:02:54.8789] [INFO] Начато удаление старого обновления
[2020-12-09 14:02:54.8789] [INFO] Удаление старого обновление успешно
[2020-12-09 14:02:54.8789] [INFO] Начало скачивания файлов обновления
[2020-12-09 14:02:54.8789] [INFO] Отправка необходимых флагов и наименования приложения
[2020-12-09 14:02:54.8789] [INFO] Получение файла информации обновления
[2020-12-09 14:02:54.8999] [INFO] Получение файла информации обновления успешно
[2020-12-09 14:02:54.8999] [INFO] Чтение количества файлов
[2020-12-09 14:02:54.8999] [INFO] Скачивание успешно завершено
[2020-12-09 14:02:54.8999] [INFO] Начало проверки старых файлов Updater'a
[2020-12-09 14:02:54.8999] [INFO] Проверка старых файлов Updater'a успешно
[2020-12-09 14:02:54.9089] [INFO] Обновление прошло успешно
[2020-12-09 14:02:54.9089] [INFO] Открытие лаунчера
[2020-12-09 14:02:54.9577] [INFO] Закрытие приложения
[2020-12-09 14:08:20.3159] [INFO] Проверка подключения к серверу обновления и выполняемых процессов
[2020-12-09 14:08:20.3388] [INFO] Проверка процессов прошла успешно
[2020-12-09 14:08:20.3388] [INFO] Подключение к серверу обновления успешно
[2020-12-09 14:08:20.3388] [INFO] Начато удаление старых лог файлов
[2020-12-09 14:08:20.3388] [INFO] Удаление старых лог файлов успешно
[2020-12-09 14:08:20.3388] [INFO] Начато удаление старого обновления
[2020-12-09 14:08:20.3388] [INFO] Удаление старого обновление успешно
[2020-12-09 14:08:20.3388] [INFO] Начало скачивания файлов обновления
[2020-12-09 14:08:20.3388] [INFO] Отправка необходимых флагов и наименования приложения
[2020-12-09 14:08:20.3468] [INFO] Получение файла информации обновления
[2020-12-09 14:08:20.3897] [INFO] Получение файла информации обновления успешно
[2020-12-09 14:08:20.3897] [INFO] Чтение количества файлов
[2020-12-09 14:08:20.3897] [INFO] Скачивание успешно завершено
[2020-12-09 14:08:20.3986] [INFO] Начало проверки старых файлов Updater'a
[2020-12-09 14:08:20.3986] [INFO] Проверка старых файлов Updater'a успешно
[2020-12-09 14:08:20.3986] [INFO] Обновление прошло успешно
[2020-12-09 14:08:20.3986] [INFO] Открытие лаунчера
[2020-12-09 14:08:20.4675] [INFO] Закрытие приложения
[2020-12-09 14:08:41.8652] [INFO] Проверка подключения к серверу обновления и выполняемых процессов
[2020-12-09 14:08:42.9086] [ERROR] System.Exception: Ошибка подключения к серверу обновления
   в SZMK.LauncherUpdater.Program.Main(String[] args) в C:\Users\thedr\Desktop\Works\SZMK-Software-Package\SZMK.LauncherUpdater\Program.cs:строка 56
[2020-12-09 14:16:43.0650] [INFO] Проверка подключения к серверу обновления и выполняемых процессов
[2020-12-09 14:16:43.0889] [INFO] Проверка процессов прошла успешно
[2020-12-09 14:16:43.0889] [INFO] Подключение к серверу обновления успешно
[2020-12-09 14:16:43.0889] [INFO] Начато удаление старых лог файлов
[2020-12-09 14:16:43.0889] [INFO] Удаление старых лог файлов успешно
[2020-12-09 14:16:43.0889] [INFO] Начато удаление старого обновления
[2020-12-09 14:16:43.0889] [INFO] Удаление старого обновление успешно
[2020-12-09 14:16:43.0889] [INFO] Начало скачивания файлов обновления
[2020-12-09 14:16:43.0889] [INFO] Отправка необходимых флагов и наименования приложения
[2020-12-09 14:16:43.0969] [INFO] Получение файла информации обновления
[2020-12-09 14:16:43.1188] [INFO] Получение файла информации обновления успешно
[2020-12-09 14:16:43.1188] [INFO] Чтение количества файлов
[2020-12-09 14:16:43.1188] [INFO] Скачивание файлов 0 из 3
[2020-12-09 14:16:43.1188] [INFO] Скачивание файлов 1 из 3
[2020-12-09 14:16:43.1188] [INFO] Скачивание файлов 2 из 3
[2020-12-09 14:16:43.1188] [INFO] Скачивание успешно завершено
[2020-12-09 14:16:43.1318] [INFO] Начало проверки старых файлов Updater'a
[2020-12-09 14:17:07.2968] [INFO] Проверка старых файлов Updater'a успешно
[2020-12-09 14:17:07.3008] [INFO] Обновление прошло успешно
[2020-12-09 14:17:07.3008] [INFO] Открытие лаунчера
[2020-12-09 14:17:07.4085] [INFO] Закрытие приложения
