26.03.2021 23:18:12 : Дешифрование пароля успешно завершено
26.03.2021 23:18:18 : Хеш-последовательность успешно получена
26.03.2021 23:18:18 : Хеш-последовательность успешно получена
26.03.2021 23:18:18 : Дешифрование пароля успешно завершено
26.03.2021 23:20:08 : Дешифрование пароля успешно завершено
26.03.2021 23:20:13 : Хеш-последовательность успешно получена
26.03.2021 23:20:14 : Хеш-последовательность успешно получена
26.03.2021 23:20:14 : Дешифрование пароля успешно завершено
26.03.2021 23:27:05 : Дешифрование пароля успешно завершено
26.03.2021 23:27:12 : Хеш-последовательность успешно получена
26.03.2021 23:27:12 : Хеш-последовательность успешно получена
26.03.2021 23:27:12 : Дешифрование пароля успешно завершено
26.03.2021 23:27:15 : System.Exception: Выдано исключение типа "System.Exception".
   в SZMK.Desktop.Views.KB.KB_F.CheckDetails_TSMI_Click(Object sender, EventArgs e) в C:\Users\thedr\Desktop\Works\SZMK\SZMK-Software-Package\SZMK.Desktop\Views\KB\KB_F.cs:строка 1828
26.03.2021 23:27:17 : System.Exception: Выдано исключение типа "System.Exception".
   в SZMK.Desktop.Views.KB.KB_F.CheckDetails_TSMI_Click(Object sender, EventArgs e) в C:\Users\thedr\Desktop\Works\SZMK\SZMK-Software-Package\SZMK.Desktop\Views\KB\KB_F.cs:строка 1828
26.03.2021 23:37:58 : Дешифрование пароля успешно завершено
26.03.2021 23:38:04 : Хеш-последовательность успешно получена
26.03.2021 23:38:04 : Хеш-последовательность успешно получена
26.03.2021 23:38:04 : Дешифрование пароля успешно завершено
26.03.2021 23:39:20 : Дешифрование пароля успешно завершено
26.03.2021 23:39:25 : Хеш-последовательность успешно получена
26.03.2021 23:39:25 : Хеш-последовательность успешно получена
26.03.2021 23:39:25 : Дешифрование пароля успешно завершено
26.03.2021 23:39:29 : System.Exception: Выдано исключение типа "System.Exception".
   в SZMK.Desktop.Views.KB.KB_F.<>c__DisplayClass68_0.<CheckedDetailsAsync>b__0() в C:\Users\thedr\Desktop\Works\SZMK\SZMK-Software-Package\SZMK.Desktop\Views\KB\KB_F.cs:строка 1898
26.03.2021 23:40:22 : Дешифрование пароля успешно завершено
26.03.2021 23:47:13 : Дешифрование пароля успешно завершено
26.03.2021 23:47:21 : Хеш-последовательность успешно получена
26.03.2021 23:47:21 : Хеш-последовательность успешно получена
26.03.2021 23:47:21 : Дешифрование пароля успешно завершено
