09.04.2021 19:08:16 : Дешифрование пароля успешно завершено
09.04.2021 19:08:22 : Хеш-последовательность успешно получена
09.04.2021 19:08:22 : Хеш-последовательность успешно получена
09.04.2021 19:08:22 : Дешифрование пароля успешно завершено
09.04.2021 21:15:13 : Дешифрование пароля успешно завершено
09.04.2021 21:39:19 : Дешифрование пароля успешно завершено
09.04.2021 21:39:27 : Хеш-последовательность успешно получена
09.04.2021 21:39:27 : Хеш-последовательность успешно получена
09.04.2021 21:39:27 : Дешифрование пароля успешно завершено
09.04.2021 21:41:32 : Дешифрование пароля успешно завершено
09.04.2021 21:42:50 : Дешифрование пароля успешно завершено
09.04.2021 21:42:55 : Хеш-последовательность успешно получена
09.04.2021 21:42:55 : Хеш-последовательность успешно получена
09.04.2021 21:42:55 : Дешифрование пароля успешно завершено
09.04.2021 21:48:11 : Дешифрование пароля успешно завершено
09.04.2021 21:48:17 : Хеш-последовательность успешно получена
09.04.2021 21:48:18 : Хеш-последовательность успешно получена
09.04.2021 21:48:18 : Хеш-последовательность успешно получена
09.04.2021 21:48:18 : Дешифрование пароля успешно завершено
09.04.2021 22:16:00 : Дешифрование пароля успешно завершено
09.04.2021 22:16:05 : Хеш-последовательность успешно получена
09.04.2021 22:16:05 : Хеш-последовательность успешно получена
09.04.2021 22:16:06 : Дешифрование пароля успешно завершено
09.04.2021 22:23:18 : Дешифрование пароля успешно завершено
09.04.2021 22:23:38 : Хеш-последовательность успешно получена
09.04.2021 22:23:38 : Хеш-последовательность успешно получена
09.04.2021 22:23:38 : Дешифрование пароля успешно завершено
09.04.2021 22:23:46 : System.Exception: Не найдена папка
   в SZMK.Desktop.Views.Shared.DetailedInformaionsOrder.PathDXF_L_Click(Object sender, EventArgs e) в C:\Users\thedr\Desktop\Works\SZMK\SZMK-Software-Package\SZMK.Desktop\Views\Shared\DetailedInformaionsOrder.cs:строка 619
09.04.2021 22:23:48 : System.Exception: Не найдена папка
   в SZMK.Desktop.Views.Shared.DetailedInformaionsOrder.PathPDF_L_Click(Object sender, EventArgs e) в C:\Users\thedr\Desktop\Works\SZMK\SZMK-Software-Package\SZMK.Desktop\Views\Shared\DetailedInformaionsOrder.cs:строка 599
09.04.2021 22:23:50 : System.Exception: Не найдена папка
   в SZMK.Desktop.Views.Shared.DetailedInformaionsOrder.ChangePathModel_B_Click(Object sender, EventArgs e) в C:\Users\thedr\Desktop\Works\SZMK\SZMK-Software-Package\SZMK.Desktop\Views\Shared\DetailedInformaionsOrder.cs:строка 346
09.04.2021 22:24:05 : Дешифрование пароля успешно завершено
09.04.2021 22:24:16 : Хеш-последовательность успешно получена
09.04.2021 22:24:16 : Хеш-последовательность успешно получена
09.04.2021 22:24:16 : Дешифрование пароля успешно завершено
09.04.2021 22:24:22 : System.InvalidOperationException: Последовательность не содержит элементов
   в System.Linq.Enumerable.Single[TSource](IEnumerable`1 source)
   в SZMK.Desktop.Services.Excel.ReportPastTimeofDate(List`1 Report, String FileName) в C:\Users\thedr\Desktop\Works\SZMK\SZMK-Software-Package\SZMK.Desktop\Services\Excel.cs:строка 492
09.04.2021 22:28:24 : System.InvalidOperationException: Последовательность не содержит элементов
   в System.Linq.Enumerable.Single[TSource](IEnumerable`1 source)
   в SZMK.Desktop.Services.Excel.ReportPastTimeofDate(List`1 Report, String FileName) в C:\Users\thedr\Desktop\Works\SZMK\SZMK-Software-Package\SZMK.Desktop\Services\Excel.cs:строка 492
09.04.2021 22:43:43 : Дешифрование пароля успешно завершено
09.04.2021 22:43:49 : Хеш-последовательность успешно получена
09.04.2021 22:43:49 : Хеш-последовательность успешно получена
09.04.2021 22:43:49 : Дешифрование пароля успешно завершено
09.04.2021 22:46:30 : Дешифрование пароля успешно завершено
09.04.2021 22:46:36 : Хеш-последовательность успешно получена
09.04.2021 22:46:36 : Хеш-последовательность успешно получена
09.04.2021 22:46:36 : Дешифрование пароля успешно завершено
09.04.2021 22:49:05 : Дешифрование пароля успешно завершено
09.04.2021 22:49:16 : Хеш-последовательность успешно получена
09.04.2021 22:49:16 : Хеш-последовательность успешно получена
09.04.2021 22:49:16 : Дешифрование пароля успешно завершено
09.04.2021 22:50:36 : Дешифрование пароля успешно завершено
09.04.2021 22:50:41 : Хеш-последовательность успешно получена
09.04.2021 22:50:41 : Хеш-последовательность успешно получена
09.04.2021 22:50:41 : Дешифрование пароля успешно завершено
09.04.2021 22:56:48 : Дешифрование пароля успешно завершено
09.04.2021 22:56:56 : Хеш-последовательность успешно получена
09.04.2021 22:56:56 : Хеш-последовательность успешно получена
09.04.2021 22:56:56 : Дешифрование пароля успешно завершено
09.04.2021 22:58:44 : Дешифрование пароля успешно завершено
09.04.2021 22:58:49 : Хеш-последовательность успешно получена
09.04.2021 22:58:49 : Хеш-последовательность успешно получена
09.04.2021 22:58:49 : Дешифрование пароля успешно завершено
09.04.2021 23:07:08 : Дешифрование пароля успешно завершено
09.04.2021 23:07:17 : Хеш-последовательность успешно получена
09.04.2021 23:07:17 : Хеш-последовательность успешно получена
09.04.2021 23:07:17 : Дешифрование пароля успешно завершено
09.04.2021 23:08:51 : Дешифрование пароля успешно завершено
09.04.2021 23:08:58 : Хеш-последовательность успешно получена
09.04.2021 23:08:58 : Хеш-последовательность успешно получена
09.04.2021 23:08:58 : Дешифрование пароля успешно завершено
09.04.2021 23:11:54 : Дешифрование пароля успешно завершено
