10.01.2020 10:34:00 : Дешифрование пароля успешно завершено
10.01.2020 10:34:07 : Хеш-последовательность успешно получена
10.01.2020 10:34:07 : Хеш-последовательность успешно получена
10.01.2020 10:34:07 : Дешифрование пароля успешно завершено
10.01.2020 11:02:40 : Дешифрование пароля успешно завершено
10.01.2020 11:02:45 : Хеш-последовательность успешно получена
10.01.2020 11:02:45 : Хеш-последовательность успешно получена
10.01.2020 11:02:46 : Дешифрование пароля успешно завершено
10.01.2020 11:03:02 : Дешифрование пароля успешно завершено
10.01.2020 11:03:07 : Хеш-последовательность успешно получена
10.01.2020 11:03:07 : Хеш-последовательность успешно получена
10.01.2020 11:03:07 : Дешифрование пароля успешно завершено
10.01.2020 11:04:58 : Дешифрование пароля успешно завершено
10.01.2020 11:05:04 : Хеш-последовательность успешно получена
10.01.2020 11:05:04 : Хеш-последовательность успешно получена
10.01.2020 11:05:05 : Дешифрование пароля успешно завершено
10.01.2020 11:06:00 : Файл2221(01)_819_B629-1_Пруденко А.И._7575_131,41.tiffобрабатывается, пожалуйста подождите...
10.01.2020 11:06:00 : >1|110<
10.01.2020 11:06:08 : Получены данные2221(01)_819_B629-1_ПруденкоА.И._7575_131,41
10.01.2020 11:06:08 : Файл2221(01)_820_B629-2_Пруденко А.И._7575_131,41.tiffобрабатывается, пожалуйста подождите...
10.01.2020 11:06:08 : >2|110<
10.01.2020 11:06:15 : Получены данные2221(01)_820_B629-2_ПруденкоА.И._7575_131,41
10.01.2020 11:06:15 : Файл2221(01)_821_B629-3_Пруденко А.И._8980_155,79.tiffобрабатывается, пожалуйста подождите...
10.01.2020 11:06:15 : >3|110<
10.01.2020 11:06:23 : Получены данные2221(01)_821_B629-3_ПруденкоА.И._8980_155,79
10.01.2020 11:06:23 : Файл2221(01)_822_B629-4_Пруденко А.И._6070_105,31.tiffобрабатывается, пожалуйста подождите...
10.01.2020 11:06:23 : >4|110<
10.01.2020 11:06:29 : Получены данные2221(01)_822_B629-4_ПруденкоА.И._6070_105,31
10.01.2020 11:06:29 : Файл2221(01)_823_B629-5_Пруденко А.И._6070_105,31.tiffобрабатывается, пожалуйста подождите...
10.01.2020 11:06:29 : >5|110<
10.01.2020 11:06:33 : Получены данные2221(01)_823_B629-5_ПруденкоА.И._6070_105,31
10.01.2020 11:06:33 : Файл2221(01)_1513_K101-6_Пруденко А.И._750_36,02.tiffобрабатывается, пожалуйста подождите...
10.01.2020 11:06:33 : >6|110<
10.01.2020 11:06:39 : Получены данные2221(01)_1513_K101-6_ПруденкоА.И._750_36,02
10.01.2020 11:06:39 : Файл2221(01)_1514_K101-7_Пруденко А.И._750_40,05.tiffобрабатывается, пожалуйста подождите...
10.01.2020 11:06:39 : >7|110<
10.01.2020 11:06:42 : Получены данные2221(01)_1514_K101-7_ПруденкоА.И._750_40,05
10.01.2020 11:06:42 : Файл2221(01)_1515_K101-8_Пруденко А.И._2500_102,41.tiffобрабатывается, пожалуйста подождите...
10.01.2020 11:06:42 : >8|110<
10.01.2020 11:06:49 : Получены данные2221(01)_1515_K101-8_ПруденкоА.И._2500_102,41
10.01.2020 11:06:49 : Файл2221(01)_1517_K101-10_Пруденко А.И._2095_94,36.tiffобрабатывается, пожалуйста подождите...
10.01.2020 11:06:49 : >9|110<
10.01.2020 11:06:57 : Получены данные2221(01)_1517_K101-10_ПруденкоА.И._2095_94,36
10.01.2020 11:06:57 : Файл2221(01)_1518_K101-11_Пруденко А.И._1385_44,76.tiffобрабатывается, пожалуйста подождите...
10.01.2020 11:06:57 : >10|110<
10.01.2020 11:07:05 : Получены данные2221(01)_1518_K101-11_ПруденкоА.И._1385_44,76
10.01.2020 11:07:05 : Файл2221(01)_1551_K201-1_Пруденко А.И._3075_165,99.tiffобрабатывается, пожалуйста подождите...
10.01.2020 11:07:05 : >11|110<
10.01.2020 11:07:11 : Получены данные2221(01)_1551_K201-1_ПруденкоА.И._3075_165,99
10.01.2020 11:07:11 : Файл2221(01)_1581_LB3-9_Пруденко А.И._644_3,76.tiffобрабатывается, пожалуйста подождите...
10.01.2020 11:07:11 : >12|110<
10.01.2020 11:07:19 : Получены данные2221(01)_1581_LB3-9_ПруденкоА.И._644_3,76
10.01.2020 11:07:19 : Файл2221(01)_1591_LB3-19_Пруденко А.И._1772_18,48.tiffобрабатывается, пожалуйста подождите...
10.01.2020 11:07:19 : >13|110<
10.01.2020 11:07:26 : Получены данные2221(01)_1591_LB3-19_ПруденкоА.И._1772_18,48
10.01.2020 11:07:27 : Файл2221(01)_1901_OG1-1_Пруденко А.И._2051,98_53,28.tiffобрабатывается, пожалуйста подождите...
10.01.2020 11:07:27 : >14|110<
10.01.2020 11:07:34 : Получены данные2221(01)_1901_OG1-1_ПруденкоА.И._2051,98_53,28
10.01.2020 11:07:34 : Файл2221(01)_1902_OG1-2_Пруденко А.И._3572,52_84,08.tiffобрабатывается, пожалуйста подождите...
10.01.2020 11:07:34 : >15|110<
10.01.2020 11:07:42 : Получены данные2221(01)_1902_OG1-2_ПруденкоА.И._3572,52_84,08
10.01.2020 11:07:42 : Файл2221(01)_1904_OG1-4_Пруденко А.И._1861,5_42,86.tiffобрабатывается, пожалуйста подождите...
10.01.2020 11:07:42 : >16|110<
10.01.2020 11:07:45 : Получены данные2221(01)_1904_OG1-4_ПруденкоА.И._1861,5_42,86
10.01.2020 11:07:45 : Файл2221(01)_1905_OG1-5_Пруденко А.И._2306,5_57,15.tiffобрабатывается, пожалуйста подождите...
10.01.2020 11:07:45 : >17|110<
10.01.2020 11:07:48 : Получены данные2221(01)_1905_OG1-5_ПруденкоА.И._2306,5_57,15
10.01.2020 11:07:48 : Файл2221(01)_1907_OG1-7_Пруденко А.И._2171_55,34.tiffобрабатывается, пожалуйста подождите...
10.01.2020 11:07:48 : >18|110<
10.01.2020 11:07:55 : Получены данные2221(01)_1907_OG1-7_ПруденкоА.И._2171_55,34
10.01.2020 11:07:55 : Файл2221(01)_1908_OG1-8_Пруденко А.И._2171_55,34.tiffобрабатывается, пожалуйста подождите...
10.01.2020 11:07:55 : >19|110<
10.01.2020 11:08:02 : Получены данные2221(01)_1908_OG1-8_ПруденкоА.И._2171_55,34
10.01.2020 11:08:02 : Файл2221(01)_1909_OG1-9_Пруденко А.И._2170_55,26.tiffобрабатывается, пожалуйста подождите...
10.01.2020 11:08:02 : >20|110<
10.01.2020 11:08:08 : Получены данные2221(01)_1909_OG1-9_ПруденкоА.И._2170_55,26
10.01.2020 11:08:08 : Файл2221(01)_1910_OG1-10_Пруденко А.И._2300_57,24.tiffобрабатывается, пожалуйста подождите...
10.01.2020 11:08:08 : >21|110<
10.01.2020 11:08:11 : System.InvalidOperationException: Невозможно вызвать Invoke или BeginInvoke для элемента управления до завершения создания дескриптора окна.
   в System.Windows.Forms.Control.MarshaledInvoke(Control caller, Delegate method, Object[] args, Boolean synchronous)
   в System.Windows.Forms.Control.Invoke(Delegate method, Object[] args)
   в System.Windows.Forms.Control.Invoke(Delegate method)
   в SZMK.Desktop.Views.Arhive.AR_Decode_F.DecodeFiles(OpenFileDialog Opd) в C:\Users\thedr\Desktop\Works\SZMK-Software-Package\SZMK.Desktop\Views\Arhive\AR_Decode_F.cs:строка 60
