[2021-04-06 10:03:27.1743] [INFO] Инициализация успешно пройдена
[2021-04-06 10:03:27.2132] [INFO] Инициализация контроллера авторизации успешна
[2021-04-06 10:03:27.2282] [INFO] Начата авторизация пользователя
[2021-04-06 10:03:27.7945] [INFO] Authorization was successful
[2021-04-06 10:04:50.6656] [INFO] Инициализация успешно пройдена
[2021-04-06 10:04:50.7145] [INFO] Инициализация контроллера авторизации успешна
[2021-04-06 10:04:50.7334] [INFO] Начата авторизация пользователя
[2021-04-06 10:04:51.6270] [INFO] Authorization was successful
[2021-04-06 10:04:51.6410] [INFO] Клиент подключился
[2021-04-06 10:04:51.7627] [INFO] Модель подключена
[2021-04-06 10:04:51.7956] [INFO] Чертежи успешно получены
[2021-04-06 10:05:27.2323] [INFO] Инициализация успешно пройдена
[2021-04-06 10:05:27.2902] [INFO] Инициализация контроллера авторизации успешна
[2021-04-06 10:05:27.3111] [INFO] Начата авторизация пользователя
[2021-04-06 10:05:28.0840] [INFO] Authorization was successful
[2021-04-06 10:05:28.1075] [INFO] Клиент подключился
[2021-04-06 10:05:28.2276] [INFO] Модель подключена
[2021-04-06 10:05:28.2505] [INFO] Чертежи успешно получены
[2021-04-06 10:07:09.9690] [INFO] Инициализация успешно пройдена
[2021-04-06 10:07:10.0258] [INFO] Инициализация контроллера авторизации успешна
[2021-04-06 10:07:10.0488] [INFO] Начата авторизация пользователя
[2021-04-06 10:07:10.8087] [INFO] Authorization was successful
[2021-04-06 10:07:10.8247] [INFO] Клиент подключился
[2021-04-06 10:07:10.9284] [INFO] Модель подключена
[2021-04-06 10:07:10.9674] [INFO] Чертежи успешно получены
[2021-04-06 10:15:29.7027] [INFO] Инициализация успешно пройдена
[2021-04-06 10:15:29.7715] [INFO] Инициализация контроллера авторизации успешна
[2021-04-06 10:15:29.7885] [INFO] Начата авторизация пользователя
[2021-04-06 10:15:30.6372] [INFO] Authorization was successful
[2021-04-06 10:15:30.6801] [INFO] Клиент подключился
[2021-04-06 10:15:30.8188] [INFO] Модель подключена
[2021-04-06 10:15:30.8398] [INFO] Чертежи успешно получены
[2021-04-06 10:15:31.1356] [ERROR] System.Exception: Строка не распознана как действительное значение DateTime. ---> System.FormatException: Строка не распознана как действительное значение DateTime.
   в System.DateTimeParse.Parse(String s, DateTimeFormatInfo dtfi, DateTimeStyles styles)
   в System.Convert.ToDateTime(String value)
   в SZMK.TeklaInteraction.Tekla21_1.Services.Server.Tekla.GetRevision(Assembly assembly) в C:\Users\thedr\Desktop\Works\SZMK\SZMK-Software-Package\SZMK.TeklaInteraction.Tekla21_1\Services\Server\Tekla.cs:строка 799
   в SZMK.TeklaInteraction.Tekla21_1.Services.Server.Tekla.GetDrawing(Assembly assembly, AssemblyDrawing parentDrawing) в C:\Users\thedr\Desktop\Works\SZMK\SZMK-Software-Package\SZMK.TeklaInteraction.Tekla21_1\Services\Server\Tekla.cs:строка 410
   --- Конец трассировки внутреннего стека исключений ---
   в SZMK.TeklaInteraction.Tekla21_1.Services.Server.Tekla.GetDrawing(Assembly assembly, AssemblyDrawing parentDrawing) в C:\Users\thedr\Desktop\Works\SZMK\SZMK-Software-Package\SZMK.TeklaInteraction.Tekla21_1\Services\Server\Tekla.cs:строка 417
   в SZMK.TeklaInteraction.Tekla21_1.Services.Server.Tekla.GetData(User user) в C:\Users\thedr\Desktop\Works\SZMK\SZMK-Software-Package\SZMK.TeklaInteraction.Tekla21_1\Services\Server\Tekla.cs:строка 87
[2021-04-06 10:15:31.1356] [INFO] Чертежи добавлены
[2021-04-06 10:15:37.7200] [INFO] Клиент подключился
[2021-04-06 10:15:37.7618] [INFO] Модель подключена
[2021-04-06 10:15:37.7618] [INFO] Чертежи успешно получены
[2021-04-06 10:17:30.6485] [INFO] Инициализация успешно пройдена
[2021-04-06 10:17:30.6984] [INFO] Инициализация контроллера авторизации успешна
[2021-04-06 10:17:30.7223] [INFO] Начата авторизация пользователя
[2021-04-06 10:17:31.5212] [INFO] Authorization was successful
[2021-04-06 10:17:31.5441] [INFO] Клиент подключился
[2021-04-06 10:17:31.6943] [INFO] Модель подключена
[2021-04-06 10:17:31.7202] [INFO] Чертежи успешно получены
[2021-04-06 10:17:47.4567] [INFO] Инициализация успешно пройдена
[2021-04-06 10:17:47.5055] [INFO] Инициализация контроллера авторизации успешна
[2021-04-06 10:17:47.5255] [INFO] Начата авторизация пользователя
[2021-04-06 10:17:48.4001] [INFO] Authorization was successful
[2021-04-06 10:17:48.4131] [INFO] Клиент подключился
[2021-04-06 10:17:48.5298] [INFO] Модель подключена
[2021-04-06 10:17:48.5557] [INFO] Чертежи успешно получены
[2021-04-06 10:18:17.9770] [INFO] Инициализация успешно пройдена
[2021-04-06 10:18:18.0348] [INFO] Инициализация контроллера авторизации успешна
[2021-04-06 10:18:18.0558] [INFO] Начата авторизация пользователя
[2021-04-06 10:18:19.0402] [INFO] Authorization was successful
[2021-04-06 10:18:19.4380] [INFO] Клиент подключился
[2021-04-06 10:18:19.5318] [INFO] Модель подключена
[2021-04-06 10:18:19.5563] [INFO] Чертежи успешно получены
[2021-04-06 10:18:34.3937] [INFO] Инициализация успешно пройдена
[2021-04-06 10:18:34.4555] [INFO] Инициализация контроллера авторизации успешна
[2021-04-06 10:18:34.4775] [INFO] Начата авторизация пользователя
[2021-04-06 10:18:35.3122] [INFO] Authorization was successful
[2021-04-06 10:18:35.3252] [INFO] Клиент подключился
[2021-04-06 10:18:35.4439] [INFO] Модель подключена
[2021-04-06 10:18:35.4688] [INFO] Чертежи успешно получены
[2021-04-06 10:19:03.7606] [INFO] Инициализация успешно пройдена
[2021-04-06 10:19:03.8074] [INFO] Инициализация контроллера авторизации успешна
[2021-04-06 10:19:03.8254] [INFO] Начата авторизация пользователя
[2021-04-06 10:19:04.6492] [INFO] Authorization was successful
[2021-04-06 10:19:04.6681] [INFO] Клиент подключился
[2021-04-06 10:19:04.7833] [INFO] Модель подключена
[2021-04-06 10:19:04.8222] [INFO] Чертежи успешно получены
[2021-04-06 10:20:03.5148] [INFO] Инициализация успешно пройдена
[2021-04-06 10:20:03.5747] [INFO] Инициализация контроллера авторизации успешна
[2021-04-06 10:20:03.5916] [INFO] Начата авторизация пользователя
[2021-04-06 10:20:04.5560] [INFO] Authorization was successful
[2021-04-06 10:20:04.8745] [INFO] Клиент подключился
[2021-04-06 10:20:04.9836] [INFO] Модель подключена
[2021-04-06 10:20:05.0067] [INFO] Чертежи успешно получены
[2021-04-06 10:39:39.3630] [INFO] Инициализация успешно пройдена
[2021-04-06 10:39:39.4158] [INFO] Инициализация контроллера авторизации успешна
[2021-04-06 10:39:39.4358] [INFO] Начата авторизация пользователя
[2021-04-06 10:39:40.2910] [INFO] Authorization was successful
[2021-04-06 10:39:40.3189] [INFO] Клиент подключился
[2021-04-06 10:39:40.4466] [INFO] Модель подключена
[2021-04-06 10:39:40.4725] [INFO] Чертежи успешно получены
