[2021-04-08 09:35:11.6905] [INFO] Инициализация успешно пройдена
[2021-04-08 09:35:11.7304] [INFO] Инициализация контроллера авторизации успешна
[2021-04-08 09:35:11.7473] [INFO] Начата авторизация пользователя
[2021-04-08 09:35:12.4903] [INFO] Authorization was successful
[2021-04-08 09:35:35.5968] [INFO] Инициализация успешно пройдена
[2021-04-08 09:35:35.6761] [INFO] Инициализация контроллера авторизации успешна
[2021-04-08 09:35:35.7030] [INFO] Начата авторизация пользователя
[2021-04-08 09:35:36.5906] [INFO] Authorization was successful
[2021-04-08 09:35:39.5133] [INFO] Клиент подключился
[2021-04-08 09:35:39.9285] [INFO] Модель подключена
[2021-04-08 09:35:39.9498] [INFO] Чертежи успешно получены
[2021-04-08 09:36:10.5947] [INFO] Инициализация успешно пройдена
[2021-04-08 09:36:10.6615] [INFO] Инициализация контроллера авторизации успешна
[2021-04-08 09:36:10.6855] [INFO] Начата авторизация пользователя
[2021-04-08 09:36:11.5312] [INFO] Authorization was successful
[2021-04-08 09:36:12.0605] [INFO] Клиент подключился
[2021-04-08 09:36:12.1669] [INFO] Модель подключена
[2021-04-08 09:36:12.1908] [INFO] Чертежи успешно получены
[2021-04-08 10:00:05.0547] [INFO] Инициализация успешно пройдена
[2021-04-08 10:00:05.1016] [INFO] Инициализация контроллера авторизации успешна
[2021-04-08 10:00:05.1402] [INFO] Начата авторизация пользователя
[2021-04-08 10:00:06.0887] [INFO] Authorization was successful
[2021-04-08 10:00:09.6766] [INFO] Клиент подключился
[2021-04-08 10:00:09.8336] [INFO] Модель подключена
[2021-04-08 10:00:09.8675] [INFO] Чертежи успешно получены
[2021-04-08 10:00:14.4096] [ERROR] System.Exception: Недопустимое приведение "Int32" к "DateTime". ---> System.InvalidCastException: Недопустимое приведение "Int32" к "DateTime".
   в System.Int32.System.IConvertible.ToDateTime(IFormatProvider provider)
   в SZMK.TeklaInteraction.Tekla21_1.Services.Server.Tekla.GetRevision(Assembly assembly) в C:\Users\thedr\Desktop\Works\SZMK\SZMK-Software-Package\SZMK.TeklaInteraction.Tekla21_1\Services\Server\Tekla.cs:строка 797
   в SZMK.TeklaInteraction.Tekla21_1.Services.Server.Tekla.GetDrawing(Assembly assembly, AssemblyDrawing parentDrawing) в C:\Users\thedr\Desktop\Works\SZMK\SZMK-Software-Package\SZMK.TeklaInteraction.Tekla21_1\Services\Server\Tekla.cs:строка 410
   --- Конец трассировки внутреннего стека исключений ---
   в SZMK.TeklaInteraction.Tekla21_1.Services.Server.Tekla.GetDrawing(Assembly assembly, AssemblyDrawing parentDrawing) в C:\Users\thedr\Desktop\Works\SZMK\SZMK-Software-Package\SZMK.TeklaInteraction.Tekla21_1\Services\Server\Tekla.cs:строка 417
   в SZMK.TeklaInteraction.Tekla21_1.Services.Server.Tekla.GetData(User user) в C:\Users\thedr\Desktop\Works\SZMK\SZMK-Software-Package\SZMK.TeklaInteraction.Tekla21_1\Services\Server\Tekla.cs:строка 87
[2021-04-08 10:00:14.4096] [INFO] Чертежи добавлены
[2021-04-08 10:01:23.4450] [INFO] Инициализация успешно пройдена
[2021-04-08 10:01:23.4919] [INFO] Инициализация контроллера авторизации успешна
[2021-04-08 10:01:23.5178] [INFO] Начата авторизация пользователя
[2021-04-08 10:01:24.4114] [INFO] Authorization was successful
[2021-04-08 10:02:10.8765] [INFO] Клиент подключился
[2021-04-08 10:02:11.0081] [INFO] Модель подключена
[2021-04-08 10:02:11.0301] [INFO] Чертежи успешно получены
[2021-04-08 10:03:28.8193] [INFO] Инициализация успешно пройдена
[2021-04-08 10:03:28.8771] [INFO] Инициализация контроллера авторизации успешна
[2021-04-08 10:03:28.8980] [INFO] Начата авторизация пользователя
[2021-04-08 10:03:29.8036] [INFO] Authorization was successful
[2021-04-08 10:03:34.3204] [INFO] Клиент подключился
[2021-04-08 10:03:34.4960] [INFO] Модель подключена
[2021-04-08 10:03:34.5219] [INFO] Чертежи успешно получены
[2021-04-08 10:05:30.7683] [INFO] Инициализация успешно пройдена
[2021-04-08 10:05:30.8232] [INFO] Инициализация контроллера авторизации успешна
[2021-04-08 10:05:30.8431] [INFO] Начата авторизация пользователя
[2021-04-08 10:05:31.7238] [INFO] Authorization was successful
[2021-04-08 10:05:31.7447] [INFO] Клиент подключился
[2021-04-08 10:05:31.8649] [INFO] Модель подключена
[2021-04-08 10:05:31.9038] [INFO] Чертежи успешно получены
[2021-04-08 10:05:52.5580] [INFO] Инициализация успешно пройдена
[2021-04-08 10:05:52.6158] [INFO] Инициализация контроллера авторизации успешна
[2021-04-08 10:05:52.6350] [INFO] Начата авторизация пользователя
[2021-04-08 10:05:53.6143] [INFO] Authorization was successful
[2021-04-08 10:05:57.1328] [INFO] Клиент подключился
[2021-04-08 10:05:57.2763] [INFO] Модель подключена
[2021-04-08 10:05:57.3032] [INFO] Чертежи успешно получены
[2021-04-08 10:06:29.0586] [INFO] Инициализация успешно пройдена
[2021-04-08 10:06:29.1145] [INFO] Инициализация контроллера авторизации успешна
[2021-04-08 10:06:29.1384] [INFO] Начата авторизация пользователя
[2021-04-08 10:06:30.1517] [INFO] Authorization was successful
[2021-04-08 10:06:30.2505] [INFO] Клиент подключился
[2021-04-08 10:06:30.3522] [INFO] Модель подключена
[2021-04-08 10:06:30.3801] [INFO] Чертежи успешно получены
[2021-04-08 10:07:48.5301] [INFO] Инициализация успешно пройдена
[2021-04-08 10:07:48.5929] [INFO] Инициализация контроллера авторизации успешна
[2021-04-08 10:07:48.6188] [INFO] Начата авторизация пользователя
[2021-04-08 10:07:49.3818] [INFO] Authorization was successful
[2021-04-08 10:07:49.4107] [INFO] Клиент подключился
[2021-04-08 10:07:49.5124] [INFO] Модель подключена
[2021-04-08 10:07:49.5483] [INFO] Чертежи успешно получены
[2021-04-08 10:14:05.3650] [INFO] Инициализация успешно пройдена
[2021-04-08 10:14:05.4209] [INFO] Инициализация контроллера авторизации успешна
[2021-04-08 10:14:05.4388] [INFO] Начата авторизация пользователя
[2021-04-08 10:14:06.3275] [INFO] Authorization was successful
[2021-04-08 10:14:07.2405] [INFO] Клиент подключился
[2021-04-08 10:14:07.3461] [INFO] Модель подключена
[2021-04-08 10:14:07.3683] [INFO] Чертежи успешно получены
[2021-04-08 10:15:37.8986] [INFO] Инициализация успешно пройдена
[2021-04-08 10:15:37.9654] [INFO] Инициализация контроллера авторизации успешна
[2021-04-08 10:15:37.9854] [INFO] Начата авторизация пользователя
[2021-04-08 10:15:38.8501] [INFO] Authorization was successful
[2021-04-08 10:15:39.0545] [INFO] Клиент подключился
[2021-04-08 10:15:39.1602] [INFO] Модель подключена
[2021-04-08 10:15:39.1842] [INFO] Чертежи успешно получены
[2021-04-08 10:15:56.7559] [INFO] Инициализация успешно пройдена
[2021-04-08 10:15:56.8187] [INFO] Инициализация контроллера авторизации успешна
[2021-04-08 10:15:56.8467] [INFO] Начата авторизация пользователя
[2021-04-08 10:15:57.8101] [INFO] Authorization was successful
[2021-04-08 10:15:57.8490] [INFO] Клиент подключился
[2021-04-08 10:15:58.0647] [INFO] Модель подключена
[2021-04-08 10:15:58.0886] [INFO] Чертежи успешно получены
[2021-04-08 10:45:00.9619] [INFO] Инициализация успешно пройдена
[2021-04-08 10:45:01.0008] [INFO] Инициализация контроллера авторизации успешна
[2021-04-08 10:45:01.0187] [INFO] Начата авторизация пользователя
[2021-04-08 10:45:01.6357] [INFO] Authorization was successful
[2021-04-08 10:45:07.6673] [INFO] Инициализация успешно пройдена
[2021-04-08 10:45:07.7122] [INFO] Инициализация контроллера авторизации успешна
[2021-04-08 10:45:07.7331] [INFO] Начата авторизация пользователя
[2021-04-08 10:45:08.6587] [INFO] Authorization was successful
[2021-04-08 10:45:10.3756] [ERROR] System.IO.IOException: Все копии канала заняты.

   в System.IO.__Error.WinIOError(Int32 errorCode, String maybeFullPath)
   в System.IO.Pipes.NamedPipeServerStream.Create(String fullPipeName, PipeDirection direction, Int32 maxNumberOfServerInstances, PipeTransmissionMode transmissionMode, PipeOptions options, Int32 inBufferSize, Int32 outBufferSize, PipeAccessRights rights, SECURITY_ATTRIBUTES secAttrs)
   в System.IO.Pipes.NamedPipeServerStream..ctor(String pipeName, PipeDirection direction, Int32 maxNumberOfServerInstances, PipeTransmissionMode transmissionMode, PipeOptions options, Int32 inBufferSize, Int32 outBufferSize, PipeSecurity pipeSecurity, HandleInheritability inheritability, PipeAccessRights additionalAccessRights)
   в System.IO.Pipes.NamedPipeServerStream..ctor(String pipeName)
   в SZMK.TeklaInteraction.Tekla21_1.Services.Server.Server.StartServer(User user) в C:\Users\thedr\Desktop\Works\SZMK\SZMK-Software-Package\SZMK.TeklaInteraction.Tekla21_1\Services\Server\Server.cs:строка 30
[2021-04-08 10:45:10.3906] [INFO] Клиент подключился
[2021-04-08 10:45:10.5242] [INFO] Модель подключена
[2021-04-08 10:45:10.5481] [INFO] Чертежи успешно получены
[2021-04-08 10:45:10.8748] [ERROR] System.Exception: Npgsql.PostgresException (0x80004005): 42P01: отношение "public.Order" не существует
   в Npgsql.NpgsqlConnector.<>c__DisplayClass160_0.<<DoReadMessage>g__ReadMessageLong|0>d.MoveNext()
--- Конец трассировка стека из предыдущего расположения, где возникло исключение ---
   в System.Runtime.ExceptionServices.ExceptionDispatchInfo.Throw()
   в Npgsql.NpgsqlConnector.<>c__DisplayClass160_0.<<DoReadMessage>g__ReadMessageLong|0>d.MoveNext() в C:\projects\npgsql\src\Npgsql\NpgsqlConnector.cs:строка 973
--- Конец трассировка стека из предыдущего расположения, где возникло исключение ---
   в System.Runtime.ExceptionServices.ExceptionDispatchInfo.Throw()
   в Npgsql.NpgsqlDataReader.<NextResult>d__44.MoveNext() в C:\projects\npgsql\src\Npgsql\NpgsqlDataReader.cs:строка 500
--- Конец трассировка стека из предыдущего расположения, где возникло исключение ---
   в System.Runtime.ExceptionServices.ExceptionDispatchInfo.Throw()
   в System.Runtime.CompilerServices.TaskAwaiter.HandleNonSuccessAndDebuggerNotification(Task task)
   в Npgsql.NpgsqlDataReader.NextResult() в C:\projects\npgsql\src\Npgsql\NpgsqlDataReader.cs:строка 306
   в Npgsql.NpgsqlCommand.<ExecuteReaderAsync>d__102.MoveNext() в C:\projects\npgsql\src\Npgsql\NpgsqlCommand.cs:строка 1206
--- Конец трассировка стека из предыдущего расположения, где возникло исключение ---
   в System.Runtime.ExceptionServices.ExceptionDispatchInfo.Throw()
   в System.Runtime.CompilerServices.TaskAwaiter.HandleNonSuccessAndDebuggerNotification(Task task)
   в Npgsql.NpgsqlCommand.ExecuteReader(CommandBehavior behavior) в C:\projects\npgsql\src\Npgsql\NpgsqlCommand.cs:строка 1076
   в SZMK.TeklaInteraction.Shared.Services.Request.GetWeightPreviousOrder(String Number, String List, String Mark) в C:\Users\thedr\Desktop\Works\SZMK\SZMK-Software-Package\SZMK.TeklaInteraction.Shared\Services\Request.cs:строка 420
  Exception data:
    Severity: ОШИБКА
    SqlState: 42P01
    MessageText: отношение "public.Order" не существует
    Position: 22
    File: d:\pginstaller_12.auto\postgres.windows-x64\src\backend\parser\parse_relation.c
    Line: 1173
    Routine: parserOpenTable ---> System.Exception: Npgsql.PostgresException (0x80004005): 42P01: отношение "public.Order" не существует
   в Npgsql.NpgsqlConnector.<>c__DisplayClass160_0.<<DoReadMessage>g__ReadMessageLong|0>d.MoveNext()
--- Конец трассировка стека из предыдущего расположения, где возникло исключение ---
   в System.Runtime.ExceptionServices.ExceptionDispatchInfo.Throw()
   в Npgsql.NpgsqlConnector.<>c__DisplayClass160_0.<<DoReadMessage>g__ReadMessageLong|0>d.MoveNext() в C:\projects\npgsql\src\Npgsql\NpgsqlConnector.cs:строка 973
--- Конец трассировка стека из предыдущего расположения, где возникло исключение ---
   в System.Runtime.ExceptionServices.ExceptionDispatchInfo.Throw()
   в Npgsql.NpgsqlDataReader.<NextResult>d__44.MoveNext() в C:\projects\npgsql\src\Npgsql\NpgsqlDataReader.cs:строка 500
--- Конец трассировка стека из предыдущего расположения, где возникло исключение ---
   в System.Runtime.ExceptionServices.ExceptionDispatchInfo.Throw()
   в System.Runtime.CompilerServices.TaskAwaiter.HandleNonSuccessAndDebuggerNotification(Task task)
   в Npgsql.NpgsqlDataReader.NextResult() в C:\projects\npgsql\src\Npgsql\NpgsqlDataReader.cs:строка 306
   в Npgsql.NpgsqlCommand.<ExecuteReaderAsync>d__102.MoveNext() в C:\projects\npgsql\src\Npgsql\NpgsqlCommand.cs:строка 1206
--- Конец трассировка стека из предыдущего расположения, где возникло исключение ---
   в System.Runtime.ExceptionServices.ExceptionDispatchInfo.Throw()
   в System.Runtime.CompilerServices.TaskAwaiter.HandleNonSuccessAndDebuggerNotification(Task task)
   в Npgsql.NpgsqlCommand.ExecuteReader(CommandBehavior behavior) в C:\projects\npgsql\src\Npgsql\NpgsqlCommand.cs:строка 1076
   в SZMK.TeklaInteraction.Shared.Services.Request.GetWeightPreviousOrder(String Number, String List, String Mark) в C:\Users\thedr\Desktop\Works\SZMK\SZMK-Software-Package\SZMK.TeklaInteraction.Shared\Services\Request.cs:строка 420
  Exception data:
    Severity: ОШИБКА
    SqlState: 42P01
    MessageText: отношение "public.Order" не существует
    Position: 22
    File: d:\pginstaller_12.auto\postgres.windows-x64\src\backend\parser\parse_relation.c
    Line: 1173
    Routine: parserOpenTable
   в SZMK.TeklaInteraction.Shared.Services.Request.GetWeightPreviousOrder(String Number, String List, String Mark) в C:\Users\thedr\Desktop\Works\SZMK\SZMK-Software-Package\SZMK.TeklaInteraction.Shared\Services\Request.cs:строка 457
   в SZMK.TeklaInteraction.Tekla21_1.Services.Server.Tekla.GetWeightDifferent(String Number, String List, String Mark, Double Weight) в C:\Users\thedr\Desktop\Works\SZMK\SZMK-Software-Package\SZMK.TeklaInteraction.Tekla21_1\Services\Server\Tekla.cs:строка 809
   в SZMK.TeklaInteraction.Tekla21_1.Services.Server.Tekla.GetDrawing(Assembly assembly, AssemblyDrawing parentDrawing) в C:\Users\thedr\Desktop\Works\SZMK\SZMK-Software-Package\SZMK.TeklaInteraction.Tekla21_1\Services\Server\Tekla.cs:строка 412
   --- Конец трассировки внутреннего стека исключений ---
   в SZMK.TeklaInteraction.Tekla21_1.Services.Server.Tekla.GetDrawing(Assembly assembly, AssemblyDrawing parentDrawing) в C:\Users\thedr\Desktop\Works\SZMK\SZMK-Software-Package\SZMK.TeklaInteraction.Tekla21_1\Services\Server\Tekla.cs:строка 419
   в SZMK.TeklaInteraction.Tekla21_1.Services.Server.Tekla.GetData(User user) в C:\Users\thedr\Desktop\Works\SZMK\SZMK-Software-Package\SZMK.TeklaInteraction.Tekla21_1\Services\Server\Tekla.cs:строка 89
[2021-04-08 10:45:10.8748] [INFO] Чертежи добавлены
[2021-04-08 10:45:50.4585] [INFO] Инициализация успешно пройдена
[2021-04-08 10:45:50.5144] [INFO] Инициализация контроллера авторизации успешна
[2021-04-08 10:45:50.5353] [INFO] Начата авторизация пользователя
[2021-04-08 10:45:51.4928] [INFO] Authorization was successful
[2021-04-08 10:45:51.5147] [INFO] Клиент подключился
[2021-04-08 10:45:51.6117] [INFO] Модель подключена
[2021-04-08 10:45:51.6328] [INFO] Чертежи успешно получены
[2021-04-08 10:45:51.9076] [INFO] Чертежи добавлены
[2021-04-08 10:45:51.9568] [INFO] Начат показ чертежей
[2021-04-08 10:45:51.9768] [INFO] Дерево успешно собрано
[2021-04-08 10:46:19.3768] [INFO] Начата проверка чертежей
[2021-04-08 10:46:19.3848] [INFO] Проверка деталей
[2021-04-08 10:46:21.2684] [INFO] Проверка деталей успешна
[2021-04-08 10:46:23.3278] [INFO] Проверка чертежей успешна
[2021-04-08 10:46:23.3407] [INFO] Начато добавление чертежей
[2021-04-08 10:46:23.5292] [INFO] Добавление чертежей успешно
[2021-04-08 10:46:23.5292] [INFO] Выполнен показ отчета не добавленных чертежей
[2021-04-08 11:01:13.6655] [INFO] Клиент подключился
[2021-04-08 11:01:13.7094] [INFO] Модель подключена
[2021-04-08 11:01:13.7243] [INFO] Чертежи успешно получены
[2021-04-08 11:01:14.0245] [INFO] Чертежи добавлены
[2021-04-08 11:01:14.0475] [INFO] Начат показ чертежей
[2021-04-08 11:01:14.0604] [INFO] Дерево успешно собрано
[2021-04-08 11:01:14.9668] [INFO] Начата проверка чертежей
[2021-04-08 11:01:14.9668] [INFO] Проверка деталей
[2021-04-08 11:01:16.0129] [INFO] Проверка деталей успешна
[2021-04-08 11:01:16.8083] [INFO] Проверка чертежей успешна
[2021-04-08 11:01:16.8083] [INFO] Начато добавление чертежей
[2021-04-08 11:01:16.9545] [INFO] Добавление чертежей успешно
[2021-04-08 11:01:16.9545] [INFO] Выполнен показ отчета не добавленных чертежей
[2021-04-08 11:01:48.3747] [INFO] Клиент подключился
[2021-04-08 11:01:48.4243] [INFO] Модель подключена
[2021-04-08 11:01:48.4333] [INFO] Чертежи успешно получены
[2021-04-08 11:01:48.6517] [INFO] Чертежи добавлены
[2021-04-08 11:01:48.6686] [INFO] Начат показ чертежей
[2021-04-08 11:01:48.6686] [INFO] Дерево успешно собрано
[2021-04-08 11:01:49.6596] [INFO] Начата проверка чертежей
[2021-04-08 11:01:49.6665] [INFO] Проверка деталей
[2021-04-08 11:01:50.7411] [INFO] Проверка деталей успешна
[2021-04-08 11:01:51.4276] [INFO] Проверка чертежей успешна
[2021-04-08 11:01:51.4346] [INFO] Начато добавление чертежей
[2021-04-08 11:02:29.0564] [INFO] Добавление чертежей успешно
[2021-04-08 11:02:29.0613] [INFO] Выполнен показ отчета не добавленных чертежей
[2021-04-08 11:02:31.3970] [INFO] Клиент подключился
[2021-04-08 11:02:31.4364] [INFO] Модель подключена
[2021-04-08 11:02:31.4475] [INFO] Чертежи успешно получены
[2021-04-08 11:02:31.6103] [INFO] Чертежи добавлены
[2021-04-08 11:02:31.6273] [INFO] Начат показ чертежей
[2021-04-08 11:02:31.6382] [INFO] Дерево успешно собрано
[2021-04-08 11:02:32.4978] [INFO] Начата проверка чертежей
[2021-04-08 11:02:32.4978] [INFO] Проверка деталей
[2021-04-08 11:02:33.2599] [INFO] Проверка деталей успешна
[2021-04-08 11:02:33.9432] [INFO] Проверка чертежей успешна
[2021-04-08 11:02:33.9502] [INFO] Начато добавление чертежей
[2021-04-08 11:03:07.5252] [INFO] Инициализация успешно пройдена
[2021-04-08 11:03:07.5870] [INFO] Инициализация контроллера авторизации успешна
[2021-04-08 11:03:07.6080] [INFO] Начата авторизация пользователя
[2021-04-08 11:03:08.3939] [INFO] Authorization was successful
[2021-04-08 11:03:11.2259] [INFO] Клиент подключился
[2021-04-08 11:03:11.3636] [INFO] Модель подключена
[2021-04-08 11:03:11.3865] [INFO] Чертежи успешно получены
[2021-04-08 11:03:11.6247] [INFO] Чертежи добавлены
[2021-04-08 11:03:11.6757] [INFO] Начат показ чертежей
[2021-04-08 11:03:11.6976] [INFO] Дерево успешно собрано
[2021-04-08 11:03:12.4891] [INFO] Начата проверка чертежей
[2021-04-08 11:03:12.4891] [INFO] Проверка деталей
[2021-04-08 11:03:13.1261] [INFO] Проверка деталей успешна
[2021-04-08 11:03:13.8094] [INFO] Проверка чертежей успешна
[2021-04-08 11:03:13.8224] [INFO] Начато добавление чертежей
[2021-04-08 11:04:40.7923] [INFO] Инициализация успешно пройдена
[2021-04-08 11:04:40.8432] [INFO] Инициализация контроллера авторизации успешна
[2021-04-08 11:04:40.8691] [INFO] Начата авторизация пользователя
[2021-04-08 11:04:41.8575] [INFO] Authorization was successful
[2021-04-08 11:04:41.8725] [INFO] Клиент подключился
[2021-04-08 11:04:42.0875] [INFO] Модель подключена
[2021-04-08 11:04:42.1174] [INFO] Чертежи успешно получены
[2021-04-08 11:04:42.3521] [INFO] Чертежи добавлены
[2021-04-08 11:04:42.4016] [INFO] Начат показ чертежей
[2021-04-08 11:04:42.4195] [INFO] Дерево успешно собрано
[2021-04-08 11:04:43.0234] [INFO] Начата проверка чертежей
[2021-04-08 11:04:43.0284] [INFO] Проверка деталей
[2021-04-08 11:04:43.6699] [INFO] Проверка деталей успешна
[2021-04-08 11:04:44.4019] [INFO] Проверка чертежей успешна
[2021-04-08 11:04:44.4019] [INFO] Начато добавление чертежей
[2021-04-08 11:04:44.5932] [INFO] Добавление чертежей успешно
[2021-04-08 11:04:44.5932] [INFO] Выполнен показ отчета не добавленных чертежей
[2021-04-08 11:06:03.0988] [INFO] Клиент подключился
[2021-04-08 11:06:03.1417] [INFO] Модель подключена
[2021-04-08 11:06:03.1517] [INFO] Чертежи успешно получены
[2021-04-08 11:06:03.4120] [INFO] Чертежи добавлены
[2021-04-08 11:06:03.4349] [INFO] Начат показ чертежей
[2021-04-08 11:06:03.4349] [INFO] Дерево успешно собрано
[2021-04-08 11:06:04.1362] [INFO] Начата проверка чертежей
[2021-04-08 11:06:04.1362] [INFO] Проверка деталей
[2021-04-08 11:06:04.7182] [INFO] Проверка деталей успешна
[2021-04-08 11:06:05.5395] [INFO] Проверка чертежей успешна
[2021-04-08 11:06:05.5445] [INFO] Начато добавление чертежей
[2021-04-08 11:06:05.6744] [INFO] Добавление чертежей успешно
[2021-04-08 11:06:05.6744] [INFO] Выполнен показ отчета не добавленных чертежей
[2021-04-08 11:06:12.0990] [INFO] Инициализация успешно пройдена
[2021-04-08 11:06:12.1529] [INFO] Инициализация контроллера авторизации успешна
[2021-04-08 11:06:12.1728] [INFO] Начата авторизация пользователя
[2021-04-08 11:06:13.1627] [INFO] Authorization was successful
[2021-04-08 11:06:13.4589] [INFO] Клиент подключился
[2021-04-08 11:06:13.6163] [INFO] Модель подключена
[2021-04-08 11:06:13.6393] [INFO] Чертежи успешно получены
[2021-04-08 11:06:13.8946] [INFO] Чертежи добавлены
[2021-04-08 11:06:13.9434] [INFO] Начат показ чертежей
[2021-04-08 11:06:13.9644] [INFO] Дерево успешно собрано
[2021-04-08 11:06:14.8152] [INFO] Начата проверка чертежей
[2021-04-08 11:06:14.8152] [INFO] Проверка деталей
[2021-04-08 11:06:15.4624] [INFO] Проверка деталей успешна
[2021-04-08 11:06:16.1030] [INFO] Проверка чертежей успешна
[2021-04-08 11:06:16.1119] [INFO] Начато добавление чертежей
[2021-04-08 11:06:16.3392] [INFO] Добавление чертежей успешно
[2021-04-08 12:24:30.3173] [INFO] Инициализация успешно пройдена
[2021-04-08 12:24:30.3682] [INFO] Инициализация контроллера авторизации успешна
[2021-04-08 12:24:30.3912] [INFO] Начата авторизация пользователя
[2021-04-08 12:24:31.2698] [INFO] Authorization was successful
[2021-04-08 12:25:12.2005] [INFO] Клиент подключился
[2021-04-08 12:25:12.3331] [INFO] Модель подключена
[2021-04-08 12:25:12.3580] [INFO] Чертежи успешно получены
[2021-04-08 12:25:27.7687] [INFO] Чертежи добавлены
[2021-04-08 12:25:34.8334] [INFO] Начат показ чертежей
[2021-04-08 12:25:34.8494] [INFO] Дерево успешно собрано
[2021-04-08 12:26:05.7967] [INFO] Начата проверка чертежей
[2021-04-08 12:26:05.7967] [INFO] Проверка деталей
[2021-04-08 12:26:07.1292] [INFO] Проверка деталей успешна
[2021-04-08 12:26:07.9913] [INFO] Проверка чертежей успешна
[2021-04-08 12:26:07.9992] [INFO] Начато добавление чертежей
[2021-04-08 12:26:08.2860] [INFO] Добавление чертежей успешно
[2021-04-08 12:28:22.6486] [INFO] Инициализация успешно пройдена
[2021-04-08 12:28:22.6924] [INFO] Инициализация контроллера авторизации успешна
[2021-04-08 12:28:22.7134] [INFO] Начата авторизация пользователя
[2021-04-08 12:28:23.4939] [INFO] Authorization was successful
[2021-04-08 20:13:08.0109] [INFO] Инициализация успешно пройдена
[2021-04-08 20:13:08.1156] [INFO] Инициализация контроллера авторизации успешна
[2021-04-08 20:13:08.1385] [INFO] Начата авторизация пользователя
[2021-04-08 20:13:09.2147] [INFO] Authorization was successful
[2021-04-08 20:13:19.5188] [INFO] Клиент подключился
[2021-04-08 20:13:19.8850] [INFO] Модель подключена
[2021-04-08 20:13:19.9086] [INFO] Чертежи успешно получены
[2021-04-08 20:13:20.0118] [INFO] Чертежи добавлены
[2021-04-08 20:13:20.0623] [INFO] Начат показ чертежей
[2021-04-08 20:13:20.0882] [INFO] Дерево успешно собрано
[2021-04-08 20:13:35.7343] [INFO] Клиент подключился
[2021-04-08 20:13:35.7675] [INFO] Модель подключена
[2021-04-08 20:13:35.7765] [INFO] Чертежи успешно получены
[2021-04-08 20:14:58.3226] [INFO] Инициализация успешно пройдена
[2021-04-08 20:14:58.3734] [INFO] Инициализация контроллера авторизации успешна
[2021-04-08 20:14:58.3924] [INFO] Начата авторизация пользователя
[2021-04-08 20:14:59.3488] [INFO] Authorization was successful
[2021-04-08 20:17:12.1517] [INFO] Инициализация успешно пройдена
[2021-04-08 20:17:12.1965] [INFO] Инициализация контроллера авторизации успешна
[2021-04-08 20:17:12.2105] [INFO] Начата авторизация пользователя
[2021-04-08 20:17:13.1929] [INFO] Authorization was successful
[2021-04-08 20:17:14.9573] [INFO] Клиент подключился
[2021-04-08 20:17:15.0956] [INFO] Модель подключена
[2021-04-08 20:17:15.1166] [INFO] Чертежи успешно получены
[2021-04-08 20:17:15.2193] [INFO] Чертежи добавлены
[2021-04-08 20:17:15.2715] [INFO] Начат показ чертежей
[2021-04-08 20:17:15.2895] [INFO] Дерево успешно собрано
[2021-04-08 20:17:27.3416] [INFO] Клиент подключился
[2021-04-08 20:17:27.3692] [INFO] Модель подключена
[2021-04-08 20:17:27.3692] [INFO] Чертежи успешно получены
[2021-04-08 20:17:50.0610] [INFO] Инициализация успешно пройдена
[2021-04-08 20:17:50.1158] [INFO] Инициализация контроллера авторизации успешна
[2021-04-08 20:17:50.1338] [INFO] Начата авторизация пользователя
[2021-04-08 20:17:50.9845] [INFO] Authorization was successful
[2021-04-08 20:17:51.0134] [INFO] Клиент подключился
[2021-04-08 20:17:51.1151] [INFO] Модель подключена
[2021-04-08 20:17:51.1381] [INFO] Чертежи успешно получены
[2021-04-08 20:17:51.2611] [INFO] Чертежи добавлены
[2021-04-08 20:17:51.3146] [INFO] Начат показ чертежей
[2021-04-08 20:17:51.3336] [INFO] Дерево успешно собрано
[2021-04-08 20:17:54.7697] [INFO] Начата проверка чертежей
[2021-04-08 20:17:54.7776] [INFO] Проверка деталей
[2021-04-08 20:17:55.6115] [INFO] Проверка деталей успешна
[2021-04-08 20:17:55.6345] [INFO] Проверка чертежей успешна
[2021-04-08 20:17:55.6424] [INFO] Начато добавление чертежей
[2021-04-08 20:17:55.7242] [INFO] Добавление чертежей успешно
[2021-04-08 20:18:41.0847] [INFO] Клиент подключился
[2021-04-08 20:18:41.1256] [INFO] Модель подключена
[2021-04-08 20:18:41.1375] [INFO] Чертежи успешно получены
[2021-04-08 20:18:41.2433] [INFO] Чертежи добавлены
[2021-04-08 20:18:41.2712] [INFO] Начат показ чертежей
[2021-04-08 20:18:41.2841] [INFO] Дерево успешно собрано
[2021-04-08 20:18:48.5803] [INFO] Клиент подключился
[2021-04-08 20:18:48.6232] [INFO] Модель подключена
[2021-04-08 20:18:48.6232] [INFO] Чертежи успешно получены
[2021-04-08 20:19:21.7491] [INFO] Инициализация успешно пройдена
[2021-04-08 20:19:21.8029] [INFO] Инициализация контроллера авторизации успешна
[2021-04-08 20:19:21.8269] [INFO] Начата авторизация пользователя
[2021-04-08 20:19:22.6457] [INFO] Authorization was successful
[2021-04-08 20:19:22.6746] [INFO] Клиент подключился
[2021-04-08 20:19:22.8063] [INFO] Модель подключена
[2021-04-08 20:19:22.8332] [INFO] Чертежи успешно получены
[2021-04-08 20:22:00.7328] [INFO] Инициализация успешно пройдена
[2021-04-08 20:22:00.8106] [INFO] Инициализация контроллера авторизации успешна
[2021-04-08 20:22:00.8345] [INFO] Начата авторизация пользователя
[2021-04-08 20:22:01.8618] [INFO] Authorization was successful
[2021-04-08 20:23:09.3376] [INFO] Инициализация успешно пройдена
[2021-04-08 20:23:09.3935] [INFO] Инициализация контроллера авторизации успешна
[2021-04-08 20:23:09.4144] [INFO] Начата авторизация пользователя
[2021-04-08 20:23:10.5065] [INFO] Authorization was successful
[2021-04-08 20:23:35.0402] [INFO] Клиент подключился
[2021-04-08 20:23:35.2725] [INFO] Модель подключена
[2021-04-08 20:23:35.2955] [INFO] Чертежи успешно получены
[2021-04-08 20:23:37.9947] [INFO] Чертежи добавлены
[2021-04-08 20:23:38.0456] [INFO] Начат показ чертежей
[2021-04-08 20:23:38.0695] [INFO] Дерево успешно собрано
[2021-04-08 20:23:40.6799] [INFO] Начата проверка чертежей
[2021-04-08 20:23:40.7253] [INFO] Проверка деталей
[2021-04-08 20:23:41.9928] [INFO] Проверка деталей успешна
[2021-04-08 20:23:42.0147] [INFO] Проверка чертежей успешна
[2021-04-08 20:23:42.0147] [INFO] Начато добавление чертежей
[2021-04-08 20:23:42.1259] [INFO] Добавление чертежей успешно
[2021-04-08 20:24:20.7588] [INFO] Клиент подключился
[2021-04-08 20:24:20.7947] [INFO] Модель подключена
[2021-04-08 20:24:20.7947] [INFO] Чертежи успешно получены
[2021-04-08 20:24:22.4246] [ERROR] System.Exception: System.FormatException: Входная строка имела неверный формат.
   в System.Number.StringToNumber(String str, NumberStyles options, NumberBuffer& number, NumberFormatInfo info, Boolean parseDecimal)
   в System.Number.ParseInt32(String s, NumberStyles style, NumberFormatInfo info)
   в System.Convert.ToInt32(String value)
   в SZMK.TeklaInteraction.Shared.Services.Request.GetWeightPreviousOrder(String Number, String List, String Mark) в C:\Users\thedr\Desktop\Works\SZMK\SZMK-Software-Package\SZMK.TeklaInteraction.Shared\Services\Request.cs:строка 424 ---> System.Exception: System.FormatException: Входная строка имела неверный формат.
   в System.Number.StringToNumber(String str, NumberStyles options, NumberBuffer& number, NumberFormatInfo info, Boolean parseDecimal)
   в System.Number.ParseInt32(String s, NumberStyles style, NumberFormatInfo info)
   в System.Convert.ToInt32(String value)
   в SZMK.TeklaInteraction.Shared.Services.Request.GetWeightPreviousOrder(String Number, String List, String Mark) в C:\Users\thedr\Desktop\Works\SZMK\SZMK-Software-Package\SZMK.TeklaInteraction.Shared\Services\Request.cs:строка 424
   в SZMK.TeklaInteraction.Shared.Services.Request.GetWeightPreviousOrder(String Number, String List, String Mark) в C:\Users\thedr\Desktop\Works\SZMK\SZMK-Software-Package\SZMK.TeklaInteraction.Shared\Services\Request.cs:строка 457
   в SZMK.TeklaInteraction.Tekla21_1.Services.Server.Tekla.GetWeightDifferent(String Number, String List, String Mark, Double Weight) в C:\Users\thedr\Desktop\Works\SZMK\SZMK-Software-Package\SZMK.TeklaInteraction.Tekla21_1\Services\Server\Tekla.cs:строка 812
   в SZMK.TeklaInteraction.Tekla21_1.Services.Server.Tekla.GetDrawing(Assembly assembly, AssemblyDrawing parentDrawing) в C:\Users\thedr\Desktop\Works\SZMK\SZMK-Software-Package\SZMK.TeklaInteraction.Tekla21_1\Services\Server\Tekla.cs:строка 412
   --- Конец трассировки внутреннего стека исключений ---
   в SZMK.TeklaInteraction.Tekla21_1.Services.Server.Tekla.GetDrawing(Assembly assembly, AssemblyDrawing parentDrawing) в C:\Users\thedr\Desktop\Works\SZMK\SZMK-Software-Package\SZMK.TeklaInteraction.Tekla21_1\Services\Server\Tekla.cs:строка 419
   в SZMK.TeklaInteraction.Tekla21_1.Services.Server.Tekla.GetData(User user) в C:\Users\thedr\Desktop\Works\SZMK\SZMK-Software-Package\SZMK.TeklaInteraction.Tekla21_1\Services\Server\Tekla.cs:строка 89
[2021-04-08 20:24:22.4246] [INFO] Чертежи добавлены
[2021-04-08 20:24:31.8823] [INFO] Клиент подключился
[2021-04-08 20:24:31.9072] [INFO] Модель подключена
[2021-04-08 20:24:31.9181] [INFO] Чертежи успешно получены
[2021-04-08 20:25:09.4704] [INFO] Инициализация успешно пройдена
[2021-04-08 20:25:09.5293] [INFO] Инициализация контроллера авторизации успешна
[2021-04-08 20:25:09.5562] [INFO] Начата авторизация пользователя
[2021-04-08 20:25:10.6373] [INFO] Authorization was successful
[2021-04-08 20:25:10.7281] [INFO] Клиент подключился
[2021-04-08 20:25:10.8906] [INFO] Модель подключена
[2021-04-08 20:25:10.9335] [INFO] Чертежи успешно получены
[2021-04-08 20:25:51.4459] [INFO] Чертежи добавлены
[2021-04-08 20:25:58.5079] [INFO] Начат показ чертежей
[2021-04-08 20:25:58.5289] [INFO] Дерево успешно собрано
[2021-04-08 20:25:59.7613] [INFO] Начата проверка чертежей
[2021-04-08 20:25:59.7613] [INFO] Проверка деталей
[2021-04-08 20:26:01.0282] [INFO] Проверка деталей успешна
[2021-04-08 20:26:01.0957] [INFO] Проверка чертежей успешна
[2021-04-08 20:26:01.1067] [INFO] Начато добавление чертежей
[2021-04-08 20:26:01.2902] [INFO] Добавление чертежей успешно
[2021-04-08 22:15:16.8073] [INFO] Инициализация успешно пройдена
[2021-04-08 22:15:16.8836] [INFO] Инициализация контроллера авторизации успешна
[2021-04-08 22:15:16.9189] [INFO] Начата авторизация пользователя
[2021-04-08 22:15:17.9546] [INFO] Authorization was successful
[2021-04-08 22:15:20.6796] [INFO] Клиент подключился
[2021-04-08 22:15:20.8508] [INFO] Модель подключена
[2021-04-08 22:15:20.8737] [INFO] Чертежи успешно получены
[2021-04-08 22:15:20.9894] [INFO] Чертежи добавлены
[2021-04-08 22:15:21.0387] [INFO] Начат показ чертежей
[2021-04-08 22:15:21.0607] [INFO] Дерево успешно собрано
[2021-04-08 22:15:22.3195] [INFO] Начата проверка чертежей
[2021-04-08 22:15:22.3256] [INFO] Проверка деталей
[2021-04-08 22:15:23.3777] [INFO] Проверка деталей успешна
[2021-04-08 22:15:23.4457] [INFO] Проверка чертежей успешна
[2021-04-08 22:15:23.4537] [INFO] Начато добавление чертежей
[2021-04-08 22:15:23.6427] [INFO] Добавление чертежей успешно
[2021-04-08 22:16:08.8681] [INFO] Инициализация успешно пройдена
[2021-04-08 22:16:08.9323] [INFO] Инициализация контроллера авторизации успешна
[2021-04-08 22:16:08.9582] [INFO] Начата авторизация пользователя
[2021-04-08 22:16:09.8318] [INFO] Authorization was successful
[2021-04-08 22:16:14.3911] [INFO] Клиент подключился
[2021-04-08 22:16:14.5353] [INFO] Модель подключена
[2021-04-08 22:16:14.5580] [INFO] Чертежи успешно получены
[2021-04-08 22:16:14.6712] [INFO] Чертежи добавлены
[2021-04-08 22:16:14.7240] [INFO] Начат показ чертежей
[2021-04-08 22:16:14.7439] [INFO] Дерево успешно собрано
[2021-04-08 22:16:15.8564] [INFO] Начата проверка чертежей
[2021-04-08 22:16:15.8564] [INFO] Проверка деталей
[2021-04-08 22:16:17.0202] [INFO] Проверка деталей успешна
[2021-04-08 22:16:17.0930] [INFO] Проверка чертежей успешна
[2021-04-08 22:16:17.1045] [INFO] Начато добавление чертежей
[2021-04-08 22:16:17.1045] [INFO] Добавление чертежей успешно
[2021-04-08 22:16:17.1214] [INFO] Выполнен показ отчета не добавленных чертежей
[2021-04-08 22:16:54.9405] [INFO] Инициализация успешно пройдена
[2021-04-08 22:16:55.0047] [INFO] Инициализация контроллера авторизации успешна
[2021-04-08 22:16:55.0337] [INFO] Начата авторизация пользователя
[2021-04-08 22:16:55.9113] [INFO] Authorization was successful
[2021-04-08 22:16:56.3987] [INFO] Клиент подключился
[2021-04-08 22:16:56.5487] [INFO] Модель подключена
[2021-04-08 22:16:56.5697] [INFO] Чертежи успешно получены
[2021-04-08 22:16:56.7116] [INFO] Чертежи добавлены
[2021-04-08 22:16:56.7616] [INFO] Начат показ чертежей
[2021-04-08 22:16:56.7845] [INFO] Дерево успешно собрано
[2021-04-08 22:16:57.5948] [INFO] Начата проверка чертежей
[2021-04-08 22:16:57.5948] [INFO] Проверка деталей
[2021-04-08 22:16:58.1119] [INFO] Проверка деталей успешна
[2021-04-08 22:16:58.1757] [INFO] Проверка чертежей успешна
[2021-04-08 22:16:58.1846] [INFO] Начато добавление чертежей
[2021-04-08 22:17:58.6591] [INFO] Добавление чертежей успешно
[2021-04-08 22:19:24.5653] [INFO] Инициализация успешно пройдена
[2021-04-08 22:19:24.6280] [INFO] Инициализация контроллера авторизации успешна
[2021-04-08 22:19:24.6470] [INFO] Начата авторизация пользователя
[2021-04-08 22:19:25.5780] [INFO] Authorization was successful
[2021-04-08 22:19:30.0071] [INFO] Клиент подключился
[2021-04-08 22:19:30.1602] [INFO] Модель подключена
[2021-04-08 22:19:30.1872] [INFO] Чертежи успешно получены
[2021-04-08 22:19:30.2834] [INFO] Чертежи добавлены
[2021-04-08 22:19:30.3323] [INFO] Начат показ чертежей
[2021-04-08 22:19:30.3534] [INFO] Дерево успешно собрано
[2021-04-08 22:19:43.3516] [INFO] Начата проверка чертежей
[2021-04-08 22:19:43.3580] [INFO] Проверка деталей
[2021-04-08 22:19:43.9844] [INFO] Проверка деталей успешна
[2021-04-08 22:19:44.0485] [INFO] Проверка чертежей успешна
[2021-04-08 22:19:44.0485] [INFO] Начато добавление чертежей
[2021-04-08 22:20:21.7116] [INFO] Инициализация успешно пройдена
[2021-04-08 22:20:21.8218] [INFO] Инициализация контроллера авторизации успешна
[2021-04-08 22:20:21.8627] [INFO] Начата авторизация пользователя
[2021-04-08 22:20:23.1200] [INFO] Authorization was successful
[2021-04-08 22:20:23.1389] [INFO] Клиент подключился
[2021-04-08 22:20:23.3199] [INFO] Модель подключена
[2021-04-08 22:20:23.3517] [INFO] Чертежи успешно получены
[2021-04-08 22:20:23.6192] [INFO] Чертежи добавлены
[2021-04-08 22:20:23.6911] [INFO] Начат показ чертежей
[2021-04-08 22:20:23.7241] [INFO] Дерево успешно собрано
[2021-04-08 22:20:24.5095] [INFO] Начата проверка чертежей
[2021-04-08 22:20:24.5200] [INFO] Проверка деталей
[2021-04-08 22:20:25.0938] [INFO] Проверка деталей успешна
[2021-04-08 22:20:25.2040] [INFO] Проверка чертежей успешна
[2021-04-08 22:20:25.2140] [INFO] Начато добавление чертежей
[2021-04-08 22:21:59.7310] [INFO] Инициализация успешно пройдена
[2021-04-08 22:21:59.7980] [INFO] Инициализация контроллера авторизации успешна
[2021-04-08 22:21:59.8289] [INFO] Начата авторизация пользователя
[2021-04-08 22:22:00.9060] [INFO] Authorization was successful
[2021-04-08 22:22:02.1530] [INFO] Клиент подключился
[2021-04-08 22:22:02.2832] [INFO] Модель подключена
[2021-04-08 22:22:02.3101] [INFO] Чертежи успешно получены
[2021-04-08 22:22:02.4158] [INFO] Чертежи добавлены
[2021-04-08 22:22:02.4662] [INFO] Начат показ чертежей
[2021-04-08 22:22:02.4872] [INFO] Дерево успешно собрано
[2021-04-08 22:22:03.2787] [INFO] Начата проверка чертежей
[2021-04-08 22:22:03.2787] [INFO] Проверка деталей
[2021-04-08 22:22:04.4117] [INFO] Проверка деталей успешна
[2021-04-08 22:22:04.5061] [INFO] Проверка чертежей успешна
[2021-04-08 22:22:04.5181] [INFO] Начато добавление чертежей
[2021-04-08 22:22:13.4116] [INFO] Добавление чертежей успешно
