[2021-03-28 18:24:25.5813] [INFO] Инициализация успешно пройдена
[2021-03-28 18:24:25.6930] [INFO] Инициализация контроллера авторизации успешна
[2021-03-28 18:24:25.7219] [INFO] Начата авторизация пользователя
[2021-03-28 18:24:27.1940] [INFO] Authorization was successful
[2021-03-28 18:35:33.7044] [INFO] Инициализация успешно пройдена
[2021-03-28 18:35:33.7583] [INFO] Инициализация контроллера авторизации успешна
[2021-03-28 18:35:33.7752] [INFO] Начата авторизация пользователя
[2021-03-28 18:35:34.6150] [INFO] Authorization was successful
[2021-03-28 18:35:54.6988] [INFO] Инициализация успешно пройдена
[2021-03-28 18:35:54.7916] [INFO] Инициализация контроллера авторизации успешна
[2021-03-28 18:35:54.8334] [INFO] Начата авторизация пользователя
[2021-03-28 18:35:56.3105] [INFO] Authorization was successful
[2021-03-28 18:36:52.8947] [INFO] Клиент подключился
[2021-03-28 18:36:53.1770] [INFO] Модель подключена
[2021-03-28 18:36:53.2258] [INFO] Чертежи успешно получены
[2021-03-28 18:36:55.8598] [INFO] Чертежи добавлены
[2021-03-28 18:36:55.9446] [INFO] Начат показ чертежей
[2021-03-28 18:36:55.9775] [INFO] Дерево успешно собрано
[2021-03-28 18:37:07.1745] [INFO] Начата проверка чертежей
[2021-03-28 18:37:07.1845] [INFO] Проверка деталей
[2021-03-28 18:37:16.4447] [INFO] Проверка деталей успешна
[2021-03-28 18:37:16.6342] [INFO] Проверка чертежей успешна
[2021-03-28 18:37:16.6482] [INFO] Начато добавление чертежей
[2021-03-28 18:37:16.6482] [INFO] Добавление чертежей успешно
[2021-03-28 18:37:16.6681] [INFO] Выполнен показ отчета не добавленных чертежей
[2021-03-28 18:37:20.6999] [INFO] Клиент подключился
[2021-03-28 18:37:20.7597] [INFO] Модель подключена
[2021-03-28 18:37:20.8574] [INFO] Чертежи успешно получены
[2021-03-28 18:37:20.9392] [INFO] Чертежи добавлены
[2021-03-28 18:37:20.9622] [INFO] Начат показ чертежей
[2021-03-28 18:37:20.9622] [INFO] Дерево успешно собрано
[2021-03-28 18:37:22.0862] [INFO] Начата проверка чертежей
[2021-03-28 18:37:22.0862] [INFO] Проверка деталей
[2021-03-28 18:37:23.1733] [INFO] Проверка деталей успешна
[2021-03-28 18:37:23.2062] [INFO] Проверка чертежей успешна
[2021-03-28 18:37:23.2131] [INFO] Начато добавление чертежей
[2021-03-28 18:37:23.2131] [INFO] Добавление чертежей успешно
[2021-03-28 18:37:23.2311] [INFO] Выполнен показ отчета не добавленных чертежей
[2021-03-28 18:37:24.4349] [INFO] Клиент подключился
[2021-03-28 18:37:24.4860] [INFO] Модель подключена
[2021-03-28 18:37:24.5019] [INFO] Чертежи успешно получены
[2021-03-28 18:37:24.5658] [INFO] Чертежи добавлены
[2021-03-28 18:37:24.5887] [INFO] Начат показ чертежей
[2021-03-28 18:37:24.6052] [INFO] Дерево успешно собрано
[2021-03-28 18:37:28.1208] [INFO] Клиент подключился
[2021-03-28 18:37:28.1597] [INFO] Модель подключена
[2021-03-28 18:37:28.1747] [INFO] Чертежи успешно получены
[2021-03-28 18:37:28.5018] [INFO] Чертежи добавлены
[2021-03-28 18:37:28.5247] [INFO] Начат показ чертежей
[2021-03-28 18:37:28.5387] [INFO] Дерево успешно собрано
[2021-03-28 18:37:29.4931] [INFO] Начата проверка чертежей
[2021-03-28 18:37:29.4931] [INFO] Проверка деталей
[2021-03-28 18:37:30.6361] [INFO] Проверка деталей успешна
[2021-03-28 18:37:30.6720] [INFO] Проверка чертежей успешна
[2021-03-28 18:37:30.6820] [INFO] Начато добавление чертежей
[2021-03-28 18:37:30.6820] [INFO] Добавление чертежей успешно
[2021-03-28 18:37:30.6949] [INFO] Выполнен показ отчета не добавленных чертежей
[2021-03-28 18:37:33.8769] [INFO] Клиент подключился
[2021-03-28 18:37:33.9218] [INFO] Модель подключена
[2021-03-28 18:37:33.9387] [INFO] Чертежи успешно получены
[2021-03-28 18:37:34.0445] [INFO] Чертежи добавлены
[2021-03-28 18:37:40.8971] [INFO] Начат показ чертежей
[2021-03-28 18:37:40.8971] [INFO] Дерево успешно собрано
[2021-03-28 18:37:41.7479] [INFO] Начата проверка чертежей
[2021-03-28 18:37:41.7638] [INFO] Проверка деталей
[2021-03-28 18:37:43.2370] [INFO] Проверка деталей успешна
[2021-03-28 18:37:47.0099] [INFO] Проверка чертежей успешна
[2021-03-28 18:37:47.0099] [INFO] Начато добавление чертежей
[2021-03-28 18:37:47.2094] [INFO] Добавление чертежей успешно
[2021-03-28 18:39:16.1328] [INFO] Клиент подключился
[2021-03-28 18:39:16.1757] [INFO] Модель подключена
[2021-03-28 18:39:16.2714] [INFO] Чертежи успешно получены
[2021-03-28 18:39:16.4280] [ERROR] System.Exception: Не заполнено поле "Дата"
   в SZMK.TeklaInteraction.Tekla21_1.Services.Server.Tekla.GetData(User user) в C:\Users\thedr\Desktop\Works\SZMK\SZMK-Software-Package\SZMK.TeklaInteraction.Tekla21_1\Services\Server\Tekla.cs:строка 87
[2021-03-28 18:39:16.4340] [INFO] Чертежи добавлены
[2021-03-28 18:39:20.5451] [INFO] Клиент подключился
[2021-03-28 18:39:20.5909] [INFO] Модель подключена
[2021-03-28 18:39:20.6079] [INFO] Чертежи успешно получены
[2021-03-28 18:39:20.7206] [INFO] Чертежи добавлены
[2021-03-28 18:39:20.7465] [INFO] Начат показ чертежей
[2021-03-28 18:39:20.7614] [INFO] Дерево успешно собрано
[2021-03-28 18:39:21.7807] [INFO] Начата проверка чертежей
[2021-03-28 18:39:21.7937] [INFO] Проверка деталей
[2021-03-28 18:39:23.2656] [INFO] Проверка деталей успешна
[2021-03-28 18:39:23.2965] [INFO] Проверка чертежей успешна
[2021-03-28 18:39:23.3055] [INFO] Начато добавление чертежей
[2021-03-28 18:39:23.3055] [INFO] Добавление чертежей успешно
[2021-03-28 18:39:23.3205] [INFO] Выполнен показ отчета не добавленных чертежей
[2021-03-28 18:39:30.2121] [INFO] Клиент подключился
[2021-03-28 18:39:30.2569] [INFO] Модель подключена
[2021-03-28 18:39:30.2749] [INFO] Чертежи успешно получены
[2021-03-28 18:39:30.4026] [INFO] Чертежи добавлены
[2021-03-28 18:39:30.4245] [INFO] Начат показ чертежей
[2021-03-28 18:39:30.4424] [INFO] Дерево успешно собрано
[2021-03-28 18:39:31.2762] [INFO] Начата проверка чертежей
[2021-03-28 18:39:31.2762] [INFO] Проверка деталей
[2021-03-28 18:39:32.3862] [INFO] Проверка деталей успешна
[2021-03-28 18:39:32.4112] [INFO] Проверка чертежей успешна
[2021-03-28 18:39:32.4172] [INFO] Начато добавление чертежей
[2021-03-28 18:39:32.4172] [INFO] Добавление чертежей успешно
[2021-03-28 18:39:32.4321] [INFO] Выполнен показ отчета не добавленных чертежей
[2021-03-28 18:41:20.9137] [INFO] Инициализация успешно пройдена
[2021-03-28 18:41:20.9955] [INFO] Инициализация контроллера авторизации успешна
[2021-03-28 18:41:21.0254] [INFO] Начата авторизация пользователя
[2021-03-28 18:41:22.4645] [INFO] Authorization was successful
[2021-03-28 18:41:22.4945] [INFO] Клиент подключился
[2021-03-28 18:41:22.7209] [INFO] Модель подключена
[2021-03-28 18:41:22.7558] [INFO] Чертежи успешно получены
[2021-03-28 18:41:22.8784] [INFO] Чертежи добавлены
[2021-03-28 18:41:22.9413] [INFO] Начат показ чертежей
[2021-03-28 18:41:22.9742] [INFO] Дерево успешно собрано
[2021-03-28 18:41:23.9646] [INFO] Начата проверка чертежей
[2021-03-28 18:41:23.9646] [INFO] Проверка деталей
[2021-03-28 18:41:26.3093] [INFO] Проверка деталей успешна
[2021-03-28 18:41:26.3572] [INFO] Проверка чертежей успешна
[2021-03-28 18:41:26.3674] [INFO] Начато добавление чертежей
[2021-03-28 18:42:23.8467] [INFO] Добавление чертежей успешно
[2021-03-28 18:45:11.7857] [INFO] Инициализация успешно пройдена
[2021-03-28 18:45:11.8325] [INFO] Инициализация контроллера авторизации успешна
[2021-03-28 18:45:11.8545] [INFO] Начата авторизация пользователя
[2021-03-28 18:45:12.5586] [INFO] Authorization was successful
