[2021-02-27 10:35:46.3316] [INFO] Инициализация успешно пройдена
[2021-02-27 10:35:46.3904] [INFO] Инициализация контроллера авторизации успешна
[2021-02-27 10:35:46.4183] [INFO] Начата авторизация пользователя
[2021-02-27 10:35:47.0896] [INFO] Authorization was successful
[2021-02-27 10:36:14.8287] [INFO] Инициализация успешно пройдена
[2021-02-27 10:36:14.8896] [INFO] Инициализация контроллера авторизации успешна
[2021-02-27 10:36:14.9384] [INFO] Начата авторизация пользователя
[2021-02-27 10:36:15.8037] [INFO] Authorization was successful
[2021-02-27 10:36:45.7007] [INFO] Клиент подключился
[2021-02-27 10:36:45.8513] [INFO] Модель подключена
[2021-02-27 10:36:45.8852] [INFO] Чертежи успешно получены
[2021-02-27 10:36:59.8833] [INFO] Чертежи добавлены
[2021-02-27 10:37:06.9379] [INFO] Начат показ чертежей
[2021-02-27 10:37:06.9618] [INFO] Дерево успешно собрано
[2021-02-27 10:38:10.4874] [INFO] Клиент подключился
[2021-02-27 10:38:10.5373] [INFO] Модель подключена
[2021-02-27 10:38:10.5542] [INFO] Чертежи успешно получены
[2021-02-27 10:38:20.2805] [INFO] Чертежи добавлены
[2021-02-27 10:38:20.3005] [INFO] Начат показ чертежей
[2021-02-27 10:38:20.3005] [INFO] Дерево успешно собрано
[2021-02-27 10:41:35.7827] [INFO] Клиент подключился
[2021-02-27 10:41:35.8286] [INFO] Модель подключена
[2021-02-27 10:41:35.8475] [INFO] Чертежи успешно получены
[2021-02-27 10:41:47.3570] [INFO] Чертежи добавлены
[2021-02-27 10:41:47.3789] [INFO] Начат показ чертежей
[2021-02-27 10:41:47.3789] [INFO] Дерево успешно собрано
[2021-02-27 10:43:56.0831] [INFO] Клиент подключился
[2021-02-27 10:43:56.1310] [INFO] Модель подключена
[2021-02-27 10:43:56.1539] [INFO] Чертежи успешно получены
[2021-02-27 10:44:00.5620] [INFO] Чертежи добавлены
[2021-02-27 10:44:00.5809] [INFO] Начат показ чертежей
[2021-02-27 10:44:00.5809] [INFO] Дерево успешно собрано
[2021-02-27 10:45:07.1555] [INFO] Клиент подключился
[2021-02-27 10:45:07.2043] [INFO] Модель подключена
[2021-02-27 10:45:07.2043] [INFO] Чертежи успешно получены
[2021-02-27 10:45:12.4508] [INFO] Чертежи добавлены
[2021-02-27 10:45:12.4707] [INFO] Начат показ чертежей
[2021-02-27 10:45:12.4707] [INFO] Дерево успешно собрано
[2021-02-27 10:58:06.3617] [INFO] Инициализация успешно пройдена
[2021-02-27 10:58:06.4086] [INFO] Инициализация контроллера авторизации успешна
[2021-02-27 10:58:06.4325] [INFO] Начата авторизация пользователя
[2021-02-27 10:58:07.0459] [INFO] Authorization was successful
[2021-02-27 10:58:17.4983] [INFO] Инициализация успешно пройдена
[2021-02-27 10:58:17.5422] [INFO] Инициализация контроллера авторизации успешна
[2021-02-27 10:58:17.5691] [INFO] Начата авторизация пользователя
[2021-02-27 10:58:18.4368] [INFO] Authorization was successful
[2021-02-27 10:58:22.6488] [INFO] Клиент подключился
[2021-02-27 10:58:22.7824] [INFO] Модель подключена
[2021-02-27 10:58:22.8093] [INFO] Чертежи успешно получены
[2021-02-27 10:58:24.3413] [INFO] Чертежи добавлены
[2021-02-27 10:58:44.9390] [INFO] Клиент подключился
[2021-02-27 10:58:44.9789] [INFO] Модель подключена
[2021-02-27 10:58:44.9898] [INFO] Чертежи успешно получены
[2021-02-27 10:58:45.0267] [INFO] Чертежи добавлены
[2021-02-27 10:59:03.9694] [INFO] Клиент подключился
[2021-02-27 10:59:04.0092] [INFO] Модель подключена
[2021-02-27 10:59:04.0197] [INFO] Чертежи успешно получены
[2021-02-27 10:59:04.0676] [INFO] Чертежи добавлены
[2021-02-27 10:59:28.9986] [INFO] Клиент подключился
[2021-02-27 10:59:29.0394] [INFO] Модель подключена
[2021-02-27 10:59:29.0653] [INFO] Чертежи успешно получены
[2021-02-27 10:59:38.9582] [ERROR] System.NullReferenceException: Ссылка на объект не указывает на экземпляр объекта.
   в SZMK.TeklaInteraction.Tekla21_1.Services.Server.Tekla.GetData(User user) в C:\Users\thedr\Desktop\Works\SZMK\SZMK-Software-Package\SZMK.TeklaInteraction.Tekla21_1\Services\Server\Tekla.cs:строка 94
[2021-02-27 10:59:55.9009] [INFO] Инициализация успешно пройдена
[2021-02-27 10:59:55.9677] [INFO] Инициализация контроллера авторизации успешна
[2021-02-27 10:59:56.0964] [INFO] Начата авторизация пользователя
[2021-02-27 10:59:56.8514] [INFO] Authorization was successful
[2021-02-27 11:00:43.9261] [INFO] Клиент подключился
[2021-02-27 11:00:44.0667] [INFO] Модель подключена
[2021-02-27 11:00:44.0896] [INFO] Чертежи успешно получены
[2021-02-27 11:00:44.1405] [INFO] Чертежи добавлены
[2021-02-27 11:01:07.0756] [INFO] Клиент подключился
[2021-02-27 11:01:07.1294] [INFO] Модель подключена
[2021-02-27 11:01:07.1603] [INFO] Чертежи успешно получены
[2021-02-27 11:01:13.7871] [INFO] Чертежи добавлены
[2021-02-27 11:01:32.4202] [INFO] Клиент подключился
[2021-02-27 11:01:32.4591] [INFO] Модель подключена
[2021-02-27 11:01:32.4721] [INFO] Чертежи успешно получены
[2021-02-27 11:01:38.3058] [INFO] Чертежи добавлены
[2021-02-27 11:01:56.5929] [INFO] Клиент подключился
[2021-02-27 11:01:56.6428] [INFO] Модель подключена
[2021-02-27 11:01:56.6837] [INFO] Чертежи успешно получены
[2021-02-27 11:02:00.7754] [INFO] Чертежи добавлены
[2021-02-27 11:02:47.6426] [INFO] Клиент подключился
[2021-02-27 11:02:47.6924] [INFO] Модель подключена
[2021-02-27 11:02:47.7024] [INFO] Чертежи успешно получены
[2021-02-27 11:02:55.1948] [INFO] Чертежи добавлены
[2021-02-27 11:03:01.0742] [INFO] Клиент подключился
[2021-02-27 11:03:01.1160] [INFO] Модель подключена
[2021-02-27 11:03:01.1260] [INFO] Чертежи успешно получены
[2021-02-27 11:03:17.1717] [INFO] Чертежи добавлены
[2021-02-27 11:03:17.1886] [INFO] Начат показ чертежей
[2021-02-27 11:03:17.2046] [INFO] Дерево успешно собрано
[2021-02-27 11:03:52.5737] [INFO] Клиент подключился
[2021-02-27 11:03:52.6126] [INFO] Модель подключена
[2021-02-27 11:03:52.6265] [INFO] Чертежи успешно получены
[2021-02-27 11:04:00.3620] [INFO] Инициализация успешно пройдена
[2021-02-27 11:04:00.4049] [INFO] Инициализация контроллера авторизации успешна
[2021-02-27 11:04:00.4338] [INFO] Начата авторизация пользователя
[2021-02-27 11:04:01.2157] [INFO] Authorization was successful
[2021-02-27 11:08:00.1941] [INFO] Клиент подключился
[2021-02-27 11:08:00.3537] [INFO] Модель подключена
[2021-02-27 11:08:00.3777] [INFO] Чертежи успешно получены
[2021-02-27 11:08:11.3521] [INFO] Чертежи добавлены
[2021-02-27 11:08:18.4109] [INFO] Начат показ чертежей
[2021-02-27 11:08:18.4348] [INFO] Дерево успешно собрано
[2021-02-27 11:08:34.5025] [INFO] Клиент подключился
[2021-02-27 11:08:34.5464] [INFO] Модель подключена
[2021-02-27 11:08:34.5683] [INFO] Чертежи успешно получены
[2021-02-27 11:08:34.6002] [INFO] Чертежи добавлены
[2021-02-27 11:21:29.4637] [INFO] Инициализация успешно пройдена
[2021-02-27 11:21:29.6064] [INFO] Инициализация контроллера авторизации успешна
[2021-02-27 11:21:29.6762] [INFO] Начата авторизация пользователя
[2021-02-27 11:21:30.6725] [INFO] Authorization was successful
[2021-02-27 11:21:45.5217] [INFO] Клиент подключился
[2021-02-27 11:21:45.6663] [INFO] Модель подключена
[2021-02-27 11:21:45.6912] [INFO] Чертежи успешно получены
[2021-02-27 11:21:45.7411] [INFO] Чертежи добавлены
[2021-02-27 11:22:08.3878] [INFO] Клиент подключился
[2021-02-27 11:22:08.4397] [INFO] Модель подключена
[2021-02-27 11:22:08.4556] [INFO] Чертежи успешно получены
[2021-02-27 11:22:08.5883] [ERROR] System.Exception: Исполнитель указан не по шаблону, Шаблон: Иванов И.И. ---> System.Exception: Исполнитель указан не по шаблону, Шаблон: Иванов И.И.
   в SZMK.TeklaInteraction.Tekla21_1.Services.Server.Tekla.GetDrawing(Assembly assembly, AssemblyDrawing parentDrawing) в C:\Users\thedr\Desktop\Works\SZMK\SZMK-Software-Package\SZMK.TeklaInteraction.Tekla21_1\Services\Server\Tekla.cs:строка 339
   --- Конец трассировки внутреннего стека исключений ---
   в SZMK.TeklaInteraction.Tekla21_1.Services.Server.Tekla.GetDrawing(Assembly assembly, AssemblyDrawing parentDrawing) в C:\Users\thedr\Desktop\Works\SZMK\SZMK-Software-Package\SZMK.TeklaInteraction.Tekla21_1\Services\Server\Tekla.cs:строка 363
   в SZMK.TeklaInteraction.Tekla21_1.Services.Server.Tekla.GetData(User user) в C:\Users\thedr\Desktop\Works\SZMK\SZMK-Software-Package\SZMK.TeklaInteraction.Tekla21_1\Services\Server\Tekla.cs:строка 86
[2021-02-27 11:22:08.5883] [INFO] Чертежи добавлены
[2021-02-27 11:22:23.9627] [INFO] Клиент подключился
[2021-02-27 11:22:24.0116] [INFO] Модель подключена
[2021-02-27 11:22:24.0445] [INFO] Чертежи успешно получены
[2021-02-27 11:22:24.2440] [ERROR] System.Exception: Начальный номер детали не должен начинаться с цифры 9 ---> System.Exception: Начальный номер детали не должен начинаться с цифры 9 ---> System.Exception: Начальный номер детали не должен начинаться с цифры 9 ---> System.Exception: Начальный номер детали не должен начинаться с цифры 9
   в SZMK.TeklaInteraction.Shared.ViewModels.DetailViewModel..ctor(Int32 _startnumber, String Position, String Count, String Profile, Double Width, Double Lenght, Double Weight, Double Height, String Diameter, String MarkSteel, String Discription, Double GMLenght, Double GMWidth, Double GMHeight, String Machining, String MethodOfPaintingRAL, Double PaintingArea, String GostName, String FlangeThickness, String PlateThickness) в C:\Users\thedr\Desktop\Works\SZMK\SZMK-Software-Package\SZMK.TeklaInteraction.Shared\ViewModels\DetailViewModel.cs:строка 121
   в SZMK.TeklaInteraction.Tekla21_1.Services.Server.Tekla.GetDetailAttribute(ModelObject modelObject, Int64 CountDetail) в C:\Users\thedr\Desktop\Works\SZMK\SZMK-Software-Package\SZMK.TeklaInteraction.Tekla21_1\Services\Server\Tekla.cs:строка 246
   --- Конец трассировки внутреннего стека исключений ---
   в SZMK.TeklaInteraction.Tekla21_1.Services.Server.Tekla.GetDetailAttribute(ModelObject modelObject, Int64 CountDetail) в C:\Users\thedr\Desktop\Works\SZMK\SZMK-Software-Package\SZMK.TeklaInteraction.Tekla21_1\Services\Server\Tekla.cs:строка 274
   в SZMK.TeklaInteraction.Tekla21_1.Services.Server.Tekla.AddMainDetailDrawingObjects(AssemblyDrawing parentDrawing) в C:\Users\thedr\Desktop\Works\SZMK\SZMK-Software-Package\SZMK.TeklaInteraction.Tekla21_1\Services\Server\Tekla.cs:строка 159
   --- Конец трассировки внутреннего стека исключений ---
   в SZMK.TeklaInteraction.Tekla21_1.Services.Server.Tekla.AddMainDetailDrawingObjects(AssemblyDrawing parentDrawing) в C:\Users\thedr\Desktop\Works\SZMK\SZMK-Software-Package\SZMK.TeklaInteraction.Tekla21_1\Services\Server\Tekla.cs:строка 167
   в SZMK.TeklaInteraction.Tekla21_1.Services.Server.Tekla.GetDrawing(Assembly assembly, AssemblyDrawing parentDrawing) в C:\Users\thedr\Desktop\Works\SZMK\SZMK-Software-Package\SZMK.TeklaInteraction.Tekla21_1\Services\Server\Tekla.cs:строка 353
   --- Конец трассировки внутреннего стека исключений ---
   в SZMK.TeklaInteraction.Tekla21_1.Services.Server.Tekla.GetDrawing(Assembly assembly, AssemblyDrawing parentDrawing) в C:\Users\thedr\Desktop\Works\SZMK\SZMK-Software-Package\SZMK.TeklaInteraction.Tekla21_1\Services\Server\Tekla.cs:строка 363
   в SZMK.TeklaInteraction.Tekla21_1.Services.Server.Tekla.GetData(User user) в C:\Users\thedr\Desktop\Works\SZMK\SZMK-Software-Package\SZMK.TeklaInteraction.Tekla21_1\Services\Server\Tekla.cs:строка 86
[2021-02-27 11:22:24.2440] [INFO] Чертежи добавлены
[2021-02-27 11:25:06.0206] [INFO] Клиент подключился
[2021-02-27 11:25:06.1153] [INFO] Модель не подключена
[2021-02-27 11:25:11.9683] [INFO] Инициализация успешно пройдена
[2021-02-27 11:25:12.0112] [INFO] Инициализация контроллера авторизации успешна
[2021-02-27 11:25:12.0382] [INFO] Начата авторизация пользователя
[2021-02-27 11:25:12.7503] [INFO] Authorization was successful
[2021-02-27 11:25:15.0603] [INFO] Клиент подключился
[2021-02-27 11:25:15.1967] [INFO] Модель подключена
[2021-02-27 11:25:15.2207] [INFO] Чертежи успешно получены
[2021-02-27 11:25:15.3035] [INFO] Чертежи добавлены
[2021-02-27 11:25:15.3513] [INFO] Начат показ чертежей
[2021-02-27 11:25:15.3853] [INFO] Дерево успешно собрано
[2021-02-27 11:25:28.2047] [INFO] Клиент подключился
[2021-02-27 11:25:28.2496] [INFO] Модель подключена
[2021-02-27 11:25:28.2496] [INFO] Чертежи успешно получены
[2021-02-27 11:25:32.0958] [INFO] Чертежи добавлены
[2021-02-27 11:25:32.1148] [INFO] Начат показ чертежей
[2021-02-27 11:25:32.1148] [INFO] Дерево успешно собрано
[2021-02-27 11:26:04.6063] [INFO] Инициализация успешно пройдена
[2021-02-27 11:26:04.6752] [INFO] Инициализация контроллера авторизации успешна
[2021-02-27 11:26:04.7569] [INFO] Начата авторизация пользователя
[2021-02-27 11:26:05.6784] [INFO] Authorization was successful
[2021-02-27 11:26:07.1250] [INFO] Клиент подключился
[2021-02-27 11:26:07.2421] [INFO] Модель подключена
[2021-02-27 11:26:07.2640] [INFO] Чертежи успешно получены
[2021-02-27 11:26:15.2624] [ERROR] System.Exception: Начальный номер не правильно задан и равен 12312 ---> System.Exception: Начальный номер не правильно задан и равен 12312 ---> System.Exception: Начальный номер не правильно задан и равен 12312 ---> System.Exception: Начальный номер не правильно задан и равен 12312
   в SZMK.TeklaInteraction.Shared.ViewModels.DetailViewModel..ctor(Int32 _startnumber, String Position, String Count, String Profile, Double Width, Double Lenght, Double Weight, Double Height, String Diameter, String MarkSteel, String Discription, Double GMLenght, Double GMWidth, Double GMHeight, String Machining, String MethodOfPaintingRAL, Double PaintingArea, String GostName, String FlangeThickness, String PlateThickness) в C:\Users\thedr\Desktop\Works\SZMK\SZMK-Software-Package\SZMK.TeklaInteraction.Shared\ViewModels\DetailViewModel.cs:строка 121
   в SZMK.TeklaInteraction.Tekla21_1.Services.Server.Tekla.GetDetailAttribute(ModelObject modelObject, Int64 CountDetail) в C:\Users\thedr\Desktop\Works\SZMK\SZMK-Software-Package\SZMK.TeklaInteraction.Tekla21_1\Services\Server\Tekla.cs:строка 246
   --- Конец трассировки внутреннего стека исключений ---
   в SZMK.TeklaInteraction.Tekla21_1.Services.Server.Tekla.GetDetailAttribute(ModelObject modelObject, Int64 CountDetail) в C:\Users\thedr\Desktop\Works\SZMK\SZMK-Software-Package\SZMK.TeklaInteraction.Tekla21_1\Services\Server\Tekla.cs:строка 274
   в SZMK.TeklaInteraction.Tekla21_1.Services.Server.Tekla.AddMainDetailDrawingObjects(AssemblyDrawing parentDrawing) в C:\Users\thedr\Desktop\Works\SZMK\SZMK-Software-Package\SZMK.TeklaInteraction.Tekla21_1\Services\Server\Tekla.cs:строка 159
   --- Конец трассировки внутреннего стека исключений ---
   в SZMK.TeklaInteraction.Tekla21_1.Services.Server.Tekla.AddMainDetailDrawingObjects(AssemblyDrawing parentDrawing) в C:\Users\thedr\Desktop\Works\SZMK\SZMK-Software-Package\SZMK.TeklaInteraction.Tekla21_1\Services\Server\Tekla.cs:строка 167
   в SZMK.TeklaInteraction.Tekla21_1.Services.Server.Tekla.GetDrawing(Assembly assembly, AssemblyDrawing parentDrawing) в C:\Users\thedr\Desktop\Works\SZMK\SZMK-Software-Package\SZMK.TeklaInteraction.Tekla21_1\Services\Server\Tekla.cs:строка 353
   --- Конец трассировки внутреннего стека исключений ---
   в SZMK.TeklaInteraction.Tekla21_1.Services.Server.Tekla.GetDrawing(Assembly assembly, AssemblyDrawing parentDrawing) в C:\Users\thedr\Desktop\Works\SZMK\SZMK-Software-Package\SZMK.TeklaInteraction.Tekla21_1\Services\Server\Tekla.cs:строка 363
   в SZMK.TeklaInteraction.Tekla21_1.Services.Server.Tekla.GetData(User user) в C:\Users\thedr\Desktop\Works\SZMK\SZMK-Software-Package\SZMK.TeklaInteraction.Tekla21_1\Services\Server\Tekla.cs:строка 86
[2021-02-27 11:26:15.2674] [INFO] Чертежи добавлены
[2021-02-27 11:26:20.2636] [INFO] Клиент подключился
[2021-02-27 11:26:20.3154] [INFO] Модель подключена
[2021-02-27 11:26:20.3313] [INFO] Чертежи успешно получены
[2021-02-27 11:26:23.3394] [INFO] Чертежи добавлены
[2021-02-27 11:26:23.3633] [INFO] Начат показ чертежей
[2021-02-27 11:26:23.3902] [INFO] Дерево успешно собрано
[2021-02-27 11:26:53.2048] [INFO] Инициализация успешно пройдена
[2021-02-27 11:26:53.2417] [INFO] Инициализация контроллера авторизации успешна
[2021-02-27 11:26:53.2626] [INFO] Начата авторизация пользователя
[2021-02-27 11:26:53.8171] [INFO] Authorization was successful
[2021-02-27 15:00:58.4839] [INFO] Инициализация успешно пройдена
[2021-02-27 15:00:58.5228] [INFO] Инициализация контроллера авторизации успешна
[2021-02-27 15:00:58.5487] [INFO] Начата авторизация пользователя
[2021-02-27 15:00:59.2021] [INFO] Authorization was successful
[2021-02-27 15:03:17.8325] [INFO] Инициализация успешно пройдена
[2021-02-27 15:03:17.8814] [INFO] Инициализация контроллера авторизации успешна
[2021-02-27 15:03:17.9312] [INFO] Начата авторизация пользователя
[2021-02-27 15:03:18.6497] [INFO] Authorization was successful
[2021-02-27 15:03:31.4617] [INFO] Инициализация успешно пройдена
[2021-02-27 15:03:31.5336] [INFO] Инициализация контроллера авторизации успешна
[2021-02-27 15:03:31.6113] [INFO] Начата авторизация пользователя
[2021-02-27 15:03:32.7758] [INFO] Authorization was successful
[2021-02-27 15:03:44.3911] [INFO] Клиент подключился
[2021-02-27 15:03:44.5706] [INFO] Модель подключена
[2021-02-27 15:03:44.5936] [INFO] Чертежи успешно получены
[2021-02-27 15:03:46.1783] [ERROR] System.Exception: Не заполнено поле "Дата"
   в SZMK.TeklaInteraction.Tekla21_1.Services.Server.Tekla.GetData(User user) в C:\Users\thedr\Desktop\Works\SZMK\SZMK-Software-Package\SZMK.TeklaInteraction.Tekla21_1\Services\Server\Tekla.cs:строка 87
[2021-02-27 15:03:46.1783] [INFO] Чертежи добавлены
[2021-02-27 15:04:35.9923] [INFO] Клиент подключился
[2021-02-27 15:04:36.0432] [INFO] Модель подключена
[2021-02-27 15:04:36.0631] [INFO] Чертежи успешно получены
[2021-02-27 15:04:36.1479] [INFO] Чертежи добавлены
[2021-02-27 15:04:47.9519] [INFO] Клиент подключился
[2021-02-27 15:04:48.0067] [INFO] Модель подключена
[2021-02-27 15:04:48.0246] [INFO] Чертежи успешно получены
[2021-02-27 15:04:48.0815] [INFO] Чертежи добавлены
[2021-02-27 15:04:49.1510] [INFO] Начат показ чертежей
[2021-02-27 15:04:49.1689] [INFO] Дерево успешно собрано
[2021-02-27 15:05:09.5652] [INFO] Клиент подключился
[2021-02-27 15:05:09.6181] [INFO] Модель подключена
[2021-02-27 15:05:09.6350] [INFO] Чертежи успешно получены
[2021-02-27 15:05:09.7018] [INFO] Чертежи добавлены
[2021-02-27 15:05:09.7218] [INFO] Начат показ чертежей
[2021-02-27 15:05:09.7338] [INFO] Дерево успешно собрано
[2021-02-27 15:06:05.4515] [INFO] Клиент подключился
[2021-02-27 15:06:05.4964] [INFO] Модель подключена
[2021-02-27 15:06:05.5203] [INFO] Чертежи успешно получены
[2021-02-27 15:06:05.5861] [INFO] Чертежи добавлены
[2021-02-27 15:06:13.7592] [INFO] Начат показ чертежей
[2021-02-27 15:06:13.7692] [INFO] Дерево успешно собрано
[2021-02-27 15:07:46.0864] [INFO] Инициализация успешно пройдена
[2021-02-27 15:07:46.1492] [INFO] Инициализация контроллера авторизации успешна
[2021-02-27 15:07:46.1881] [INFO] Начата авторизация пользователя
[2021-02-27 15:07:47.0518] [INFO] Authorization was successful
[2021-02-27 15:07:49.4820] [INFO] Клиент подключился
[2021-02-27 15:07:49.6635] [INFO] Модель подключена
[2021-02-27 15:07:49.6854] [INFO] Чертежи успешно получены
[2021-02-27 15:07:49.7802] [INFO] Чертежи добавлены
[2021-02-27 15:07:51.6200] [INFO] Клиент подключился
[2021-02-27 15:07:51.6658] [INFO] Модель подключена
[2021-02-27 15:07:51.6768] [INFO] Чертежи успешно получены
[2021-02-27 15:07:51.7117] [INFO] Чертежи добавлены
[2021-02-27 15:07:53.4184] [INFO] Клиент подключился
[2021-02-27 15:07:53.4662] [INFO] Модель подключена
[2021-02-27 15:07:53.4842] [INFO] Чертежи успешно получены
[2021-02-27 15:07:53.5430] [INFO] Чертежи добавлены
[2021-02-27 15:07:56.9097] [INFO] Клиент подключился
[2021-02-27 15:07:56.9775] [INFO] Модель подключена
[2021-02-27 15:07:57.0114] [INFO] Чертежи успешно получены
[2021-02-27 15:07:57.0663] [INFO] Чертежи добавлены
[2021-02-27 15:08:00.8070] [INFO] Клиент подключился
[2021-02-27 15:08:00.8509] [INFO] Модель подключена
[2021-02-27 15:08:00.8608] [INFO] Чертежи успешно получены
[2021-02-27 15:08:00.9376] [INFO] Чертежи добавлены
[2021-02-27 15:08:02.5826] [INFO] Клиент подключился
[2021-02-27 15:08:02.6325] [INFO] Модель подключена
[2021-02-27 15:08:02.6414] [INFO] Чертежи успешно получены
[2021-02-27 15:08:02.6803] [INFO] Чертежи добавлены
[2021-02-27 15:08:04.0191] [INFO] Клиент подключился
[2021-02-27 15:08:04.0660] [INFO] Модель подключена
[2021-02-27 15:08:04.0660] [INFO] Чертежи успешно получены
[2021-02-27 15:08:04.1109] [INFO] Чертежи добавлены
[2021-02-27 15:08:05.3615] [INFO] Клиент подключился
[2021-02-27 15:08:05.3984] [INFO] Модель подключена
[2021-02-27 15:08:05.4094] [INFO] Чертежи успешно получены
[2021-02-27 15:08:05.4532] [INFO] Чертежи добавлены
[2021-02-27 15:08:34.6915] [INFO] Инициализация успешно пройдена
[2021-02-27 15:08:34.7324] [INFO] Инициализация контроллера авторизации успешна
[2021-02-27 15:08:34.7583] [INFO] Начата авторизация пользователя
[2021-02-27 15:08:35.3398] [INFO] Authorization was successful
[2021-02-27 15:08:36.0132] [INFO] Инициализация успешно пройдена
[2021-02-27 15:08:36.0521] [INFO] Инициализация контроллера авторизации успешна
[2021-02-27 15:08:36.0771] [INFO] Начата авторизация пользователя
[2021-02-27 15:08:36.6306] [INFO] Authorization was successful
[2021-02-27 15:20:29.7515] [INFO] Инициализация успешно пройдена
[2021-02-27 15:20:29.8164] [INFO] Инициализация контроллера авторизации успешна
[2021-02-27 15:20:29.8503] [INFO] Начата авторизация пользователя
[2021-02-27 15:20:30.7698] [INFO] Authorization was successful
