[2021-03-19 23:37:15.5502] [INFO] Инициализация успешно пройдена
[2021-03-19 23:37:15.5951] [INFO] Инициализация контроллера авторизации успешна
[2021-03-19 23:37:15.6141] [INFO] Начата авторизация пользователя
[2021-03-19 23:37:16.2663] [INFO] Authorization was successful
[2021-03-19 23:38:12.7440] [INFO] Инициализация успешно пройдена
[2021-03-19 23:38:12.8193] [INFO] Инициализация контроллера авторизации успешна
[2021-03-19 23:38:12.8482] [INFO] Начата авторизация пользователя
[2021-03-19 23:38:13.7303] [INFO] Authorization was successful
[2021-03-19 23:48:01.7701] [INFO] Инициализация успешно пройдена
[2021-03-19 23:48:01.8248] [INFO] Инициализация контроллера авторизации успешна
[2021-03-19 23:48:01.8497] [INFO] Начата авторизация пользователя
[2021-03-19 23:48:02.7553] [INFO] Authorization was successful
[2021-03-19 23:48:20.3495] [INFO] Клиент подключился
[2021-03-19 23:48:20.4981] [INFO] Модель подключена
[2021-03-19 23:48:20.5290] [INFO] Чертежи успешно получены
[2021-03-19 23:48:20.5290] [INFO] Чертежи добавлены
[2021-03-19 23:48:25.2037] [INFO] Клиент подключился
[2021-03-19 23:48:25.2336] [INFO] Модель подключена
[2021-03-19 23:48:25.2506] [INFO] Чертежи успешно получены
[2021-03-19 23:50:40.8915] [INFO] Инициализация успешно пройдена
[2021-03-19 23:50:40.9623] [INFO] Инициализация контроллера авторизации успешна
[2021-03-19 23:50:40.9902] [INFO] Начата авторизация пользователя
[2021-03-19 23:50:42.2242] [INFO] Authorization was successful
[2021-03-19 23:50:45.6655] [INFO] Клиент подключился
[2021-03-19 23:50:45.8170] [INFO] Модель подключена
[2021-03-19 23:50:45.8410] [INFO] Чертежи успешно получены
[2021-03-19 23:51:06.1809] [INFO] Инициализация успешно пройдена
[2021-03-19 23:51:06.2692] [INFO] Инициализация контроллера авторизации успешна
[2021-03-19 23:51:06.2921] [INFO] Начата авторизация пользователя
[2021-03-19 23:51:07.2481] [INFO] Authorization was successful
[2021-03-19 23:51:07.2730] [INFO] Клиент подключился
[2021-03-19 23:51:07.4126] [INFO] Модель подключена
[2021-03-19 23:51:07.4386] [INFO] Чертежи успешно получены
[2021-03-19 23:51:12.1224] [INFO] Инициализация успешно пройдена
[2021-03-19 23:51:12.1713] [INFO] Инициализация контроллера авторизации успешна
[2021-03-19 23:51:12.1932] [INFO] Начата авторизация пользователя
[2021-03-19 23:51:24.5722] [INFO] Инициализация успешно пройдена
[2021-03-19 23:51:24.6320] [INFO] Инициализация контроллера авторизации успешна
[2021-03-19 23:51:24.6798] [INFO] Начата авторизация пользователя
[2021-03-19 23:51:25.5899] [INFO] Authorization was successful
[2021-03-19 23:51:27.6329] [INFO] Клиент подключился
[2021-03-19 23:51:27.7526] [INFO] Модель подключена
[2021-03-19 23:51:27.7735] [INFO] Чертежи успешно получены
[2021-03-19 23:51:42.1567] [INFO] Инициализация успешно пройдена
[2021-03-19 23:51:42.2255] [INFO] Инициализация контроллера авторизации успешна
[2021-03-19 23:51:42.2484] [INFO] Начата авторизация пользователя
[2021-03-19 23:51:43.2897] [INFO] Authorization was successful
[2021-03-19 23:51:43.3196] [INFO] Клиент подключился
[2021-03-19 23:51:43.4443] [INFO] Модель подключена
[2021-03-19 23:51:43.4672] [INFO] Чертежи успешно получены
[2021-03-19 23:57:36.5674] [INFO] Инициализация успешно пройдена
[2021-03-19 23:57:36.6097] [INFO] Инициализация контроллера авторизации успешна
[2021-03-19 23:57:36.6252] [INFO] Начата авторизация пользователя
[2021-03-19 23:57:37.3223] [INFO] Authorization was successful
