[2021-04-07 10:30:08.5317] [INFO] Инициализация успешно пройдена
[2021-04-07 10:30:08.6424] [INFO] Инициализация контроллера авторизации успешна
[2021-04-07 10:30:08.6803] [INFO] Начата авторизация пользователя
[2021-04-07 10:30:09.5134] [INFO] Authorization was successful
[2021-04-07 10:30:19.2100] [INFO] Инициализация успешно пройдена
[2021-04-07 10:30:19.2658] [INFO] Инициализация контроллера авторизации успешна
[2021-04-07 10:30:19.2798] [INFO] Начата авторизация пользователя
[2021-04-07 10:30:19.8533] [INFO] Authorization was successful
[2021-04-07 10:30:31.8947] [INFO] Инициализация успешно пройдена
[2021-04-07 10:30:31.9435] [INFO] Инициализация контроллера авторизации успешна
[2021-04-07 10:30:31.9645] [INFO] Начата авторизация пользователя
[2021-04-07 10:30:32.8142] [INFO] Authorization was successful
[2021-04-07 10:30:37.7098] [INFO] Клиент подключился
[2021-04-07 10:30:38.0704] [INFO] Модель подключена
[2021-04-07 10:30:38.0922] [INFO] Чертежи успешно получены
[2021-04-07 10:30:38.3850] [ERROR] System.Exception: Строка не распознана как действительное значение DateTime. ---> System.FormatException: Строка не распознана как действительное значение DateTime.
   в System.DateTimeParse.Parse(String s, DateTimeFormatInfo dtfi, DateTimeStyles styles)
   в System.Convert.ToDateTime(String value)
   в SZMK.TeklaInteraction.Tekla21_1.Services.Server.Tekla.GetRevision(Assembly assembly) в C:\Users\thedr\Desktop\Works\SZMK\SZMK-Software-Package\SZMK.TeklaInteraction.Tekla21_1\Services\Server\Tekla.cs:строка 797
   в SZMK.TeklaInteraction.Tekla21_1.Services.Server.Tekla.GetDrawing(Assembly assembly, AssemblyDrawing parentDrawing) в C:\Users\thedr\Desktop\Works\SZMK\SZMK-Software-Package\SZMK.TeklaInteraction.Tekla21_1\Services\Server\Tekla.cs:строка 410
   --- Конец трассировки внутреннего стека исключений ---
   в SZMK.TeklaInteraction.Tekla21_1.Services.Server.Tekla.GetDrawing(Assembly assembly, AssemblyDrawing parentDrawing) в C:\Users\thedr\Desktop\Works\SZMK\SZMK-Software-Package\SZMK.TeklaInteraction.Tekla21_1\Services\Server\Tekla.cs:строка 417
   в SZMK.TeklaInteraction.Tekla21_1.Services.Server.Tekla.GetData(User user) в C:\Users\thedr\Desktop\Works\SZMK\SZMK-Software-Package\SZMK.TeklaInteraction.Tekla21_1\Services\Server\Tekla.cs:строка 87
[2021-04-07 10:30:38.3850] [INFO] Чертежи добавлены
[2021-04-07 10:30:55.2428] [INFO] Клиент подключился
[2021-04-07 10:30:55.2897] [INFO] Модель подключена
[2021-04-07 10:30:55.2997] [INFO] Чертежи успешно получены
[2021-04-07 10:37:10.2334] [INFO] Инициализация успешно пройдена
[2021-04-07 10:37:10.2772] [INFO] Инициализация контроллера авторизации успешна
[2021-04-07 10:37:10.2922] [INFO] Начата авторизация пользователя
[2021-04-07 10:37:11.2219] [INFO] Authorization was successful
[2021-04-07 10:37:11.3226] [INFO] Клиент подключился
[2021-04-07 10:37:11.4264] [INFO] Модель подключена
[2021-04-07 10:37:11.4482] [INFO] Чертежи успешно получены
[2021-04-07 10:37:42.4369] [INFO] Инициализация успешно пройдена
[2021-04-07 10:37:42.4978] [INFO] Инициализация контроллера авторизации успешна
[2021-04-07 10:37:42.5267] [INFO] Начата авторизация пользователя
[2021-04-07 10:37:43.4797] [INFO] Authorization was successful
[2021-04-07 10:37:43.8756] [INFO] Клиент подключился
[2021-04-07 10:37:43.9973] [INFO] Модель подключена
[2021-04-07 10:37:44.0232] [INFO] Чертежи успешно получены
[2021-04-07 10:40:56.3907] [INFO] Инициализация успешно пройдена
[2021-04-07 10:40:56.4406] [INFO] Инициализация контроллера авторизации успешна
[2021-04-07 10:40:56.4685] [INFO] Начата авторизация пользователя
[2021-04-07 10:40:57.2554] [INFO] Authorization was successful
[2021-04-07 10:40:59.1241] [INFO] Клиент подключился
[2021-04-07 10:40:59.2749] [INFO] Модель подключена
[2021-04-07 10:40:59.2978] [INFO] Чертежи успешно получены
[2021-04-07 10:50:27.4145] [INFO] Инициализация успешно пройдена
[2021-04-07 10:50:27.4684] [INFO] Инициализация контроллера авторизации успешна
[2021-04-07 10:50:27.5033] [INFO] Начата авторизация пользователя
[2021-04-07 10:50:28.4258] [INFO] Authorization was successful
[2021-04-07 10:50:30.3904] [INFO] Клиент подключился
[2021-04-07 10:50:30.5181] [INFO] Модель подключена
[2021-04-07 10:50:30.5401] [INFO] Чертежи успешно получены
[2021-04-07 10:50:30.8339] [ERROR] System.Exception: Строка не распознана как действительное значение DateTime. ---> System.FormatException: Строка не распознана как действительное значение DateTime.
   в System.DateTimeParse.Parse(String s, DateTimeFormatInfo dtfi, DateTimeStyles styles)
   в System.Convert.ToDateTime(String value)
   в SZMK.TeklaInteraction.Tekla21_1.Services.Server.Tekla.GetRevision(Assembly assembly) в C:\Users\thedr\Desktop\Works\SZMK\SZMK-Software-Package\SZMK.TeklaInteraction.Tekla21_1\Services\Server\Tekla.cs:строка 797
   в SZMK.TeklaInteraction.Tekla21_1.Services.Server.Tekla.GetDrawing(Assembly assembly, AssemblyDrawing parentDrawing) в C:\Users\thedr\Desktop\Works\SZMK\SZMK-Software-Package\SZMK.TeklaInteraction.Tekla21_1\Services\Server\Tekla.cs:строка 410
   --- Конец трассировки внутреннего стека исключений ---
   в SZMK.TeklaInteraction.Tekla21_1.Services.Server.Tekla.GetDrawing(Assembly assembly, AssemblyDrawing parentDrawing) в C:\Users\thedr\Desktop\Works\SZMK\SZMK-Software-Package\SZMK.TeklaInteraction.Tekla21_1\Services\Server\Tekla.cs:строка 417
   в SZMK.TeklaInteraction.Tekla21_1.Services.Server.Tekla.GetData(User user) в C:\Users\thedr\Desktop\Works\SZMK\SZMK-Software-Package\SZMK.TeklaInteraction.Tekla21_1\Services\Server\Tekla.cs:строка 87
[2021-04-07 10:50:30.8388] [INFO] Чертежи добавлены
[2021-04-07 10:50:38.6711] [INFO] Клиент подключился
[2021-04-07 10:50:38.7126] [INFO] Модель подключена
[2021-04-07 10:50:38.7206] [INFO] Чертежи успешно получены
[2021-04-07 10:51:03.9384] [INFO] Инициализация успешно пройдена
[2021-04-07 10:51:03.9833] [INFO] Инициализация контроллера авторизации успешна
[2021-04-07 10:51:04.0012] [INFO] Начата авторизация пользователя
[2021-04-07 10:51:04.8699] [INFO] Authorization was successful
[2021-04-07 10:51:08.0323] [INFO] Клиент подключился
[2021-04-07 10:51:08.1799] [INFO] Модель подключена
[2021-04-07 10:51:08.2058] [INFO] Чертежи успешно получены
[2021-04-07 11:00:53.1337] [INFO] Инициализация успешно пройдена
[2021-04-07 11:00:53.1886] [INFO] Инициализация контроллера авторизации успешна
[2021-04-07 11:00:53.2045] [INFO] Начата авторизация пользователя
[2021-04-07 11:00:54.0443] [INFO] Authorization was successful
[2021-04-07 11:00:57.8460] [INFO] Клиент подключился
[2021-04-07 11:00:57.9867] [INFO] Модель подключена
[2021-04-07 11:00:58.0087] [INFO] Чертежи успешно получены
[2021-04-07 11:01:08.8955] [INFO] Инициализация успешно пройдена
[2021-04-07 11:01:08.9384] [INFO] Инициализация контроллера авторизации успешна
[2021-04-07 11:01:08.9564] [INFO] Начата авторизация пользователя
[2021-04-07 11:01:09.8270] [INFO] Authorization was successful
[2021-04-07 11:01:10.0878] [INFO] Клиент подключился
[2021-04-07 11:01:10.1941] [INFO] Модель подключена
[2021-04-07 11:01:10.2200] [INFO] Чертежи успешно получены
[2021-04-07 11:06:53.7799] [INFO] Инициализация успешно пройдена
[2021-04-07 11:06:53.8277] [INFO] Инициализация контроллера авторизации успешна
[2021-04-07 11:06:53.8477] [INFO] Начата авторизация пользователя
[2021-04-07 11:06:54.7817] [INFO] Authorization was successful
[2021-04-07 11:06:55.1806] [INFO] Клиент подключился
[2021-04-07 11:06:55.2794] [INFO] Модель подключена
[2021-04-07 11:06:55.3064] [INFO] Чертежи успешно получены
[2021-04-07 11:07:10.7676] [INFO] Инициализация успешно пройдена
[2021-04-07 11:07:10.8154] [INFO] Инициализация контроллера авторизации успешна
[2021-04-07 11:07:10.8374] [INFO] Начата авторизация пользователя
[2021-04-07 11:07:11.6657] [INFO] Authorization was successful
[2021-04-07 11:07:12.3296] [INFO] Клиент подключился
[2021-04-07 11:07:12.4725] [INFO] Модель подключена
[2021-04-07 11:07:12.4944] [INFO] Чертежи успешно получены
[2021-04-07 11:07:29.3223] [INFO] Инициализация успешно пройдена
[2021-04-07 11:07:29.3782] [INFO] Инициализация контроллера авторизации успешна
[2021-04-07 11:07:29.3941] [INFO] Начата авторизация пользователя
[2021-04-07 11:07:30.2668] [INFO] Authorization was successful
[2021-04-07 11:07:31.6141] [INFO] Клиент подключился
[2021-04-07 11:07:31.7353] [INFO] Модель подключена
[2021-04-07 11:07:31.7566] [INFO] Чертежи успешно получены
[2021-04-07 11:08:06.9209] [INFO] Инициализация успешно пройдена
[2021-04-07 11:08:06.9717] [INFO] Инициализация контроллера авторизации успешна
[2021-04-07 11:08:06.9997] [INFO] Начата авторизация пользователя
[2021-04-07 11:08:08.1127] [INFO] Authorization was successful
[2021-04-07 11:08:08.8727] [INFO] Клиент подключился
[2021-04-07 11:08:08.9847] [INFO] Модель подключена
[2021-04-07 11:08:09.0066] [INFO] Чертежи успешно получены
[2021-04-07 11:12:48.0188] [INFO] Инициализация успешно пройдена
[2021-04-07 11:12:48.0736] [INFO] Инициализация контроллера авторизации успешна
[2021-04-07 11:12:48.1006] [INFO] Начата авторизация пользователя
[2021-04-07 11:12:49.0380] [INFO] Authorization was successful
[2021-04-07 11:12:49.7493] [INFO] Клиент подключился
[2021-04-07 11:12:49.8680] [INFO] Модель подключена
[2021-04-07 11:12:49.8919] [INFO] Чертежи успешно получены
[2021-04-07 17:45:05.4672] [INFO] Инициализация успешно пройдена
[2021-04-07 17:45:05.5839] [INFO] Инициализация контроллера авторизации успешна
[2021-04-07 17:45:05.6058] [INFO] Начата авторизация пользователя
[2021-04-07 17:45:06.5802] [INFO] Authorization was successful
[2021-04-07 17:45:06.5992] [INFO] Клиент подключился
[2021-04-07 17:45:06.9455] [INFO] Модель подключена
[2021-04-07 17:45:07.0004] [INFO] Чертежи успешно получены
[2021-04-07 17:46:42.4369] [INFO] Инициализация успешно пройдена
[2021-04-07 17:46:42.4858] [INFO] Инициализация контроллера авторизации успешна
[2021-04-07 17:46:42.5057] [INFO] Начата авторизация пользователя
[2021-04-07 17:46:43.3405] [INFO] Authorization was successful
[2021-04-07 17:46:43.3644] [INFO] Клиент подключился
[2021-04-07 17:46:43.5260] [INFO] Модель подключена
[2021-04-07 17:46:43.5549] [INFO] Чертежи успешно получены
[2021-04-07 17:46:57.2714] [INFO] Инициализация успешно пройдена
[2021-04-07 17:46:57.3353] [INFO] Инициализация контроллера авторизации успешна
[2021-04-07 17:46:57.3592] [INFO] Начата авторизация пользователя
[2021-04-07 17:46:58.2219] [INFO] Authorization was successful
[2021-04-07 17:46:58.2438] [INFO] Клиент подключился
[2021-04-07 17:46:58.3655] [INFO] Модель подключена
[2021-04-07 17:46:58.3994] [INFO] Чертежи успешно получены
[2021-04-07 17:48:17.2213] [INFO] Инициализация успешно пройдена
[2021-04-07 17:48:17.2831] [INFO] Инициализация контроллера авторизации успешна
[2021-04-07 17:48:17.3041] [INFO] Начата авторизация пользователя
[2021-04-07 17:48:18.2171] [INFO] Authorization was successful
[2021-04-07 17:48:19.0288] [INFO] Клиент подключился
[2021-04-07 17:48:19.1574] [INFO] Модель подключена
[2021-04-07 17:48:19.1794] [INFO] Чертежи успешно получены
[2021-04-07 17:49:18.2638] [INFO] Инициализация успешно пройдена
[2021-04-07 17:49:18.3126] [INFO] Инициализация контроллера авторизации успешна
[2021-04-07 17:49:18.3326] [INFO] Начата авторизация пользователя
[2021-04-07 17:49:19.1694] [INFO] Authorization was successful
[2021-04-07 17:49:19.1963] [INFO] Клиент подключился
[2021-04-07 17:49:19.3289] [INFO] Модель подключена
[2021-04-07 17:49:19.3559] [INFO] Чертежи успешно получены
[2021-04-07 17:49:35.6040] [INFO] Инициализация успешно пройдена
[2021-04-07 17:49:35.6569] [INFO] Инициализация контроллера авторизации успешна
[2021-04-07 17:49:35.6768] [INFO] Начата авторизация пользователя
[2021-04-07 17:49:36.6532] [INFO] Authorization was successful
[2021-04-07 17:49:36.6752] [INFO] Клиент подключился
[2021-04-07 17:49:36.8248] [INFO] Модель подключена
[2021-04-07 17:49:36.8587] [INFO] Чертежи успешно получены
[2021-04-07 17:49:50.8740] [INFO] Инициализация успешно пройдена
[2021-04-07 17:49:50.9488] [INFO] Инициализация контроллера авторизации успешна
[2021-04-07 17:49:50.9677] [INFO] Начата авторизация пользователя
[2021-04-07 17:49:51.8294] [INFO] Authorization was successful
[2021-04-07 17:49:52.0379] [INFO] Клиент подключился
[2021-04-07 17:49:52.1446] [INFO] Модель подключена
[2021-04-07 17:49:52.1705] [INFO] Чертежи успешно получены
[2021-04-07 17:50:26.9051] [INFO] Инициализация успешно пройдена
[2021-04-07 17:50:26.9600] [INFO] Инициализация контроллера авторизации успешна
[2021-04-07 17:50:26.9829] [INFO] Начата авторизация пользователя
[2021-04-07 17:50:27.8277] [INFO] Authorization was successful
[2021-04-07 17:50:27.8506] [INFO] Клиент подключился
[2021-04-07 17:50:27.9603] [INFO] Модель подключена
[2021-04-07 17:50:27.9852] [INFO] Чертежи успешно получены
[2021-04-07 17:53:07.9295] [INFO] Инициализация успешно пройдена
[2021-04-07 17:53:07.9823] [INFO] Инициализация контроллера авторизации успешна
[2021-04-07 17:53:08.0063] [INFO] Начата авторизация пользователя
[2021-04-07 17:53:08.8789] [INFO] Authorization was successful
[2021-04-07 17:53:09.3445] [INFO] Клиент подключился
[2021-04-07 17:53:09.4454] [INFO] Модель подключена
[2021-04-07 17:53:09.4717] [INFO] Чертежи успешно получены
[2021-04-07 17:53:20.4808] [INFO] Инициализация успешно пройдена
[2021-04-07 17:53:20.5307] [INFO] Инициализация контроллера авторизации успешна
[2021-04-07 17:53:20.5477] [INFO] Начата авторизация пользователя
[2021-04-07 17:53:21.3824] [INFO] Authorization was successful
[2021-04-07 17:53:21.4124] [INFO] Клиент подключился
[2021-04-07 17:53:21.5191] [INFO] Модель подключена
[2021-04-07 17:53:21.5580] [INFO] Чертежи успешно получены
[2021-04-07 17:53:36.2383] [INFO] Инициализация успешно пройдена
[2021-04-07 17:53:36.2912] [INFO] Инициализация контроллера авторизации успешна
[2021-04-07 17:53:36.3171] [INFO] Начата авторизация пользователя
[2021-04-07 17:53:37.2157] [INFO] Authorization was successful
[2021-04-07 17:53:37.2347] [INFO] Клиент подключился
[2021-04-07 17:53:37.3528] [INFO] Модель подключена
[2021-04-07 17:53:37.3798] [INFO] Чертежи успешно получены
[2021-04-07 17:53:50.8834] [INFO] Инициализация успешно пройдена
[2021-04-07 17:53:50.9373] [INFO] Инициализация контроллера авторизации успешна
[2021-04-07 17:53:50.9612] [INFO] Начата авторизация пользователя
[2021-04-07 17:53:51.8558] [INFO] Authorization was successful
[2021-04-07 17:53:51.8857] [INFO] Клиент подключился
[2021-04-07 17:53:52.0054] [INFO] Модель подключена
[2021-04-07 17:53:52.0313] [INFO] Чертежи успешно получены
[2021-04-07 17:54:31.6728] [INFO] Инициализация успешно пройдена
[2021-04-07 17:54:31.7227] [INFO] Инициализация контроллера авторизации успешна
[2021-04-07 17:54:31.7446] [INFO] Начата авторизация пользователя
[2021-04-07 17:54:32.5844] [INFO] Authorization was successful
[2021-04-07 17:54:34.0938] [INFO] Клиент подключился
[2021-04-07 17:54:34.2209] [INFO] Модель подключена
[2021-04-07 17:54:34.2429] [INFO] Чертежи успешно получены
[2021-04-07 17:54:49.3081] [INFO] Инициализация успешно пройдена
[2021-04-07 17:54:49.3599] [INFO] Инициализация контроллера авторизации успешна
[2021-04-07 17:54:49.3839] [INFO] Начата авторизация пользователя
[2021-04-07 17:54:50.2446] [INFO] Authorization was successful
[2021-04-07 17:54:50.2695] [INFO] Клиент подключился
[2021-04-07 17:54:50.4231] [INFO] Модель подключена
[2021-04-07 17:54:50.4460] [INFO] Чертежи успешно получены
[2021-04-07 17:55:02.2592] [INFO] Инициализация успешно пройдена
[2021-04-07 17:55:02.3131] [INFO] Инициализация контроллера авторизации успешна
[2021-04-07 17:55:02.3350] [INFO] Начата авторизация пользователя
[2021-04-07 17:55:03.2177] [INFO] Authorization was successful
[2021-04-07 17:55:03.3015] [INFO] Клиент подключился
[2021-04-07 17:55:03.4211] [INFO] Модель подключена
[2021-04-07 17:55:03.4461] [INFO] Чертежи успешно получены
[2021-04-07 17:55:33.3492] [INFO] Инициализация успешно пройдена
[2021-04-07 17:55:33.4000] [INFO] Инициализация контроллера авторизации успешна
[2021-04-07 17:55:33.4210] [INFO] Начата авторизация пользователя
[2021-04-07 17:55:34.2922] [INFO] Authorization was successful
[2021-04-07 17:55:35.2142] [INFO] Клиент подключился
[2021-04-07 17:55:35.3397] [INFO] Модель подключена
[2021-04-07 17:55:35.3647] [INFO] Чертежи успешно получены
[2021-04-07 17:55:47.7751] [INFO] Инициализация успешно пройдена
[2021-04-07 17:55:47.8339] [INFO] Инициализация контроллера авторизации успешна
[2021-04-07 17:55:47.8568] [INFO] Начата авторизация пользователя
[2021-04-07 17:55:48.7718] [INFO] Authorization was successful
[2021-04-07 17:55:50.3789] [INFO] Клиент подключился
[2021-04-07 17:55:50.4857] [INFO] Модель подключена
[2021-04-07 17:55:50.5097] [INFO] Чертежи успешно получены
[2021-04-07 17:56:14.7895] [INFO] Инициализация успешно пройдена
[2021-04-07 17:56:14.8433] [INFO] Инициализация контроллера авторизации успешна
[2021-04-07 17:56:14.8613] [INFO] Начата авторизация пользователя
[2021-04-07 17:56:15.7429] [INFO] Authorization was successful
[2021-04-07 17:56:18.2848] [INFO] Клиент подключился
[2021-04-07 17:56:18.4399] [INFO] Модель подключена
[2021-04-07 17:56:18.4639] [INFO] Чертежи успешно получены
[2021-04-07 17:56:38.0607] [INFO] Инициализация успешно пройдена
[2021-04-07 17:56:38.1055] [INFO] Инициализация контроллера авторизации успешна
[2021-04-07 17:56:38.1295] [INFO] Начата авторизация пользователя
[2021-04-07 17:56:39.0131] [INFO] Authorization was successful
[2021-04-07 17:56:39.0261] [INFO] Клиент подключился
[2021-04-07 17:56:39.1537] [INFO] Модель подключена
[2021-04-07 17:56:39.1787] [INFO] Чертежи успешно получены
