[2021-03-07 14:23:16.0999] [INFO] Инициализация успешно пройдена
[2021-03-07 14:23:16.1468] [INFO] Инициализация контроллера авторизации успешна
[2021-03-07 14:23:16.1637] [INFO] Начата авторизация пользователя
[2021-03-07 14:23:16.8688] [INFO] Authorization was successful
[2021-03-07 14:23:33.9353] [INFO] Инициализация успешно пройдена
[2021-03-07 14:23:33.9872] [INFO] Инициализация контроллера авторизации успешна
[2021-03-07 14:23:34.0081] [INFO] Начата авторизация пользователя
[2021-03-07 14:23:35.0254] [INFO] Authorization was successful
[2021-03-07 14:24:54.3656] [INFO] Клиент подключился
[2021-03-07 14:24:54.5306] [INFO] Модель подключена
[2021-03-07 14:24:54.5555] [INFO] Чертежи успешно получены
[2021-03-07 14:25:03.2553] [ERROR] System.Exception: Номер заказа должен быть записан по шаблону 0000(00) ---> System.Exception: Номер заказа должен быть записан по шаблону 0000(00)
   в SZMK.TeklaInteraction.Tekla21_1.Services.Server.Tekla.GetDrawing(Assembly assembly, AssemblyDrawing parentDrawing) в C:\Users\thedr\Desktop\Works\SZMK\SZMK-Software-Package\SZMK.TeklaInteraction.Tekla21_1\Services\Server\Tekla.cs:строка 335
   --- Конец трассировки внутреннего стека исключений ---
   в SZMK.TeklaInteraction.Tekla21_1.Services.Server.Tekla.GetDrawing(Assembly assembly, AssemblyDrawing parentDrawing) в C:\Users\thedr\Desktop\Works\SZMK\SZMK-Software-Package\SZMK.TeklaInteraction.Tekla21_1\Services\Server\Tekla.cs:строка 414
   в SZMK.TeklaInteraction.Tekla21_1.Services.Server.Tekla.GetData(User user) в C:\Users\thedr\Desktop\Works\SZMK\SZMK-Software-Package\SZMK.TeklaInteraction.Tekla21_1\Services\Server\Tekla.cs:строка 87
[2021-03-07 14:25:03.2603] [INFO] Чертежи добавлены
[2021-03-07 14:25:08.8841] [INFO] Клиент подключился
[2021-03-07 14:25:08.9150] [INFO] Модель подключена
[2021-03-07 14:25:08.9299] [INFO] Чертежи успешно получены
[2021-03-07 14:25:12.0893] [INFO] Чертежи добавлены
[2021-03-07 14:25:12.1910] [INFO] Начат показ чертежей
[2021-03-07 14:25:12.2149] [INFO] Дерево успешно собрано
[2021-03-07 14:25:18.2948] [INFO] Клиент подключился
[2021-03-07 14:25:18.3228] [INFO] Модель подключена
[2021-03-07 14:25:18.3228] [INFO] Чертежи успешно получены
[2021-03-07 14:25:19.1853] [ERROR] System.Exception: Номер заказа должен быть записан по шаблону 0000(00) ---> System.Exception: Номер заказа должен быть записан по шаблону 0000(00)
   в SZMK.TeklaInteraction.Tekla21_1.Services.Server.Tekla.GetDrawing(Assembly assembly, AssemblyDrawing parentDrawing) в C:\Users\thedr\Desktop\Works\SZMK\SZMK-Software-Package\SZMK.TeklaInteraction.Tekla21_1\Services\Server\Tekla.cs:строка 335
   --- Конец трассировки внутреннего стека исключений ---
   в SZMK.TeklaInteraction.Tekla21_1.Services.Server.Tekla.GetDrawing(Assembly assembly, AssemblyDrawing parentDrawing) в C:\Users\thedr\Desktop\Works\SZMK\SZMK-Software-Package\SZMK.TeklaInteraction.Tekla21_1\Services\Server\Tekla.cs:строка 414
   в SZMK.TeklaInteraction.Tekla21_1.Services.Server.Tekla.GetData(User user) в C:\Users\thedr\Desktop\Works\SZMK\SZMK-Software-Package\SZMK.TeklaInteraction.Tekla21_1\Services\Server\Tekla.cs:строка 87
[2021-03-07 14:25:19.1853] [INFO] Чертежи добавлены
[2021-03-07 14:25:30.8500] [INFO] Клиент подключился
[2021-03-07 14:25:30.8833] [INFO] Модель подключена
[2021-03-07 14:25:30.8943] [INFO] Чертежи успешно получены
[2021-03-07 14:25:31.5624] [INFO] Чертежи добавлены
[2021-03-07 14:25:31.5806] [INFO] Начат показ чертежей
[2021-03-07 14:25:31.5916] [INFO] Дерево успешно собрано
[2021-03-07 14:25:51.7824] [INFO] Клиент подключился
[2021-03-07 14:25:51.8124] [INFO] Модель подключена
[2021-03-07 14:25:51.8224] [INFO] Чертежи успешно получены
[2021-03-07 14:25:53.2614] [INFO] Чертежи добавлены
[2021-03-07 14:25:53.2774] [INFO] Начат показ чертежей
[2021-03-07 14:25:53.2774] [INFO] Дерево успешно собрано
[2021-03-07 14:26:12.7781] [INFO] Клиент подключился
[2021-03-07 14:26:12.8068] [INFO] Модель подключена
[2021-03-07 14:26:12.8068] [INFO] Чертежи успешно получены
[2021-03-07 14:26:13.9086] [INFO] Чертежи добавлены
[2021-03-07 14:26:13.9255] [INFO] Начат показ чертежей
[2021-03-07 14:26:13.9344] [INFO] Дерево успешно собрано
[2021-03-07 14:26:24.0453] [INFO] Клиент подключился
[2021-03-07 14:26:24.0768] [INFO] Модель подключена
[2021-03-07 14:26:24.0768] [INFO] Чертежи успешно получены
[2021-03-07 14:26:25.3737] [INFO] Чертежи добавлены
[2021-03-07 14:26:25.3956] [INFO] Начат показ чертежей
[2021-03-07 14:26:25.4076] [INFO] Дерево успешно собрано
[2021-03-07 14:27:30.0986] [INFO] Инициализация успешно пройдена
[2021-03-07 14:27:30.1515] [INFO] Инициализация контроллера авторизации успешна
[2021-03-07 14:27:30.1754] [INFO] Начата авторизация пользователя
[2021-03-07 14:27:31.3333] [INFO] Authorization was successful
[2021-03-07 14:27:31.6934] [INFO] Клиент подключился
[2021-03-07 14:27:31.8380] [INFO] Модель подключена
[2021-03-07 14:27:31.8639] [INFO] Чертежи успешно получены
[2021-03-07 14:27:32.7315] [INFO] Чертежи добавлены
[2021-03-07 14:27:32.7814] [INFO] Начат показ чертежей
[2021-03-07 14:27:32.8043] [INFO] Дерево успешно собрано
[2021-03-07 14:27:33.5139] [INFO] Начата проверка чертежей
[2021-03-07 14:27:33.5139] [INFO] Проверка деталей
[2021-03-07 14:27:36.6939] [INFO] Проверка деталей успешна
[2021-03-07 14:27:36.7333] [INFO] Проверка чертежей успешна
[2021-03-07 14:27:36.7443] [INFO] Начато добавление чертежей
[2021-03-07 14:27:36.8590] [INFO] Добавление чертежей успешно
[2021-03-07 14:30:03.0338] [INFO] Инициализация успешно пройдена
[2021-03-07 14:30:03.0717] [INFO] Инициализация контроллера авторизации успешна
[2021-03-07 14:30:03.0860] [INFO] Начата авторизация пользователя
[2021-03-07 14:30:03.7611] [INFO] Authorization was successful
