[2021-05-03 13:31:02.4286] [INFO] Инициализация успешно пройдена
[2021-05-03 13:31:02.4615] [INFO] Инициализация контроллера авторизации успешна
[2021-05-03 13:31:02.4735] [INFO] Начата авторизация пользователя
[2021-05-03 13:31:03.0959] [INFO] Authorization was successful
[2021-05-03 13:32:29.8613] [INFO] Инициализация успешно пройдена
[2021-05-03 13:32:29.8942] [INFO] Инициализация контроллера авторизации успешна
[2021-05-03 13:32:29.9051] [INFO] Начата авторизация пользователя
[2021-05-03 13:32:30.5881] [INFO] Authorization was successful
[2021-05-03 13:32:30.6031] [INFO] Клиент подключился
[2021-05-03 13:32:30.6575] [INFO] Модель подключена
[2021-05-03 13:32:30.6787] [INFO] Чертежи успешно получены
[2021-05-03 13:32:32.2807] [ERROR] System.NullReferenceException: Ссылка на объект не указывает на экземпляр объекта.
   в SZMK.TeklaInteraction.Tekla21_1.Services.Server.Tekla.GetData(User user) в C:\Users\thedr\Desktop\Works\SZMK\SZMK-Software-Package\SZMK.TeklaInteraction.Tekla21_1\Services\Server\Tekla.cs:строка 97
[2021-05-03 13:33:01.8553] [INFO] Инициализация успешно пройдена
[2021-05-03 13:33:01.8981] [INFO] Инициализация контроллера авторизации успешна
[2021-05-03 13:33:01.9101] [INFO] Начата авторизация пользователя
[2021-05-03 13:33:02.5122] [INFO] Authorization was successful
[2021-05-03 13:33:02.5227] [INFO] Клиент подключился
[2021-05-03 13:33:02.5924] [INFO] Модель подключена
[2021-05-03 13:33:02.5924] [INFO] Чертежи успешно получены
[2021-05-03 13:33:04.7683] [INFO] Чертежи добавлены
[2021-05-03 13:33:04.8062] [INFO] Начат показ чертежей
[2021-05-03 13:33:04.8172] [INFO] Дерево успешно собрано
[2021-05-03 20:12:23.6542] [INFO] Инициализация успешно пройдена
[2021-05-03 20:12:23.6960] [INFO] Инициализация контроллера авторизации успешна
[2021-05-03 20:12:23.7080] [INFO] Начата авторизация пользователя
[2021-05-03 20:12:24.4234] [INFO] Authorization was successful
[2021-05-03 20:13:37.0691] [INFO] Клиент подключился
[2021-05-03 20:13:37.1385] [INFO] Модель подключена
[2021-05-03 20:13:37.1693] [INFO] Чертежи успешно получены
[2021-05-03 20:13:37.2827] [INFO] Чертежи добавлены
[2021-05-03 20:13:37.3203] [INFO] Начат показ чертежей
[2021-05-03 20:13:37.3303] [INFO] Дерево успешно собрано
[2021-05-03 20:13:47.9202] [INFO] Начата проверка чертежей
[2021-05-03 20:13:47.9202] [INFO] Проверка деталей
[2021-05-03 20:13:49.2864] [INFO] Проверка деталей успешна
[2021-05-03 20:13:49.3163] [INFO] Проверка чертежей успешна
[2021-05-03 20:13:49.3163] [INFO] Начато добавление чертежей
[2021-05-03 20:13:49.4593] [INFO] Добавление чертежей успешно
