[2021-01-03 14:03:08.3529] [INFO] Инициализация успешно пройдена
[2021-01-03 14:03:08.3938] [INFO] Инициализация контроллера авторизации успешна
[2021-01-03 14:03:08.4095] [INFO] Начата авторизация пользователя
[2021-01-03 14:03:09.2054] [INFO] Authorization was successful
[2021-01-03 14:03:09.2290] [INFO] Программа успешно запущена
[2021-01-03 14:03:19.7669] [INFO] Клиент подключился
[2021-01-03 14:03:19.8301] [INFO] Модель подключена
[2021-01-03 14:03:19.8580] [INFO] Чертежи успешно получены
[2021-01-03 14:03:20.5197] [INFO] Чертежи добавлены
[2021-01-03 14:03:20.5541] [INFO] Начат показ чертежей
[2021-01-03 14:03:20.5689] [INFO] Дерево успешно собрано
[2021-01-03 14:03:25.8608] [INFO] Начата проверка чертежей
[2021-01-03 14:03:26.0062] [INFO] Проверка чертежей успешна
[2021-01-03 14:03:26.0062] [INFO] Начато добавление чертежей
[2021-01-03 14:03:26.9335] [INFO] Добавление чертежей успешно
[2021-01-03 14:13:43.9210] [INFO] Инициализация успешно пройдена
[2021-01-03 14:13:43.9559] [INFO] Инициализация контроллера авторизации успешна
[2021-01-03 14:13:43.9679] [INFO] Начата авторизация пользователя
[2021-01-03 14:13:44.4975] [INFO] Authorization was successful
[2021-01-03 14:13:44.4975] [INFO] Программа успешно запущена
[2021-01-03 14:14:38.3576] [INFO] Клиент подключился
[2021-01-03 14:14:38.4224] [INFO] Модель подключена
[2021-01-03 14:14:38.4454] [INFO] Чертежи успешно получены
[2021-01-03 14:14:39.1703] [INFO] Чертежи добавлены
[2021-01-03 14:14:39.2054] [INFO] Начат показ чертежей
[2021-01-03 14:14:39.2184] [INFO] Дерево успешно собрано
[2021-01-03 14:14:57.9804] [INFO] Начата проверка чертежей
[2021-01-03 14:14:58.1270] [INFO] Проверка чертежей успешна
[2021-01-03 14:14:58.1330] [INFO] Начато добавление чертежей
[2021-01-03 14:14:59.2325] [INFO] Добавление чертежей успешно
[2021-01-03 14:28:38.1560] [INFO] Инициализация успешно пройдена
[2021-01-03 14:28:38.1939] [INFO] Инициализация контроллера авторизации успешна
[2021-01-03 14:28:38.1939] [INFO] Начата авторизация пользователя
[2021-01-03 14:28:38.7649] [INFO] Authorization was successful
[2021-01-03 14:28:38.7649] [INFO] Программа успешно запущена
[2021-01-03 14:28:41.0390] [INFO] Клиент подключился
[2021-01-03 14:28:41.1108] [INFO] Модель подключена
[2021-01-03 14:28:41.1347] [INFO] Чертежи успешно получены
[2021-01-03 14:28:41.7841] [INFO] Чертежи добавлены
[2021-01-03 14:28:41.8200] [INFO] Начат показ чертежей
[2021-01-03 14:28:41.8200] [INFO] Дерево успешно собрано
[2021-01-03 14:28:43.3075] [INFO] Начата проверка чертежей
[2021-01-03 14:28:43.4497] [INFO] Проверка чертежей успешна
[2021-01-03 14:28:43.4497] [INFO] Начато добавление чертежей
[2021-01-03 14:28:44.5505] [INFO] Добавление чертежей успешно
[2021-01-03 14:29:41.0690] [INFO] Инициализация успешно пройдена
[2021-01-03 14:29:41.1039] [INFO] Инициализация контроллера авторизации успешна
[2021-01-03 14:29:41.1183] [INFO] Начата авторизация пользователя
[2021-01-03 14:29:41.6484] [INFO] Authorization was successful
[2021-01-03 14:29:41.6484] [INFO] Программа успешно запущена
[2021-01-03 14:29:43.8132] [INFO] Клиент подключился
[2021-01-03 14:29:43.8879] [INFO] Модель подключена
[2021-01-03 14:29:43.9139] [INFO] Чертежи успешно получены
[2021-01-03 14:29:44.4783] [INFO] Чертежи добавлены
[2021-01-03 14:29:44.5103] [INFO] Начат показ чертежей
[2021-01-03 14:29:44.5232] [INFO] Дерево успешно собрано
[2021-01-03 14:29:46.0984] [INFO] Начата проверка чертежей
[2021-01-03 14:29:46.2363] [INFO] Проверка чертежей успешна
[2021-01-03 14:29:46.2433] [INFO] Начато добавление чертежей
[2021-01-03 14:29:47.3728] [INFO] Добавление чертежей успешно
[2021-01-03 14:37:33.4407] [INFO] Инициализация успешно пройдена
[2021-01-03 14:37:33.4806] [INFO] Инициализация контроллера авторизации успешна
[2021-01-03 14:37:33.5036] [INFO] Начата авторизация пользователя
[2021-01-03 14:37:34.1871] [INFO] Authorization was successful
[2021-01-03 14:37:34.1931] [INFO] Программа успешно запущена
[2021-01-03 14:37:50.9436] [INFO] Инициализация успешно пройдена
[2021-01-03 14:37:50.9885] [INFO] Инициализация контроллера авторизации успешна
[2021-01-03 14:37:51.0154] [INFO] Начата авторизация пользователя
[2021-01-03 14:37:51.7588] [INFO] Authorization was successful
[2021-01-03 14:37:51.7733] [INFO] Программа успешно запущена
[2021-01-03 14:37:59.9097] [INFO] Клиент подключился
[2021-01-03 14:38:00.0186] [INFO] Модель подключена
[2021-01-03 14:38:00.0455] [INFO] Чертежи успешно получены
[2021-01-03 14:39:47.5559] [INFO] Инициализация успешно пройдена
[2021-01-03 14:39:47.6018] [INFO] Инициализация контроллера авторизации успешна
[2021-01-03 14:39:47.6477] [INFO] Начата авторизация пользователя
[2021-01-03 14:39:48.5154] [INFO] Authorization was successful
[2021-01-03 14:39:48.5313] [INFO] Программа успешно запущена
[2021-01-03 14:39:50.3123] [INFO] Клиент подключился
[2021-01-03 14:39:50.4120] [INFO] Модель подключена
[2021-01-03 14:39:50.4359] [INFO] Чертежи успешно получены
[2021-01-03 14:40:16.8642] [INFO] Чертежи добавлены
[2021-01-03 14:40:23.9168] [INFO] Начат показ чертежей
[2021-01-03 14:40:23.9348] [INFO] Дерево успешно собрано
[2021-01-03 14:40:33.1314] [INFO] Начата проверка чертежей
[2021-01-03 14:40:33.3169] [INFO] Проверка чертежей успешна
[2021-01-03 14:40:33.3229] [INFO] Начато добавление чертежей
[2021-01-03 14:40:33.3229] [INFO] Добавление чертежей успешно
[2021-01-03 14:40:33.3229] [INFO] Выполнен показ отчета не добавленных чертежей
[2021-01-03 14:41:03.6762] [INFO] Инициализация успешно пройдена
[2021-01-03 14:41:03.7161] [INFO] Инициализация контроллера авторизации успешна
[2021-01-03 14:41:03.7360] [INFO] Начата авторизация пользователя
[2021-01-03 14:41:04.5575] [INFO] Authorization was successful
[2021-01-03 14:41:04.5745] [INFO] Программа успешно запущена
[2021-01-03 14:41:06.5443] [INFO] Клиент подключился
[2021-01-03 14:41:06.6450] [INFO] Модель подключена
[2021-01-03 14:41:06.6660] [INFO] Чертежи успешно получены
[2021-01-03 14:41:07.3805] [INFO] Чертежи добавлены
[2021-01-03 14:41:07.4203] [INFO] Начат показ чертежей
[2021-01-03 14:41:07.4360] [INFO] Дерево успешно собрано
[2021-01-03 14:41:08.4413] [INFO] Начата проверка чертежей
[2021-01-03 14:41:08.5632] [INFO] Проверка чертежей успешна
[2021-01-03 14:41:08.5689] [INFO] Начато добавление чертежей
[2021-01-03 14:41:09.6261] [INFO] Добавление чертежей успешно
