[2021-04-13 16:25:53.0462] [INFO] Инициализация успешно пройдена
[2021-04-13 16:25:53.0852] [INFO] Инициализация контроллера авторизации успешна
[2021-04-13 16:25:53.0977] [INFO] Начата авторизация пользователя
[2021-04-13 16:25:53.8688] [INFO] Authorization was successful
[2021-04-13 16:26:45.0078] [INFO] Клиент подключился
[2021-04-13 16:26:45.1005] [INFO] Модель подключена
[2021-04-13 16:26:45.1304] [INFO] Чертежи успешно получены
[2021-04-13 16:26:47.4743] [INFO] Чертежи добавлены
[2021-04-13 16:26:47.5113] [INFO] Начат показ чертежей
[2021-04-13 16:26:47.5113] [INFO] Дерево успешно собрано
[2021-04-13 16:26:49.6337] [INFO] Начата проверка чертежей
[2021-04-13 16:26:49.6337] [INFO] Проверка деталей
[2021-04-13 16:26:50.8833] [INFO] Проверка деталей успешна
[2021-04-13 16:26:50.8980] [INFO] Проверка чертежей успешна
[2021-04-13 16:26:50.9010] [INFO] Начато добавление чертежей
[2021-04-13 16:26:51.0089] [INFO] Добавление чертежей успешно
[2021-04-13 16:28:42.2181] [INFO] Клиент подключился
[2021-04-13 16:28:42.2529] [INFO] Модель подключена
[2021-04-13 16:28:42.2529] [INFO] Чертежи успешно получены
[2021-04-13 16:28:42.4710] [INFO] Чертежи добавлены
[2021-04-13 16:28:42.4830] [INFO] Начат показ чертежей
[2021-04-13 16:28:42.4830] [INFO] Дерево успешно собрано
[2021-04-13 16:28:48.3593] [INFO] Начата проверка чертежей
[2021-04-13 16:28:48.3593] [INFO] Проверка деталей
[2021-04-13 16:28:49.4439] [INFO] Проверка деталей успешна
[2021-04-13 16:28:49.5018] [INFO] Проверка чертежей успешна
[2021-04-13 16:28:49.5018] [INFO] Начато добавление чертежей
[2021-04-13 16:28:49.5675] [INFO] Добавление чертежей успешно
