[2021-03-25 15:31:42.1378] [INFO] Инициализация успешно пройдена
[2021-03-25 15:31:42.1916] [INFO] Инициализация контроллера авторизации успешна
[2021-03-25 15:31:42.2205] [INFO] Начата авторизация пользователя
[2021-03-25 15:31:42.9466] [INFO] Authorization was successful
[2021-03-25 15:33:06.0942] [INFO] Инициализация успешно пройдена
[2021-03-25 15:33:06.1590] [INFO] Инициализация контроллера авторизации успешна
[2021-03-25 15:33:06.1919] [INFO] Начата авторизация пользователя
[2021-03-25 15:33:07.0038] [INFO] Authorization was successful
[2021-03-25 15:33:11.3799] [INFO] Клиент подключился
[2021-03-25 15:33:11.5454] [INFO] Модель подключена
[2021-03-25 15:33:11.5783] [INFO] Чертежи успешно получены
[2021-03-25 15:34:12.1427] [INFO] Инициализация успешно пройдена
[2021-03-25 15:34:12.1846] [INFO] Инициализация контроллера авторизации успешна
[2021-03-25 15:34:12.2315] [INFO] Начата авторизация пользователя
[2021-03-25 15:34:13.0234] [INFO] Authorization was successful
[2021-03-25 15:34:13.0483] [INFO] Клиент подключился
[2021-03-25 15:34:13.2059] [INFO] Модель подключена
[2021-03-25 15:34:13.2318] [INFO] Чертежи успешно получены
[2021-03-25 15:34:40.4292] [INFO] Инициализация успешно пройдена
[2021-03-25 15:34:40.4721] [INFO] Инициализация контроллера авторизации успешна
[2021-03-25 15:34:40.5230] [INFO] Начата авторизация пользователя
[2021-03-25 15:34:41.2869] [INFO] Authorization was successful
[2021-03-25 15:34:43.7484] [INFO] Клиент подключился
[2021-03-25 15:34:43.9049] [INFO] Модель подключена
[2021-03-25 15:34:43.9299] [INFO] Чертежи успешно получены
[2021-03-25 15:38:30.4844] [INFO] Инициализация успешно пройдена
[2021-03-25 15:38:30.5533] [INFO] Инициализация контроллера авторизации успешна
[2021-03-25 15:38:30.6001] [INFO] Начата авторизация пользователя
[2021-03-25 15:38:31.4908] [INFO] Authorization was successful
[2021-03-25 15:38:36.2063] [INFO] Клиент подключился
[2021-03-25 15:38:36.3589] [INFO] Модель подключена
[2021-03-25 15:38:36.3808] [INFO] Чертежи успешно получены
[2021-03-25 15:39:05.0862] [INFO] Инициализация успешно пройдена
[2021-03-25 15:39:05.1320] [INFO] Инициализация контроллера авторизации успешна
[2021-03-25 15:39:05.1719] [INFO] Начата авторизация пользователя
[2021-03-25 15:39:05.9339] [INFO] Authorization was successful
[2021-03-25 15:39:10.5306] [INFO] Клиент подключился
[2021-03-25 15:39:10.6931] [INFO] Модель подключена
[2021-03-25 15:39:10.7170] [INFO] Чертежи успешно получены
[2021-03-25 15:39:35.8110] [INFO] Чертежи добавлены
[2021-03-25 15:39:42.8840] [INFO] Начат показ чертежей
[2021-03-25 15:39:42.9049] [INFO] Дерево успешно собрано
[2021-03-25 15:42:28.7748] [INFO] Инициализация успешно пройдена
[2021-03-25 15:42:28.8267] [INFO] Инициализация контроллера авторизации успешна
[2021-03-25 15:42:28.8765] [INFO] Начата авторизация пользователя
[2021-03-25 15:42:29.7671] [INFO] Authorization was successful
[2021-03-25 15:42:29.8060] [INFO] Клиент подключился
[2021-03-25 15:42:29.9576] [INFO] Модель подключена
[2021-03-25 15:42:29.9846] [INFO] Чертежи успешно получены
[2021-03-25 15:43:30.1180] [INFO] Инициализация успешно пройдена
[2021-03-25 15:43:30.1759] [INFO] Инициализация контроллера авторизации успешна
[2021-03-25 15:43:30.2028] [INFO] Начата авторизация пользователя
[2021-03-25 15:43:31.0605] [INFO] Authorization was successful
[2021-03-25 15:43:36.5230] [INFO] Клиент подключился
[2021-03-25 15:43:36.6696] [INFO] Модель подключена
[2021-03-25 15:43:36.6926] [INFO] Чертежи успешно получены
[2021-03-25 15:46:30.7156] [INFO] Инициализация успешно пройдена
[2021-03-25 15:46:30.7715] [INFO] Инициализация контроллера авторизации успешна
[2021-03-25 15:46:30.8194] [INFO] Начата авторизация пользователя
[2021-03-25 15:46:31.6462] [INFO] Authorization was successful
[2021-03-25 15:46:31.6771] [INFO] Клиент подключился
[2021-03-25 15:46:31.8187] [INFO] Модель подключена
[2021-03-25 15:46:31.8631] [INFO] Чертежи успешно получены
[2021-03-25 15:48:14.1374] [INFO] Инициализация успешно пройдена
[2021-03-25 15:48:14.1902] [INFO] Инициализация контроллера авторизации успешна
[2021-03-25 15:48:14.2251] [INFO] Начата авторизация пользователя
[2021-03-25 15:48:15.0110] [INFO] Authorization was successful
[2021-03-25 15:48:19.2625] [INFO] Клиент подключился
[2021-03-25 15:48:19.4300] [INFO] Модель подключена
[2021-03-25 15:48:19.4520] [INFO] Чертежи успешно получены
[2021-03-25 15:48:41.8664] [INFO] Чертежи добавлены
[2021-03-25 15:48:48.9241] [INFO] Начат показ чертежей
[2021-03-25 15:48:48.9460] [INFO] Дерево успешно собрано
[2021-03-25 16:08:16.7628] [INFO] Инициализация успешно пройдена
[2021-03-25 16:08:16.8267] [INFO] Инициализация контроллера авторизации успешна
[2021-03-25 16:08:16.8695] [INFO] Начата авторизация пользователя
[2021-03-25 16:08:17.6883] [INFO] Authorization was successful
[2021-03-25 16:09:11.1969] [INFO] Клиент подключился
[2021-03-25 16:09:11.3415] [INFO] Модель подключена
[2021-03-25 16:09:11.3704] [INFO] Чертежи успешно получены
[2021-03-25 16:09:11.6028] [INFO] Чертежи добавлены
[2021-03-25 16:09:11.6497] [INFO] Начат показ чертежей
[2021-03-25 16:09:11.6626] [INFO] Дерево успешно собрано
[2021-03-25 16:09:26.5198] [INFO] Клиент подключился
[2021-03-25 16:09:26.5637] [INFO] Модель подключена
[2021-03-25 16:09:26.5867] [INFO] Чертежи успешно получены
[2021-03-25 16:12:29.4740] [INFO] Инициализация успешно пройдена
[2021-03-25 16:12:29.5269] [INFO] Инициализация контроллера авторизации успешна
[2021-03-25 16:12:29.5568] [INFO] Начата авторизация пользователя
[2021-03-25 16:12:30.3916] [INFO] Authorization was successful
[2021-03-25 16:13:28.4291] [INFO] Клиент подключился
[2021-03-25 16:13:28.5917] [INFO] Модель подключена
[2021-03-25 16:13:28.6166] [INFO] Чертежи успешно получены
[2021-03-25 16:13:28.8649] [INFO] Чертежи добавлены
[2021-03-25 16:13:28.9138] [INFO] Начат показ чертежей
[2021-03-25 16:13:28.9288] [INFO] Дерево успешно собрано
[2021-03-25 16:13:37.8886] [INFO] Клиент подключился
[2021-03-25 16:13:37.9365] [INFO] Модель подключена
[2021-03-25 16:13:37.9524] [INFO] Чертежи успешно получены
[2021-03-25 16:13:56.1300] [INFO] Инициализация успешно пройдена
[2021-03-25 16:13:56.1919] [INFO] Инициализация контроллера авторизации успешна
[2021-03-25 16:13:56.2248] [INFO] Начата авторизация пользователя
[2021-03-25 16:13:57.0052] [INFO] Authorization was successful
[2021-03-25 16:14:03.4526] [INFO] Клиент подключился
[2021-03-25 16:14:03.6122] [INFO] Модель подключена
[2021-03-25 16:14:03.6351] [INFO] Чертежи успешно получены
[2021-03-25 16:18:16.0663] [INFO] Инициализация успешно пройдена
[2021-03-25 16:18:16.1162] [INFO] Инициализация контроллера авторизации успешна
[2021-03-25 16:18:16.1441] [INFO] Начата авторизация пользователя
[2021-03-25 16:18:16.9380] [INFO] Authorization was successful
[2021-03-25 16:18:46.3235] [INFO] Инициализация успешно пройдена
[2021-03-25 16:18:46.3724] [INFO] Инициализация контроллера авторизации успешна
[2021-03-25 16:18:46.4122] [INFO] Начата авторизация пользователя
[2021-03-25 16:18:47.2141] [INFO] Authorization was successful
[2021-03-25 16:18:47.2301] [INFO] Клиент подключился
[2021-03-25 16:18:47.4041] [INFO] Модель подключена
[2021-03-25 16:18:47.4291] [INFO] Чертежи успешно получены
[2021-03-25 16:19:39.6791] [INFO] Инициализация успешно пройдена
[2021-03-25 16:19:39.7270] [INFO] Инициализация контроллера авторизации успешна
[2021-03-25 16:19:39.7739] [INFO] Начата авторизация пользователя
[2021-03-25 16:19:40.6904] [INFO] Authorization was successful
[2021-03-25 16:19:40.7084] [INFO] Клиент подключился
[2021-03-25 16:19:40.8251] [INFO] Модель подключена
[2021-03-25 16:19:40.8570] [INFO] Чертежи успешно получены
[2021-03-25 16:19:57.1186] [INFO] Инициализация успешно пройдена
[2021-03-25 16:19:57.1675] [INFO] Инициализация контроллера авторизации успешна
[2021-03-25 16:19:57.2074] [INFO] Начата авторизация пользователя
[2021-03-25 16:19:57.9953] [INFO] Authorization was successful
[2021-03-25 16:20:00.8148] [INFO] Клиент подключился
[2021-03-25 16:20:00.9704] [INFO] Модель подключена
[2021-03-25 16:20:00.9924] [INFO] Чертежи успешно получены
[2021-03-25 16:20:31.3061] [INFO] Инициализация успешно пройдена
[2021-03-25 16:20:31.3570] [INFO] Инициализация контроллера авторизации успешна
[2021-03-25 16:20:31.4128] [INFO] Начата авторизация пользователя
[2021-03-25 16:20:32.1917] [INFO] Authorization was successful
[2021-03-25 16:20:35.0015] [INFO] Клиент подключился
[2021-03-25 16:20:35.1740] [INFO] Модель подключена
[2021-03-25 16:20:35.1960] [INFO] Чертежи успешно получены
[2021-03-25 16:21:19.3753] [INFO] Инициализация успешно пройдена
[2021-03-25 16:21:19.4281] [INFO] Инициализация контроллера авторизации успешна
[2021-03-25 16:21:19.4850] [INFO] Начата авторизация пользователя
[2021-03-25 16:21:20.3038] [INFO] Authorization was successful
[2021-03-25 16:21:20.3187] [INFO] Клиент подключился
[2021-03-25 16:21:20.4993] [INFO] Модель подключена
[2021-03-25 16:21:20.5222] [INFO] Чертежи успешно получены
[2021-03-25 16:22:35.8037] [INFO] Инициализация успешно пройдена
[2021-03-25 16:22:35.8476] [INFO] Инициализация контроллера авторизации успешна
[2021-03-25 16:22:35.8765] [INFO] Начата авторизация пользователя
[2021-03-25 16:22:36.7173] [INFO] Authorization was successful
[2021-03-25 16:22:38.0929] [INFO] Клиент подключился
[2021-03-25 16:22:38.2259] [INFO] Модель подключена
[2021-03-25 16:22:38.2479] [INFO] Чертежи успешно получены
[2021-03-25 16:26:11.8580] [INFO] Инициализация успешно пройдена
[2021-03-25 16:26:11.9098] [INFO] Инициализация контроллера авторизации успешна
[2021-03-25 16:26:11.9368] [INFO] Начата авторизация пользователя
[2021-03-25 16:26:12.6947] [INFO] Authorization was successful
[2021-03-25 16:26:14.5371] [INFO] Клиент подключился
[2021-03-25 16:26:14.6688] [INFO] Модель подключена
[2021-03-25 16:26:14.6917] [INFO] Чертежи успешно получены
[2021-03-25 16:26:31.2931] [INFO] Чертежи добавлены
[2021-03-25 16:26:38.3541] [INFO] Начат показ чертежей
[2021-03-25 16:26:38.3691] [INFO] Дерево успешно собрано
[2021-03-25 16:26:48.0589] [INFO] Инициализация успешно пройдена
[2021-03-25 16:26:48.1107] [INFO] Инициализация контроллера авторизации успешна
[2021-03-25 16:26:48.1596] [INFO] Начата авторизация пользователя
[2021-03-25 16:26:49.0163] [INFO] Authorization was successful
[2021-03-25 16:26:49.0402] [INFO] Клиент подключился
[2021-03-25 16:26:49.1898] [INFO] Модель подключена
[2021-03-25 16:26:49.2208] [INFO] Чертежи успешно получены
[2021-03-25 16:29:36.1251] [INFO] Инициализация успешно пройдена
[2021-03-25 16:29:36.1790] [INFO] Инициализация контроллера авторизации успешна
[2021-03-25 16:29:36.2438] [INFO] Начата авторизация пользователя
[2021-03-25 16:29:37.0805] [INFO] Authorization was successful
[2021-03-25 16:29:37.8419] [INFO] Клиент подключился
[2021-03-25 16:29:37.9683] [INFO] Модель подключена
[2021-03-25 16:29:37.9883] [INFO] Чертежи успешно получены
[2021-03-25 16:29:38.1918] [INFO] Чертежи добавлены
[2021-03-25 16:29:38.2417] [INFO] Начат показ чертежей
[2021-03-25 16:29:38.2606] [INFO] Дерево успешно собрано
[2021-03-25 16:29:46.4922] [INFO] Клиент подключился
[2021-03-25 16:29:46.5450] [INFO] Модель подключена
[2021-03-25 16:29:46.5589] [INFO] Чертежи успешно получены
[2021-03-25 16:32:33.0236] [INFO] Инициализация успешно пройдена
[2021-03-25 16:32:33.0794] [INFO] Инициализация контроллера авторизации успешна
[2021-03-25 16:32:33.1183] [INFO] Начата авторизация пользователя
[2021-03-25 16:32:33.9501] [INFO] Authorization was successful
[2021-03-25 16:32:44.3551] [INFO] Клиент подключился
[2021-03-25 16:32:44.5107] [INFO] Модель подключена
[2021-03-25 16:32:44.5336] [INFO] Чертежи успешно получены
[2021-03-25 16:32:44.7580] [INFO] Чертежи добавлены
[2021-03-25 16:32:44.8069] [INFO] Начат показ чертежей
[2021-03-25 16:32:44.8299] [INFO] Дерево успешно собрано
[2021-03-25 16:32:56.5471] [INFO] Клиент подключился
[2021-03-25 16:32:56.5950] [INFO] Модель подключена
[2021-03-25 16:32:56.6050] [INFO] Чертежи успешно получены
[2021-03-25 16:33:34.8412] [INFO] Инициализация успешно пройдена
[2021-03-25 16:33:34.8951] [INFO] Инициализация контроллера авторизации успешна
[2021-03-25 16:33:34.9290] [INFO] Начата авторизация пользователя
[2021-03-25 16:33:35.7009] [INFO] Authorization was successful
[2021-03-25 16:33:35.7249] [INFO] Клиент подключился
[2021-03-25 16:33:35.8436] [INFO] Модель подключена
[2021-03-25 16:33:35.8685] [INFO] Чертежи успешно получены
[2021-03-25 16:34:18.4207] [INFO] Инициализация успешно пройдена
[2021-03-25 16:34:18.4875] [INFO] Инициализация контроллера авторизации успешна
[2021-03-25 16:34:18.5165] [INFO] Начата авторизация пользователя
[2021-03-25 16:34:19.3871] [INFO] Authorization was successful
[2021-03-25 16:34:22.0940] [INFO] Клиент подключился
[2021-03-25 16:34:22.2536] [INFO] Модель подключена
[2021-03-25 16:34:22.2755] [INFO] Чертежи успешно получены
[2021-03-25 16:35:19.2485] [INFO] Инициализация успешно пройдена
[2021-03-25 16:35:19.3013] [INFO] Инициализация контроллера авторизации успешна
[2021-03-25 16:35:19.3382] [INFO] Начата авторизация пользователя
[2021-03-25 16:35:20.2787] [INFO] Authorization was successful
[2021-03-25 16:35:20.6358] [INFO] Клиент подключился
[2021-03-25 16:35:20.7505] [INFO] Модель подключена
[2021-03-25 16:35:20.7724] [INFO] Чертежи успешно получены
[2021-03-25 16:35:53.0168] [INFO] Чертежи добавлены
[2021-03-25 16:40:52.8140] [INFO] Инициализация успешно пройдена
[2021-03-25 16:40:52.8958] [INFO] Инициализация контроллера авторизации успешна
[2021-03-25 16:40:52.9347] [INFO] Начата авторизация пользователя
[2021-03-25 16:40:53.9320] [INFO] Authorization was successful
[2021-03-25 16:40:53.9520] [INFO] Клиент подключился
[2021-03-25 16:40:54.0796] [INFO] Модель подключена
[2021-03-25 16:40:54.1026] [INFO] Чертежи успешно получены
[2021-03-25 16:40:54.3300] [INFO] Чертежи добавлены
[2021-03-25 16:40:54.3798] [INFO] Начат показ чертежей
[2021-03-25 16:40:54.3988] [INFO] Дерево успешно собрано
[2021-03-25 16:54:13.9176] [INFO] Инициализация успешно пройдена
[2021-03-25 16:54:13.9744] [INFO] Инициализация контроллера авторизации успешна
[2021-03-25 16:54:14.0113] [INFO] Начата авторизация пользователя
[2021-03-25 16:54:15.0640] [INFO] Authorization was successful
[2021-03-25 16:54:16.0955] [INFO] Клиент подключился
[2021-03-25 16:54:16.2572] [INFO] Модель подключена
[2021-03-25 16:54:16.2781] [INFO] Чертежи успешно получены
[2021-03-25 16:54:16.5264] [INFO] Чертежи добавлены
[2021-03-25 16:54:16.5743] [INFO] Начат показ чертежей
[2021-03-25 16:54:16.5932] [INFO] Дерево успешно собрано
[2021-03-25 16:54:21.9376] [INFO] Начата проверка чертежей
[2021-03-25 16:54:21.9456] [INFO] Проверка деталей
[2021-03-25 16:54:25.0765] [INFO] Проверка деталей успешна
[2021-03-25 16:54:27.1396] [INFO] Проверка чертежей успешна
[2021-03-25 16:54:27.1476] [INFO] Начато добавление чертежей
[2021-03-25 16:54:27.3680] [INFO] Добавление чертежей успешно
[2021-03-25 16:54:27.3680] [INFO] Выполнен показ отчета не добавленных чертежей
[2021-03-25 16:54:48.4146] [INFO] Клиент подключился
[2021-03-25 16:54:48.4595] [INFO] Модель подключена
[2021-03-25 16:54:48.4595] [INFO] Чертежи успешно получены
[2021-03-25 16:54:48.6670] [INFO] Чертежи добавлены
[2021-03-25 16:54:48.6829] [INFO] Начат показ чертежей
[2021-03-25 16:54:48.6929] [INFO] Дерево успешно собрано
[2021-03-25 16:55:08.2456] [INFO] Начата проверка чертежей
[2021-03-25 16:55:08.2456] [INFO] Проверка деталей
[2021-03-25 16:55:09.4945] [INFO] Проверка деталей успешна
[2021-03-25 16:55:09.5180] [INFO] Проверка чертежей успешна
[2021-03-25 16:55:09.5220] [INFO] Начато добавление чертежей
[2021-03-25 16:55:09.5220] [INFO] Добавление чертежей успешно
[2021-03-25 16:55:09.5220] [INFO] Выполнен показ отчета не добавленных чертежей
[2021-03-25 16:55:14.7236] [INFO] Клиент подключился
[2021-03-25 16:55:14.7824] [INFO] Модель подключена
[2021-03-25 16:55:14.8014] [INFO] Чертежи успешно получены
[2021-03-25 16:55:15.0148] [INFO] Чертежи добавлены
[2021-03-25 16:55:15.0328] [INFO] Начат показ чертежей
[2021-03-25 16:55:15.0437] [INFO] Дерево успешно собрано
[2021-03-25 16:55:15.9541] [INFO] Начата проверка чертежей
[2021-03-25 16:55:15.9591] [INFO] Проверка деталей
[2021-03-25 16:55:16.8436] [INFO] Проверка деталей успешна
[2021-03-25 16:55:16.8606] [INFO] Проверка чертежей успешна
[2021-03-25 16:55:16.8656] [INFO] Начато добавление чертежей
[2021-03-25 16:55:16.8656] [INFO] Добавление чертежей успешно
[2021-03-25 16:55:16.8656] [INFO] Выполнен показ отчета не добавленных чертежей
[2021-03-25 16:55:25.9322] [INFO] Клиент подключился
[2021-03-25 16:55:25.9701] [INFO] Модель подключена
[2021-03-25 16:55:25.9800] [INFO] Чертежи успешно получены
[2021-03-25 16:55:26.2882] [INFO] Чертежи добавлены
[2021-03-25 16:55:26.3062] [INFO] Начат показ чертежей
[2021-03-25 16:55:26.3161] [INFO] Дерево успешно собрано
[2021-03-25 16:55:27.0775] [INFO] Начата проверка чертежей
[2021-03-25 16:55:27.0845] [INFO] Проверка деталей
[2021-03-25 16:55:27.7215] [INFO] Проверка деталей успешна
[2021-03-25 16:55:27.7394] [INFO] Проверка чертежей успешна
[2021-03-25 16:55:27.7394] [INFO] Начато добавление чертежей
[2021-03-25 16:55:27.7394] [INFO] Добавление чертежей успешно
[2021-03-25 16:55:27.7538] [INFO] Выполнен показ отчета не добавленных чертежей
[2021-03-25 16:55:30.2043] [INFO] Клиент подключился
[2021-03-25 16:55:30.2542] [INFO] Модель подключена
[2021-03-25 16:55:30.2791] [INFO] Чертежи успешно получены
[2021-03-25 16:55:30.3459] [INFO] Чертежи добавлены
[2021-03-25 16:55:30.3659] [INFO] Начат показ чертежей
[2021-03-25 16:55:30.3659] [INFO] Дерево успешно собрано
[2021-03-25 16:55:31.0324] [INFO] Начата проверка чертежей
[2021-03-25 16:55:31.0374] [INFO] Проверка деталей
[2021-03-25 16:55:31.5268] [INFO] Проверка деталей успешна
[2021-03-25 16:55:31.5557] [INFO] Проверка чертежей успешна
[2021-03-25 16:55:31.5557] [INFO] Начато добавление чертежей
[2021-03-25 16:55:31.6811] [INFO] Добавление чертежей успешно
[2021-03-25 16:56:38.3066] [INFO] Инициализация успешно пройдена
[2021-03-25 16:56:38.3595] [INFO] Инициализация контроллера авторизации успешна
[2021-03-25 16:56:38.3944] [INFO] Начата авторизация пользователя
[2021-03-25 16:56:39.1982] [INFO] Authorization was successful
[2021-03-25 16:56:39.2222] [INFO] Клиент подключился
[2021-03-25 16:56:39.3279] [INFO] Модель подключена
[2021-03-25 16:56:39.3488] [INFO] Чертежи успешно получены
[2021-03-25 16:56:39.4476] [INFO] Чертежи добавлены
[2021-03-25 16:56:39.5014] [INFO] Начат показ чертежей
[2021-03-25 16:56:39.5224] [INFO] Дерево успешно собрано
