[2020-12-09 13:23:18.7686] [INFO] Инициализация успешно пройдена
[2020-12-09 13:23:18.8035] [INFO] Запуск лаунчера
[2020-12-09 13:23:18.8699] [INFO] Попытка получения версии SZMK.LauncherUpdater
[2020-12-09 13:23:18.9108] [INFO] Версия SZMK.LauncherUpdater успешно получены
[2020-12-09 13:23:18.9108] [INFO] Начало проверки обновления основного приложения
[2020-12-09 13:23:18.9108] [INFO] Попытка подключения к серверу обновления
[2020-12-09 13:23:19.9510] [INFO] Начато удаление логов
[2020-12-09 13:23:19.9510] [INFO] Удалено 1 из 5
[2020-12-09 13:23:19.9510] [INFO] Удалено 2 из 5
[2020-12-09 13:23:19.9560] [INFO] Удалено 3 из 5
[2020-12-09 13:23:19.9560] [INFO] Удалено 4 из 5
[2020-12-09 13:23:19.9560] [INFO] Удалено 5 из 5
[2020-12-09 13:23:19.9560] [INFO] Удаление логов завершено успешно
[2020-12-09 13:23:19.9560] [INFO] Начато удаление старого обновления
[2020-12-09 13:23:19.9560] [INFO] Удаление старого обновления завершено успешно
[2020-12-09 13:23:19.9560] [INFO] Начало проверки обновления лаунчера
[2020-12-09 13:23:19.9560] [INFO] Попытка подключения к серверу обновления
[2020-12-09 13:23:22.4946] [INFO] Попытка получения версии и имени основной программы
[2020-12-09 13:23:22.7133] [INFO] Версия и имя основный программы успешно получены
[2020-12-09 13:23:22.7133] [INFO] Начало проверки обновления основного приложения
[2020-12-09 13:23:22.7133] [INFO] Попытка подключения к серверу обновления
[2020-12-09 13:23:23.7243] [INFO] Запуск основного приложения
[2020-12-09 13:23:23.9454] [INFO] Запуск выполнен успешно, закрытие лаунчера
[2020-12-09 13:56:59.3736] [INFO] Инициализация успешно пройдена
[2020-12-09 13:56:59.3995] [INFO] Запуск лаунчера
[2020-12-09 13:56:59.4284] [INFO] Попытка получения версии SZMK.LauncherUpdater
[2020-12-09 13:56:59.4284] [INFO] Версия SZMK.LauncherUpdater успешно получены
[2020-12-09 13:56:59.4284] [INFO] Начало проверки обновления основного приложения
[2020-12-09 13:56:59.4284] [INFO] Попытка подключения к серверу обновления
[2020-12-09 13:56:59.4463] [INFO] Подключение к серверу обновления успешно
[2020-12-09 13:56:59.4463] [INFO] Отправка параметров
[2020-12-09 13:56:59.4463] [INFO] Отправка параметров
[2020-12-09 13:56:59.4463] [INFO] Отправка параметров
[2020-12-09 13:56:59.4463] [INFO] Получение необходимости обновления
[2020-12-09 13:56:59.4463] [INFO] Начало получения обновления SZMK.LauncherUpdater
[2020-12-09 13:56:59.4563] [INFO] Отправка параметров обновления
[2020-12-09 13:56:59.4563] [INFO] Отправка параметров прошла успешна
[2020-12-09 13:56:59.4563] [INFO] Получение файла информации обновления
[2020-12-09 13:56:59.5221] [INFO] Получение файла информации обновления успешно
[2020-12-09 13:56:59.5221] [INFO] Скачивание файлов обновления 1 из 4
[2020-12-09 13:56:59.5221] [INFO] Скачивание файлов обновления 2 из 4
[2020-12-09 13:56:59.5221] [INFO] Скачивание файлов обновления 3 из 4
[2020-12-09 13:56:59.5221] [INFO] Скачивание файлов обновления 4 из 4
[2020-12-09 13:56:59.5441] [INFO] Начало проверки старых файлов Updater'a
[2020-12-09 13:56:59.6368] [INFO] Проверка старых файлов Updater'a успешно
[2020-12-09 13:56:59.6368] [INFO] Начало удаление старых файлов Updater'a
[2020-12-09 13:56:59.6368] [INFO] Удаление старых файлов Updater'a успешно
[2020-12-09 13:56:59.6438] [INFO] Обновление файлов Updater'a
[2020-12-09 13:56:59.6438] [INFO] Обновление файлов Updater'a успешно
[2020-12-09 13:56:59.6438] [INFO] Начато удаление логов
[2020-12-09 13:56:59.6438] [INFO] Удалено 1 из 1
[2020-12-09 13:56:59.6438] [INFO] Удаление логов завершено успешно
[2020-12-09 13:56:59.6438] [INFO] Начато удаление старого обновления
[2020-12-09 13:56:59.6588] [INFO] Удаление старого обновления завершено успешно
[2020-12-09 13:56:59.6588] [INFO] Начало проверки обновления лаунчера
[2020-12-09 13:56:59.6588] [INFO] Попытка подключения к серверу обновления
[2020-12-09 13:57:02.8453] [INFO] Попытка получения версии и имени основной программы
[2020-12-09 13:57:02.8473] [INFO] Версия и имя основный программы успешно получены
[2020-12-09 13:57:02.8473] [INFO] Начало проверки обновления основного приложения
[2020-12-09 13:57:02.8473] [INFO] Попытка подключения к серверу обновления
[2020-12-09 13:57:03.8744] [INFO] Запуск основного приложения
[2020-12-09 13:57:03.9183] [INFO] Запуск выполнен успешно, закрытие лаунчера
[2020-12-09 13:58:52.2098] [INFO] Инициализация успешно пройдена
[2020-12-09 13:58:52.2347] [INFO] Запуск лаунчера
[2020-12-09 13:58:52.2513] [INFO] Попытка получения версии SZMK.LauncherUpdater
[2020-12-09 13:58:52.2553] [INFO] Версия SZMK.LauncherUpdater успешно получены
[2020-12-09 13:58:52.2553] [INFO] Начало проверки обновления основного приложения
[2020-12-09 13:58:52.2553] [INFO] Попытка подключения к серверу обновления
[2020-12-09 13:58:52.2553] [INFO] Подключение к серверу обновления успешно
[2020-12-09 13:58:52.2692] [INFO] Отправка параметров
[2020-12-09 13:58:52.2692] [INFO] Отправка параметров
[2020-12-09 13:58:52.2692] [INFO] Отправка параметров
[2020-12-09 13:58:52.2692] [INFO] Получение необходимости обновления
[2020-12-09 13:58:52.2692] [INFO] Начато удаление логов
[2020-12-09 13:58:52.2692] [INFO] Удалено 1 из 1
[2020-12-09 13:58:52.2692] [INFO] Удаление логов завершено успешно
[2020-12-09 13:58:52.2692] [INFO] Начато удаление старого обновления
[2020-12-09 13:58:52.2692] [INFO] Удаление старого обновления завершено успешно
[2020-12-09 13:58:52.2692] [INFO] Начало проверки обновления лаунчера
[2020-12-09 13:58:52.2842] [INFO] Попытка подключения к серверу обновления
[2020-12-09 13:58:52.2842] [INFO] Подключение к серверу обновления успешно
[2020-12-09 13:58:52.2842] [INFO] Отправка параметров
[2020-12-09 13:58:52.2842] [INFO] Отправка параметров
[2020-12-09 13:58:52.2842] [INFO] Отправка параметров
[2020-12-09 13:58:52.2842] [INFO] Получение необходимости обновления
[2020-12-09 13:58:52.2842] [INFO] Попытка получения версии и имени основной программы
[2020-12-09 13:58:52.2842] [INFO] Версия и имя основный программы успешно получены
[2020-12-09 13:58:52.2842] [INFO] Начало проверки обновления основного приложения
[2020-12-09 13:58:52.2842] [INFO] Попытка подключения к серверу обновления
[2020-12-09 13:58:52.2842] [INFO] Подключение к серверу обновления успешно
[2020-12-09 13:58:52.3002] [INFO] Отправка параметров
[2020-12-09 13:58:52.3002] [INFO] Отправка параметров
[2020-12-09 13:58:52.3002] [INFO] Отправка параметров
[2020-12-09 13:58:52.3002] [INFO] Получение необходимости обновления
[2020-12-09 13:58:52.3002] [INFO] Начало получения обновления основной программы
[2020-12-09 13:58:52.3002] [INFO] Отправка параметров обновления
[2020-12-09 13:58:52.3002] [INFO] Отправка параметров прошла успешна
[2020-12-09 13:58:52.3002] [INFO] Получение файла информации обновления
[2020-12-09 13:58:52.7380] [INFO] Получение файла информации обновления успешно
[2020-12-09 13:58:52.7380] [INFO] Скачивание файлов обновления 1 из 8
[2020-12-09 13:58:52.7380] [INFO] Скачивание файлов обновления 2 из 8
[2020-12-09 13:58:52.7380] [INFO] Скачивание файлов обновления 3 из 8
[2020-12-09 13:58:52.7380] [INFO] Скачивание файлов обновления 4 из 8
[2020-12-09 13:58:52.7380] [INFO] Скачивание файлов обновления 5 из 8
[2020-12-09 13:58:52.7559] [INFO] Скачивание файлов обновления 6 из 8
[2020-12-09 13:58:52.7559] [INFO] Скачивание файлов обновления 7 из 8
[2020-12-09 13:58:52.7559] [INFO] Скачивание файлов обновления 8 из 8
[2020-12-09 13:58:52.7679] [INFO] Начало проверки старых файлов основной программы
[2020-12-09 13:59:12.8727] [INFO] Проверка старых файлов основной программы успешно
[2020-12-09 13:59:12.8727] [INFO] Начало удаление старых файлов основной программы
[2020-12-09 13:59:12.8787] [INFO] Удаление старых файлов основной программы успешно
[2020-12-09 13:59:12.8787] [INFO] Обновление файлов основной программы
[2020-12-09 13:59:12.8787] [INFO] Обновление файлов основной программы успешно
[2020-12-09 13:59:12.8787] [INFO] Запуск основного приложения
[2020-12-09 13:59:13.2482] [INFO] Запуск выполнен успешно, закрытие лаунчера
[2020-12-09 14:00:12.0891] [INFO] Инициализация успешно пройдена
[2020-12-09 14:00:12.1140] [INFO] Запуск лаунчера
[2020-12-09 14:00:12.1359] [INFO] Попытка получения версии SZMK.LauncherUpdater
[2020-12-09 14:00:12.1359] [INFO] Версия SZMK.LauncherUpdater успешно получены
[2020-12-09 14:00:12.1359] [INFO] Начало проверки обновления основного приложения
[2020-12-09 14:00:12.1459] [INFO] Попытка подключения к серверу обновления
[2020-12-09 14:00:12.1659] [INFO] Начато удаление логов
[2020-12-09 14:00:12.1659] [INFO] Удалено 1 из 1
[2020-12-09 14:00:12.1659] [INFO] Удаление логов завершено успешно
[2020-12-09 14:00:12.1659] [INFO] Начато удаление старого обновления
[2020-12-09 14:00:12.1659] [INFO] Удаление старого обновления завершено успешно
[2020-12-09 14:00:12.1758] [INFO] Начало проверки обновления лаунчера
[2020-12-09 14:00:12.1758] [INFO] Попытка подключения к серверу обновления
[2020-12-09 14:02:55.1941] [INFO] Инициализация успешно пройдена
[2020-12-09 14:02:55.2261] [INFO] Запуск лаунчера
[2020-12-09 14:02:55.2430] [INFO] Попытка получения версии SZMK.LauncherUpdater
[2020-12-09 14:02:55.2430] [INFO] Версия SZMK.LauncherUpdater успешно получены
[2020-12-09 14:02:55.2430] [INFO] Начало проверки обновления основного приложения
[2020-12-09 14:02:55.2430] [INFO] Попытка подключения к серверу обновления
[2020-12-09 14:02:55.2579] [INFO] Подключение к серверу обновления успешно
[2020-12-09 14:02:55.2579] [INFO] Отправка параметров
[2020-12-09 14:02:55.2579] [INFO] Отправка параметров
[2020-12-09 14:02:55.2579] [INFO] Отправка параметров
[2020-12-09 14:02:55.2579] [INFO] Получение необходимости обновления
[2020-12-09 14:02:55.2579] [INFO] Начато удаление логов
[2020-12-09 14:02:55.2679] [INFO] Удалено 1 из 1
[2020-12-09 14:02:55.2679] [INFO] Удаление логов завершено успешно
[2020-12-09 14:02:55.2679] [INFO] Начато удаление старого обновления
[2020-12-09 14:02:55.2679] [INFO] Удаление старого обновления завершено успешно
[2020-12-09 14:02:55.2679] [INFO] Начало проверки обновления лаунчера
[2020-12-09 14:02:55.2679] [INFO] Попытка подключения к серверу обновления
[2020-12-09 14:02:55.2679] [INFO] Подключение к серверу обновления успешно
[2020-12-09 14:02:55.2679] [INFO] Отправка параметров
[2020-12-09 14:02:55.2679] [INFO] Отправка параметров
[2020-12-09 14:02:55.2679] [INFO] Отправка параметров
[2020-12-09 14:02:55.2679] [INFO] Получение необходимости обновления
[2020-12-09 14:02:55.2839] [INFO] Попытка получения версии и имени основной программы
[2020-12-09 14:02:55.2839] [INFO] Версия и имя основный программы успешно получены
[2020-12-09 14:02:55.2839] [INFO] Начало проверки обновления основного приложения
[2020-12-09 14:02:55.2839] [INFO] Попытка подключения к серверу обновления
[2020-12-09 14:02:55.2839] [INFO] Подключение к серверу обновления успешно
[2020-12-09 14:02:55.2839] [INFO] Отправка параметров
[2020-12-09 14:02:55.2839] [INFO] Отправка параметров
[2020-12-09 14:02:55.2839] [INFO] Отправка параметров
[2020-12-09 14:02:55.2839] [INFO] Получение необходимости обновления
[2020-12-09 14:02:55.2839] [INFO] Запуск основного приложения
[2020-12-09 14:02:55.3298] [INFO] Запуск выполнен успешно, закрытие лаунчера
[2020-12-09 14:04:09.5633] [INFO] Попытка получения версии и имени основной программы
[2020-12-09 14:04:09.5663] [INFO] Версия и имя основный программы успешно получены
[2020-12-09 14:04:09.5663] [INFO] Начало проверки обновления основного приложения
[2020-12-09 14:04:09.5663] [INFO] Попытка подключения к серверу обновления
[2020-12-09 14:04:09.5663] [INFO] Подключение к серверу обновления успешно
[2020-12-09 14:04:09.5663] [INFO] Отправка параметров
[2020-12-09 14:04:09.5663] [INFO] Отправка параметров
[2020-12-09 14:04:09.5663] [INFO] Отправка параметров
[2020-12-09 14:04:09.5663] [INFO] Получение необходимости обновления
[2020-12-09 14:04:09.5663] [INFO] Запуск основного приложения
[2020-12-09 14:04:09.6181] [INFO] Запуск выполнен успешно, закрытие лаунчера
[2020-12-09 14:08:20.6859] [INFO] Инициализация успешно пройдена
[2020-12-09 14:08:20.7103] [INFO] Запуск лаунчера
[2020-12-09 14:08:20.7273] [INFO] Попытка получения версии SZMK.LauncherUpdater
[2020-12-09 14:08:20.7273] [INFO] Версия SZMK.LauncherUpdater успешно получены
[2020-12-09 14:08:20.7273] [INFO] Начало проверки обновления основного приложения
[2020-12-09 14:08:20.7273] [INFO] Попытка подключения к серверу обновления
[2020-12-09 14:08:20.7422] [INFO] Подключение к серверу обновления успешно
[2020-12-09 14:08:20.7422] [INFO] Отправка параметров
[2020-12-09 14:08:20.7422] [INFO] Отправка параметров
[2020-12-09 14:08:20.7422] [INFO] Отправка параметров
[2020-12-09 14:08:20.7422] [INFO] Получение необходимости обновления
[2020-12-09 14:08:20.7422] [INFO] Начало получения обновления SZMK.LauncherUpdater
[2020-12-09 14:08:20.7422] [INFO] Отправка параметров обновления
[2020-12-09 14:08:20.7422] [INFO] Отправка параметров прошла успешна
[2020-12-09 14:08:20.7422] [INFO] Получение файла информации обновления
[2020-12-09 14:08:20.7862] [INFO] Получение файла информации обновления успешно
[2020-12-09 14:08:20.7862] [INFO] Скачивание файлов обновления 1 из 4
[2020-12-09 14:08:20.7862] [INFO] Скачивание файлов обновления 2 из 4
[2020-12-09 14:08:20.7862] [INFO] Скачивание файлов обновления 3 из 4
[2020-12-09 14:08:20.7862] [INFO] Скачивание файлов обновления 4 из 4
[2020-12-09 14:08:20.7862] [INFO] Начало проверки старых файлов Updater'a
[2020-12-09 14:08:20.8480] [INFO] Проверка старых файлов Updater'a успешно
[2020-12-09 14:08:20.8480] [INFO] Начало удаление старых файлов Updater'a
[2020-12-09 14:08:20.8480] [INFO] Удаление старых файлов Updater'a успешно
[2020-12-09 14:08:20.8480] [INFO] Обновление файлов Updater'a
[2020-12-09 14:08:20.8480] [INFO] Обновление файлов Updater'a успешно
[2020-12-09 14:08:20.8480] [INFO] Начато удаление логов
[2020-12-09 14:08:20.8619] [INFO] Удалено 1 из 1
[2020-12-09 14:08:20.8619] [INFO] Удаление логов завершено успешно
[2020-12-09 14:08:20.8619] [INFO] Начато удаление старого обновления
[2020-12-09 14:08:20.8619] [INFO] Удаление старого обновления завершено успешно
[2020-12-09 14:08:20.8619] [INFO] Начало проверки обновления лаунчера
[2020-12-09 14:08:20.8619] [INFO] Попытка подключения к серверу обновления
[2020-12-09 14:08:23.5370] [INFO] Попытка получения версии и имени основной программы
[2020-12-09 14:08:23.5370] [INFO] Версия и имя основный программы успешно получены
[2020-12-09 14:08:23.5370] [INFO] Начало проверки обновления основного приложения
[2020-12-09 14:08:23.5370] [INFO] Попытка подключения к серверу обновления
[2020-12-09 14:08:24.5561] [INFO] Запуск основного приложения
[2020-12-09 14:08:24.5930] [INFO] Запуск выполнен успешно, закрытие лаунчера
[2020-12-09 14:14:41.6089] [INFO] Инициализация успешно пройдена
[2020-12-09 14:14:41.6329] [INFO] Запуск лаунчера
[2020-12-09 14:14:41.6548] [INFO] Попытка получения версии SZMK.LauncherUpdater
[2020-12-09 14:14:41.6598] [INFO] Версия SZMK.LauncherUpdater успешно получены
[2020-12-09 14:14:41.6598] [INFO] Начало проверки обновления основного приложения
[2020-12-09 14:14:41.6598] [INFO] Попытка подключения к серверу обновления
[2020-12-09 14:14:41.6598] [INFO] Подключение к серверу обновления успешно
[2020-12-09 14:14:41.6748] [INFO] Отправка параметров
[2020-12-09 14:14:41.6748] [INFO] Отправка параметров
[2020-12-09 14:14:41.6748] [INFO] Отправка параметров
[2020-12-09 14:14:41.6748] [INFO] Получение необходимости обновления
[2020-12-09 14:14:41.6748] [INFO] Начато удаление логов
[2020-12-09 14:14:41.6748] [INFO] Удалено 1 из 1
[2020-12-09 14:14:41.6748] [INFO] Удаление логов завершено успешно
[2020-12-09 14:14:41.6748] [INFO] Начато удаление старого обновления
[2020-12-09 14:14:41.6748] [INFO] Удаление старого обновления завершено успешно
[2020-12-09 14:14:41.6748] [INFO] Начало проверки обновления лаунчера
[2020-12-09 14:14:41.6748] [INFO] Попытка подключения к серверу обновления
[2020-12-09 14:14:41.6748] [INFO] Подключение к серверу обновления успешно
[2020-12-09 14:14:41.6907] [INFO] Отправка параметров
[2020-12-09 14:14:41.6907] [INFO] Отправка параметров
[2020-12-09 14:14:41.6907] [INFO] Отправка параметров
[2020-12-09 14:14:41.6907] [INFO] Получение необходимости обновления
[2020-12-09 14:14:41.6907] [INFO] Попытка получения версии и имени основной программы
[2020-12-09 14:14:41.6907] [INFO] Версия и имя основный программы успешно получены
[2020-12-09 14:14:41.6907] [INFO] Начало проверки обновления основного приложения
[2020-12-09 14:14:41.6907] [INFO] Попытка подключения к серверу обновления
[2020-12-09 14:14:41.6907] [INFO] Подключение к серверу обновления успешно
[2020-12-09 14:14:41.6907] [INFO] Отправка параметров
[2020-12-09 14:14:41.6907] [INFO] Отправка параметров
[2020-12-09 14:14:41.7057] [INFO] Отправка параметров
[2020-12-09 14:14:41.7057] [INFO] Получение необходимости обновления
[2020-12-09 14:14:41.7057] [INFO] Запуск основного приложения
[2020-12-09 14:14:41.7436] [INFO] Запуск выполнен успешно, закрытие лаунчера
[2020-12-09 14:15:22.0837] [INFO] Инициализация успешно пройдена
[2020-12-09 14:15:22.1097] [INFO] Запуск лаунчера
[2020-12-09 14:15:22.1313] [INFO] Попытка получения версии SZMK.LauncherUpdater
[2020-12-09 14:15:22.1313] [INFO] Версия SZMK.LauncherUpdater успешно получены
[2020-12-09 14:15:22.1313] [INFO] Начало проверки обновления основного приложения
[2020-12-09 14:15:22.1313] [INFO] Попытка подключения к серверу обновления
[2020-12-09 14:15:22.1463] [INFO] Подключение к серверу обновления успешно
[2020-12-09 14:15:22.1463] [INFO] Отправка параметров
[2020-12-09 14:15:22.1463] [INFO] Отправка параметров
[2020-12-09 14:15:22.1463] [INFO] Отправка параметров
[2020-12-09 14:15:22.1463] [INFO] Получение необходимости обновления
[2020-12-09 14:15:22.1463] [INFO] Начато удаление логов
[2020-12-09 14:15:22.1463] [INFO] Удалено 1 из 1
[2020-12-09 14:15:22.1463] [INFO] Удаление логов завершено успешно
[2020-12-09 14:15:22.1463] [INFO] Начато удаление старого обновления
[2020-12-09 14:15:22.1463] [INFO] Удаление старого обновления завершено успешно
[2020-12-09 14:15:22.1593] [INFO] Начало проверки обновления лаунчера
[2020-12-09 14:15:22.1593] [INFO] Попытка подключения к серверу обновления
[2020-12-09 14:15:22.1593] [INFO] Подключение к серверу обновления успешно
[2020-12-09 14:15:22.1593] [INFO] Отправка параметров
[2020-12-09 14:15:22.1593] [INFO] Отправка параметров
[2020-12-09 14:15:22.1593] [INFO] Отправка параметров
[2020-12-09 14:15:22.1593] [INFO] Получение необходимости обновления
[2020-12-09 14:15:22.1593] [INFO] Попытка получения версии и имени основной программы
[2020-12-09 14:15:22.1593] [INFO] Версия и имя основный программы успешно получены
[2020-12-09 14:15:22.1593] [INFO] Начало проверки обновления основного приложения
[2020-12-09 14:15:22.1752] [INFO] Попытка подключения к серверу обновления
[2020-12-09 14:15:22.1752] [INFO] Подключение к серверу обновления успешно
[2020-12-09 14:15:22.1752] [INFO] Отправка параметров
[2020-12-09 14:15:22.1752] [INFO] Отправка параметров
[2020-12-09 14:15:22.1752] [INFO] Отправка параметров
[2020-12-09 14:15:22.1752] [INFO] Получение необходимости обновления
[2020-12-09 14:15:22.1752] [INFO] Запуск основного приложения
[2020-12-09 14:15:22.2211] [INFO] Запуск выполнен успешно, закрытие лаунчера
[2020-12-09 14:16:31.5640] [INFO] Инициализация успешно пройдена
[2020-12-09 14:16:31.5879] [INFO] Запуск лаунчера
[2020-12-09 14:16:31.6070] [INFO] Попытка получения версии SZMK.LauncherUpdater
[2020-12-09 14:16:31.6070] [INFO] Версия SZMK.LauncherUpdater успешно получены
[2020-12-09 14:16:31.6119] [INFO] Начало проверки обновления основного приложения
[2020-12-09 14:16:31.6119] [INFO] Попытка подключения к серверу обновления
[2020-12-09 14:16:32.6353] [INFO] Начато удаление логов
[2020-12-09 14:16:32.6353] [INFO] Удалено 1 из 1
[2020-12-09 14:16:32.6353] [INFO] Удаление логов завершено успешно
[2020-12-09 14:16:32.6353] [INFO] Начато удаление старого обновления
[2020-12-09 14:16:32.6353] [INFO] Удаление старого обновления завершено успешно
[2020-12-09 14:16:32.6353] [INFO] Начало проверки обновления лаунчера
[2020-12-09 14:16:32.6353] [INFO] Попытка подключения к серверу обновления
[2020-12-09 14:17:04.0394] [INFO] Попытка получения версии и имени основной программы
[2020-12-09 14:17:04.0394] [INFO] Версия и имя основный программы успешно получены
[2020-12-09 14:17:04.0394] [INFO] Начало проверки обновления основного приложения
[2020-12-09 14:17:04.0394] [INFO] Попытка подключения к серверу обновления
[2020-12-09 14:17:04.0394] [INFO] Подключение к серверу обновления успешно
[2020-12-09 14:17:04.0493] [INFO] Отправка параметров
[2020-12-09 14:17:04.0493] [INFO] Отправка параметров
[2020-12-09 14:17:04.0493] [INFO] Отправка параметров
[2020-12-09 14:17:04.0493] [INFO] Получение необходимости обновления
[2020-12-09 14:17:04.0493] [INFO] Запуск основного приложения
[2020-12-09 14:17:04.0972] [INFO] Запуск выполнен успешно, закрытие лаунчера
[2020-12-09 14:17:07.6581] [INFO] Инициализация успешно пройдена
[2020-12-09 14:17:07.6841] [INFO] Запуск лаунчера
[2020-12-09 14:17:07.6950] [INFO] Попытка получения версии SZMK.LauncherUpdater
[2020-12-09 14:17:07.6950] [INFO] Версия SZMK.LauncherUpdater успешно получены
[2020-12-09 14:17:07.6950] [INFO] Начало проверки обновления основного приложения
[2020-12-09 14:17:07.6950] [INFO] Попытка подключения к серверу обновления
[2020-12-09 14:17:07.7080] [INFO] Подключение к серверу обновления успешно
[2020-12-09 14:17:07.7080] [INFO] Отправка параметров
[2020-12-09 14:17:07.7080] [INFO] Отправка параметров
[2020-12-09 14:17:07.7080] [INFO] Отправка параметров
[2020-12-09 14:17:07.7080] [INFO] Получение необходимости обновления
[2020-12-09 14:17:07.7080] [INFO] Начато удаление логов
[2020-12-09 14:17:07.7080] [INFO] Удалено 1 из 1
[2020-12-09 14:17:07.7080] [INFO] Удаление логов завершено успешно
[2020-12-09 14:17:07.7080] [INFO] Начато удаление старого обновления
[2020-12-09 14:17:07.7080] [INFO] Удаление старого обновления завершено успешно
[2020-12-09 14:17:07.7080] [INFO] Начало проверки обновления лаунчера
[2020-12-09 14:17:07.7080] [INFO] Попытка подключения к серверу обновления
[2020-12-09 14:17:07.7080] [INFO] Подключение к серверу обновления успешно
[2020-12-09 14:17:07.7220] [INFO] Отправка параметров
[2020-12-09 14:17:07.7220] [INFO] Отправка параметров
[2020-12-09 14:17:07.7220] [INFO] Отправка параметров
[2020-12-09 14:17:07.7220] [INFO] Получение необходимости обновления
[2020-12-09 14:17:07.7220] [INFO] Попытка получения версии и имени основной программы
[2020-12-09 14:17:07.7220] [INFO] Версия и имя основный программы успешно получены
[2020-12-09 14:17:07.7220] [INFO] Начало проверки обновления основного приложения
[2020-12-09 14:17:07.7220] [INFO] Попытка подключения к серверу обновления
[2020-12-09 14:17:07.7220] [INFO] Подключение к серверу обновления успешно
[2020-12-09 14:17:07.7220] [INFO] Отправка параметров
[2020-12-09 14:17:07.7220] [INFO] Отправка параметров
[2020-12-09 14:17:07.7220] [INFO] Отправка параметров
[2020-12-09 14:17:07.7220] [INFO] Получение необходимости обновления
[2020-12-09 14:17:07.7379] [INFO] Запуск основного приложения
[2020-12-09 14:17:07.7722] [INFO] Запуск выполнен успешно, закрытие лаунчера
[2020-12-09 14:18:36.6185] [INFO] Инициализация успешно пройдена
[2020-12-09 14:18:36.6464] [INFO] Запуск лаунчера
[2020-12-09 14:18:36.6773] [INFO] Попытка получения версии SZMK.LauncherUpdater
[2020-12-09 14:18:36.6773] [INFO] Версия SZMK.LauncherUpdater успешно получены
[2020-12-09 14:18:36.6773] [INFO] Начало проверки обновления основного приложения
[2020-12-09 14:18:36.6773] [INFO] Попытка подключения к серверу обновления
[2020-12-09 14:18:37.7220] [INFO] Начато удаление логов
[2020-12-09 14:18:37.7220] [INFO] Удалено 1 из 1
[2020-12-09 14:18:37.7220] [INFO] Удаление логов завершено успешно
[2020-12-09 14:18:37.7220] [INFO] Начато удаление старого обновления
[2020-12-09 14:18:37.7220] [INFO] Удаление старого обновления завершено успешно
[2020-12-09 14:18:37.7220] [INFO] Начало проверки обновления лаунчера
[2020-12-09 14:18:37.7220] [INFO] Попытка подключения к серверу обновления
[2020-12-09 14:18:39.5886] [INFO] Попытка получения версии и имени основной программы
[2020-12-09 14:18:39.5886] [INFO] Версия и имя основный программы успешно получены
[2020-12-09 14:18:39.5886] [INFO] Начало проверки обновления основного приложения
[2020-12-09 14:18:39.5886] [INFO] Попытка подключения к серверу обновления
[2020-12-09 14:18:40.6206] [INFO] Запуск основного приложения
[2020-12-09 14:18:40.6593] [INFO] Запуск выполнен успешно, закрытие лаунчера
