29.03.2021 15:10:56 : Дешифрование пароля успешно завершено
29.03.2021 15:12:22 : Дешифрование пароля успешно завершено
29.03.2021 15:12:37 : Хеш-последовательность успешно получена
29.03.2021 15:12:37 : Хеш-последовательность успешно получена
29.03.2021 15:12:37 : Дешифрование пароля успешно завершено
29.03.2021 15:12:53 : Хеш-последовательность успешно получена
29.03.2021 15:12:57 : Дешифрование пароля успешно завершено
29.03.2021 15:13:02 : Хеш-последовательность успешно получена
29.03.2021 15:13:02 : Хеш-последовательность успешно получена
29.03.2021 15:13:03 : Дешифрование пароля успешно завершено
29.03.2021 15:13:07 : System.InvalidOperationException: Cannot save a PDF document with no pages.
   в PdfSharp.Pdf.PdfDocument.DoSave(PdfWriter writer)
   в PdfSharp.Pdf.PdfDocument.Save(Stream stream, Boolean closeStream)
   в PdfSharp.Pdf.PdfDocument.Save(String path)
   в SZMK.Desktop.Views.OPP.OPP_F.<>c__DisplayClass68_0.<CombinePDFAsync>b__0() в C:\Users\thedr\Desktop\Works\SZMK\SZMK-Software-Package\SZMK.Desktop\Views\OPP\OPP_F.cs:строка 1809
29.03.2021 15:13:10 : System.InvalidOperationException: Cannot save a PDF document with no pages.
   в PdfSharp.Pdf.PdfDocument.DoSave(PdfWriter writer)
   в PdfSharp.Pdf.PdfDocument.Save(Stream stream, Boolean closeStream)
   в PdfSharp.Pdf.PdfDocument.Save(String path)
   в SZMK.Desktop.Views.OPP.OPP_F.<>c__DisplayClass68_0.<CombinePDFAsync>b__0() в C:\Users\thedr\Desktop\Works\SZMK\SZMK-Software-Package\SZMK.Desktop\Views\OPP\OPP_F.cs:строка 1809
29.03.2021 15:14:49 : System.InvalidOperationException: Cannot save a PDF document with no pages.
   в PdfSharp.Pdf.PdfDocument.DoSave(PdfWriter writer)
   в PdfSharp.Pdf.PdfDocument.Save(Stream stream, Boolean closeStream)
   в PdfSharp.Pdf.PdfDocument.Save(String path)
   в SZMK.Desktop.Views.OPP.OPP_F.<>c__DisplayClass68_0.<CombinePDFAsync>b__0() в C:\Users\thedr\Desktop\Works\SZMK\SZMK-Software-Package\SZMK.Desktop\Views\OPP\OPP_F.cs:строка 1809
29.03.2021 15:15:59 : Дешифрование пароля успешно завершено
29.03.2021 15:16:05 : Хеш-последовательность успешно получена
29.03.2021 15:16:05 : Хеш-последовательность успешно получена
29.03.2021 15:16:05 : Дешифрование пароля успешно завершено
29.03.2021 15:22:32 : Дешифрование пароля успешно завершено
29.03.2021 15:22:38 : Хеш-последовательность успешно получена
29.03.2021 15:22:38 : Хеш-последовательность успешно получена
29.03.2021 15:22:38 : Дешифрование пароля успешно завершено
29.03.2021 15:23:52 : Дешифрование пароля успешно завершено
29.03.2021 15:23:58 : Хеш-последовательность успешно получена
29.03.2021 15:23:58 : Хеш-последовательность успешно получена
29.03.2021 15:23:58 : Дешифрование пароля успешно завершено
29.03.2021 15:24:07 : System.InvalidOperationException: Недопустимая операция в нескольких потоках: попытка доступа к элементу управления 'ForLongOperations_F' не из того потока, в котором он был создан.
   в System.Windows.Forms.Control.get_Handle()
   в System.Windows.Forms.Control.SendMessage(Int32 msg, Int32 wparam, Int32 lparam)
   в System.Windows.Forms.Form.Close()
   в SZMK.Desktop.Services.PDFService.CombineDetails(List`1 selected, ForLongOperations_F dialog) в C:\Users\thedr\Desktop\Works\SZMK\SZMK-Software-Package\SZMK.Desktop\Services\PDFService.cs:строка 80
29.03.2021 15:24:10 : System.InvalidOperationException: Недопустимая операция в нескольких потоках: попытка доступа к элементу управления 'ForLongOperations_F' не из того потока, в котором он был создан.
   в System.Windows.Forms.Control.get_Handle()
   в System.Windows.Forms.Control.SendMessage(Int32 msg, Int32 wparam, Int32 lparam)
   в System.Windows.Forms.Form.Close()
   в SZMK.Desktop.Services.PDFService.CombineDetails(List`1 selected, ForLongOperations_F dialog) в C:\Users\thedr\Desktop\Works\SZMK\SZMK-Software-Package\SZMK.Desktop\Services\PDFService.cs:строка 80
29.03.2021 15:28:59 : Дешифрование пароля успешно завершено
29.03.2021 15:29:06 : Хеш-последовательность успешно получена
29.03.2021 15:29:06 : Хеш-последовательность успешно получена
29.03.2021 15:29:06 : Дешифрование пароля успешно завершено
29.03.2021 15:33:14 : Дешифрование пароля успешно завершено
29.03.2021 15:33:19 : Хеш-последовательность успешно получена
29.03.2021 15:33:19 : Хеш-последовательность успешно получена
29.03.2021 15:33:19 : Дешифрование пароля успешно завершено
29.03.2021 15:35:27 : Дешифрование пароля успешно завершено
29.03.2021 15:44:21 : Дешифрование пароля успешно завершено
29.03.2021 15:44:28 : Хеш-последовательность успешно получена
29.03.2021 15:44:28 : Хеш-последовательность успешно получена
29.03.2021 15:44:28 : Дешифрование пароля успешно завершено
29.03.2021 15:48:19 : Дешифрование пароля успешно завершено
29.03.2021 15:48:25 : Хеш-последовательность успешно получена
29.03.2021 15:48:25 : Хеш-последовательность успешно получена
29.03.2021 15:48:25 : Дешифрование пароля успешно завершено
29.03.2021 15:48:29 : System.ComponentModel.Win32Exception (0x80004005): Указанному файлу не сопоставлено ни одно приложение для выполнения данной операции
   в System.Diagnostics.Process.StartWithShellExecuteEx(ProcessStartInfo startInfo)
   в System.Diagnostics.Process.Start()
   в SZMK.Desktop.Views.Shared.ReportPrintSpecific.Print_B_Click(Object sender, EventArgs e) в C:\Users\thedr\Desktop\Works\SZMK\SZMK-Software-Package\SZMK.Desktop\Views\Shared\ReportPrintSpecific.cs:строка 38
29.03.2021 15:50:54 : Дешифрование пароля успешно завершено
29.03.2021 15:51:25 : Хеш-последовательность успешно получена
29.03.2021 15:51:25 : Хеш-последовательность успешно получена
29.03.2021 15:51:25 : Дешифрование пароля успешно завершено
29.03.2021 16:29:22 : Дешифрование пароля успешно завершено
29.03.2021 16:29:29 : Хеш-последовательность успешно получена
29.03.2021 16:29:29 : Хеш-последовательность успешно получена
29.03.2021 16:29:30 : Дешифрование пароля успешно завершено
29.03.2021 16:30:05 : Дешифрование пароля успешно завершено
29.03.2021 16:30:10 : Хеш-последовательность успешно получена
29.03.2021 16:30:11 : Хеш-последовательность успешно получена
29.03.2021 16:30:11 : Дешифрование пароля успешно завершено
29.03.2021 16:30:31 : Дешифрование пароля успешно завершено
29.03.2021 16:30:39 : Хеш-последовательность успешно получена
29.03.2021 16:30:39 : Хеш-последовательность успешно получена
29.03.2021 16:30:39 : Дешифрование пароля успешно завершено
29.03.2021 16:32:45 : Дешифрование пароля успешно завершено
29.03.2021 16:32:50 : Хеш-последовательность успешно получена
29.03.2021 16:32:50 : Хеш-последовательность успешно получена
29.03.2021 16:32:50 : Дешифрование пароля успешно завершено
29.03.2021 16:34:54 : Дешифрование пароля успешно завершено
29.03.2021 16:35:00 : Хеш-последовательность успешно получена
29.03.2021 16:35:00 : Хеш-последовательность успешно получена
29.03.2021 16:35:00 : Дешифрование пароля успешно завершено
29.03.2021 16:37:21 : Дешифрование пароля успешно завершено
29.03.2021 16:37:38 : Дешифрование пароля успешно завершено
29.03.2021 16:37:46 : Хеш-последовательность успешно получена
29.03.2021 16:37:46 : Хеш-последовательность успешно получена
29.03.2021 16:37:46 : Дешифрование пароля успешно завершено
29.03.2021 16:45:14 : Дешифрование пароля успешно завершено
29.03.2021 16:45:19 : Хеш-последовательность успешно получена
29.03.2021 16:45:20 : Хеш-последовательность успешно получена
29.03.2021 16:45:20 : Дешифрование пароля успешно завершено
29.03.2021 16:46:51 : Дешифрование пароля успешно завершено
29.03.2021 16:46:59 : Хеш-последовательность успешно получена
29.03.2021 16:46:59 : Хеш-последовательность успешно получена
29.03.2021 16:46:59 : Дешифрование пароля успешно завершено
