27.08.2020 0:00:02 : Хеш-последовательность успешно получена
27.08.2020 0:00:02 : Хеш-последовательность успешно получена
27.08.2020 0:00:02 : Дешифрование пароля успешно завершено
27.08.2020 0:01:04 : Дешифрование пароля успешно завершено
27.08.2020 0:01:11 : Хеш-последовательность успешно получена
27.08.2020 0:01:11 : Хеш-последовательность успешно получена
27.08.2020 0:01:11 : Дешифрование пароля успешно завершено
27.08.2020 0:03:53 : Дешифрование пароля успешно завершено
27.08.2020 0:04:00 : Хеш-последовательность успешно получена
27.08.2020 0:04:00 : Хеш-последовательность успешно получена
27.08.2020 0:04:20 : Дешифрование пароля успешно завершено
27.08.2020 0:04:27 : Хеш-последовательность успешно получена
27.08.2020 0:04:27 : Хеш-последовательность успешно получена
27.08.2020 0:06:13 : Дешифрование пароля успешно завершено
27.08.2020 0:06:20 : Хеш-последовательность успешно получена
27.08.2020 0:06:20 : Хеш-последовательность успешно получена
27.08.2020 0:07:49 : Дешифрование пароля успешно завершено
27.08.2020 0:07:55 : Хеш-последовательность успешно получена
27.08.2020 0:07:55 : Хеш-последовательность успешно получена
27.08.2020 0:09:50 : Дешифрование пароля успешно завершено
27.08.2020 0:09:56 : Хеш-последовательность успешно получена
27.08.2020 0:09:56 : Хеш-последовательность успешно получена
27.08.2020 0:09:56 : Дешифрование пароля успешно завершено
27.08.2020 0:12:54 : Дешифрование пароля успешно завершено
27.08.2020 0:14:31 : Дешифрование пароля успешно завершено
27.08.2020 0:14:38 : Хеш-последовательность успешно получена
27.08.2020 0:14:38 : Хеш-последовательность успешно получена
27.08.2020 0:14:38 : Дешифрование пароля успешно завершено
27.08.2020 0:14:55 : Дешифрование пароля успешно завершено
27.08.2020 0:15:02 : Хеш-последовательность успешно получена
27.08.2020 0:15:02 : Хеш-последовательность успешно получена
27.08.2020 0:23:34 : Дешифрование пароля успешно завершено
27.08.2020 0:23:41 : Хеш-последовательность успешно получена
27.08.2020 0:23:41 : Хеш-последовательность успешно получена
27.08.2020 0:23:42 : Дешифрование пароля успешно завершено
27.08.2020 0:23:50 : Дешифрование пароля успешно завершено
27.08.2020 0:23:58 : Хеш-последовательность успешно получена
27.08.2020 0:23:58 : Хеш-последовательность успешно получена
27.08.2020 0:24:03 : System.Exception: Ошибка при подключении к серверу распознавнаия
   в SZMK.Views.Arhive.AR_Arhive_F.AddOrder() в C:\Users\thedr\Desktop\Works\SZMK\SZMK\SZMK\Views\Arhive\AR_Arhive_F.cs:строка 208
27.08.2020 0:24:03 : System.Exception: Ошибка при подключении к серверу распознавнаия
   в SZMK.Views.Arhive.AR_Arhive_F.AddOrder() в C:\Users\thedr\Desktop\Works\SZMK\SZMK\SZMK\Views\Arhive\AR_Arhive_F.cs:строка 208
27.08.2020 0:24:07 : System.Exception: Ошибка при подключении к серверу распознавнаия
   в SZMK.Views.Arhive.AR_Arhive_F.AddOrder() в C:\Users\thedr\Desktop\Works\SZMK\SZMK\SZMK\Views\Arhive\AR_Arhive_F.cs:строка 208
27.08.2020 0:24:07 : System.Exception: Ошибка при подключении к серверу распознавнаия
   в SZMK.Views.Arhive.AR_Arhive_F.AddOrder() в C:\Users\thedr\Desktop\Works\SZMK\SZMK\SZMK\Views\Arhive\AR_Arhive_F.cs:строка 208
27.08.2020 0:24:14 : Дешифрование пароля успешно завершено
27.08.2020 0:24:20 : Хеш-последовательность успешно получена
27.08.2020 0:24:20 : Хеш-последовательность успешно получена
27.08.2020 0:24:21 : Дешифрование пароля успешно завершено
27.08.2020 0:24:38 : Дешифрование пароля успешно завершено
27.08.2020 0:24:45 : Хеш-последовательность успешно получена
27.08.2020 0:24:45 : Хеш-последовательность успешно получена
27.08.2020 0:24:45 : Дешифрование пароля успешно завершено
27.08.2020 0:24:53 : Дешифрование пароля успешно завершено
27.08.2020 0:25:00 : Хеш-последовательность успешно получена
27.08.2020 0:25:00 : Хеш-последовательность успешно получена
27.08.2020 0:25:59 : Перебор значений по заданным параметрам успешно завершен
27.08.2020 0:26:02 : Перебор значений по заданным параметрам успешно завершен
27.08.2020 0:26:09 : Перебор значений по заданным параметрам успешно завершен
27.08.2020 10:51:56 : Дешифрование пароля успешно завершено
