08.04.2021 11:08:33 : Дешифрование пароля успешно завершено
08.04.2021 11:08:38 : Хеш-последовательность успешно получена
08.04.2021 11:08:38 : Хеш-последовательность успешно получена
08.04.2021 11:08:38 : Дешифрование пароля успешно завершено
08.04.2021 11:09:51 : Дешифрование пароля успешно завершено
08.04.2021 11:09:57 : Хеш-последовательность успешно получена
08.04.2021 11:09:57 : Хеш-последовательность успешно получена
08.04.2021 11:09:57 : Дешифрование пароля успешно завершено
08.04.2021 11:12:25 : Дешифрование пароля успешно завершено
08.04.2021 11:12:32 : Хеш-последовательность успешно получена
08.04.2021 11:12:32 : Хеш-последовательность успешно получена
08.04.2021 11:12:32 : Дешифрование пароля успешно завершено
08.04.2021 11:12:45 : Дешифрование пароля успешно завершено
08.04.2021 11:12:51 : Хеш-последовательность успешно получена
08.04.2021 11:12:51 : Хеш-последовательность успешно получена
08.04.2021 11:12:51 : Дешифрование пароля успешно завершено
08.04.2021 11:32:29 : Дешифрование пароля успешно завершено
08.04.2021 11:32:36 : Хеш-последовательность успешно получена
08.04.2021 11:32:36 : Хеш-последовательность успешно получена
08.04.2021 11:32:36 : Дешифрование пароля успешно завершено
08.04.2021 11:33:39 : Дешифрование пароля успешно завершено
08.04.2021 11:33:44 : Хеш-последовательность успешно получена
08.04.2021 11:33:44 : Хеш-последовательность успешно получена
08.04.2021 11:33:44 : Дешифрование пароля успешно завершено
08.04.2021 11:36:54 : Дешифрование пароля успешно завершено
08.04.2021 11:36:59 : Хеш-последовательность успешно получена
08.04.2021 11:36:59 : Хеш-последовательность успешно получена
08.04.2021 11:37:00 : Дешифрование пароля успешно завершено
08.04.2021 11:39:03 : Дешифрование пароля успешно завершено
08.04.2021 11:39:14 : Хеш-последовательность успешно получена
08.04.2021 11:39:14 : Хеш-последовательность успешно получена
08.04.2021 11:39:14 : Дешифрование пароля успешно завершено
08.04.2021 11:49:13 : Дешифрование пароля успешно завершено
08.04.2021 11:49:30 : Дешифрование пароля успешно завершено
08.04.2021 11:49:36 : Хеш-последовательность успешно получена
08.04.2021 11:49:36 : Хеш-последовательность успешно получена
08.04.2021 11:49:36 : Дешифрование пароля успешно завершено
08.04.2021 11:50:19 : Дешифрование пароля успешно завершено
08.04.2021 11:50:24 : Хеш-последовательность успешно получена
08.04.2021 11:50:24 : Хеш-последовательность успешно получена
08.04.2021 11:50:24 : Дешифрование пароля успешно завершено
08.04.2021 12:03:01 : Дешифрование пароля успешно завершено
08.04.2021 12:03:06 : Хеш-последовательность успешно получена
08.04.2021 12:03:06 : Хеш-последовательность успешно получена
08.04.2021 12:03:06 : Дешифрование пароля успешно завершено
08.04.2021 12:09:46 : Дешифрование пароля успешно завершено
08.04.2021 12:10:01 : Хеш-последовательность успешно получена
08.04.2021 12:10:01 : Хеш-последовательность успешно получена
08.04.2021 12:10:01 : Дешифрование пароля успешно завершено
08.04.2021 12:22:00 : Дешифрование пароля успешно завершено
08.04.2021 12:24:06 : Дешифрование пароля успешно завершено
08.04.2021 12:24:10 : Хеш-последовательность успешно получена
08.04.2021 12:24:10 : Хеш-последовательность успешно получена
08.04.2021 12:24:10 : Дешифрование пароля успешно завершено
08.04.2021 12:28:32 : Дешифрование пароля успешно завершено
08.04.2021 12:28:36 : Хеш-последовательность успешно получена
08.04.2021 12:28:36 : Хеш-последовательность успешно получена
08.04.2021 12:28:36 : Дешифрование пароля успешно завершено
08.04.2021 12:32:58 : Дешифрование пароля успешно завершено
08.04.2021 12:33:11 : Хеш-последовательность успешно получена
08.04.2021 12:33:11 : Хеш-последовательность успешно получена
08.04.2021 12:33:11 : Дешифрование пароля успешно завершено
08.04.2021 12:34:34 : Дешифрование пароля успешно завершено
08.04.2021 12:34:39 : Хеш-последовательность успешно получена
08.04.2021 12:34:39 : Хеш-последовательность успешно получена
08.04.2021 12:34:40 : Дешифрование пароля успешно завершено
08.04.2021 20:22:10 : Дешифрование пароля успешно завершено
08.04.2021 20:22:16 : Хеш-последовательность успешно получена
08.04.2021 20:22:16 : Хеш-последовательность успешно получена
08.04.2021 20:22:16 : Дешифрование пароля успешно завершено
08.04.2021 20:23:04 : Дешифрование пароля успешно завершено
08.04.2021 20:26:19 : Дешифрование пароля успешно завершено
08.04.2021 20:26:24 : Хеш-последовательность успешно получена
08.04.2021 20:26:24 : Хеш-последовательность успешно получена
08.04.2021 20:26:24 : Дешифрование пароля успешно завершено
08.04.2021 20:27:05 : System.Exception: Не найдена папка
   в SZMK.Desktop.Views.Shared.DetailedInformaionsOrder.PathDetailsDXF_TB_MouseDoubleClick(Object sender, MouseEventArgs e) в C:\Users\thedr\Desktop\Works\SZMK\SZMK-Software-Package\SZMK.Desktop\Views\Shared\DetailedInformaionsOrder.cs:строка 512
08.04.2021 20:27:06 : System.Exception: Не найдена папка
   в SZMK.Desktop.Views.Shared.DetailedInformaionsOrder.PathArhive_TB_MouseDoubleClick(Object sender, MouseEventArgs e) в C:\Users\thedr\Desktop\Works\SZMK\SZMK-Software-Package\SZMK.Desktop\Views\Shared\DetailedInformaionsOrder.cs:строка 552
08.04.2021 20:37:36 : Дешифрование пароля успешно завершено
08.04.2021 20:37:40 : Хеш-последовательность успешно получена
08.04.2021 20:37:40 : Хеш-последовательность успешно получена
08.04.2021 20:37:40 : Дешифрование пароля успешно завершено
08.04.2021 20:39:59 : Дешифрование пароля успешно завершено
08.04.2021 20:40:06 : Хеш-последовательность успешно получена
08.04.2021 20:40:06 : Хеш-последовательность успешно получена
08.04.2021 20:40:06 : Дешифрование пароля успешно завершено
08.04.2021 20:44:23 : Дешифрование пароля успешно завершено
08.04.2021 20:44:29 : Хеш-последовательность успешно получена
08.04.2021 20:44:29 : Хеш-последовательность успешно получена
08.04.2021 20:44:29 : Дешифрование пароля успешно завершено
08.04.2021 20:44:49 : Дешифрование пароля успешно завершено
08.04.2021 20:44:56 : Хеш-последовательность успешно получена
08.04.2021 20:44:56 : Хеш-последовательность успешно получена
08.04.2021 20:44:56 : Дешифрование пароля успешно завершено
08.04.2021 20:45:08 : Дешифрование пароля успешно завершено
08.04.2021 20:45:14 : Хеш-последовательность успешно получена
08.04.2021 20:45:14 : Хеш-последовательность успешно получена
08.04.2021 20:45:15 : Дешифрование пароля успешно завершено
08.04.2021 20:45:35 : Дешифрование пароля успешно завершено
08.04.2021 20:45:40 : Хеш-последовательность успешно получена
08.04.2021 20:45:40 : Хеш-последовательность успешно получена
08.04.2021 20:45:40 : Дешифрование пароля успешно завершено
08.04.2021 20:49:07 : Дешифрование пароля успешно завершено
08.04.2021 20:49:12 : Хеш-последовательность успешно получена
08.04.2021 20:49:12 : Хеш-последовательность успешно получена
08.04.2021 20:49:12 : Дешифрование пароля успешно завершено
08.04.2021 20:49:23 : Дешифрование пароля успешно завершено
08.04.2021 20:49:28 : Хеш-последовательность успешно получена
08.04.2021 20:49:28 : Хеш-последовательность успешно получена
08.04.2021 20:49:28 : Дешифрование пароля успешно завершено
08.04.2021 20:49:52 : Дешифрование пароля успешно завершено
08.04.2021 20:49:57 : Хеш-последовательность успешно получена
08.04.2021 20:49:57 : Хеш-последовательность успешно получена
08.04.2021 20:49:58 : Дешифрование пароля успешно завершено
08.04.2021 20:50:19 : Дешифрование пароля успешно завершено
08.04.2021 20:50:31 : Хеш-последовательность успешно получена
08.04.2021 20:50:31 : Хеш-последовательность успешно получена
08.04.2021 20:50:31 : Дешифрование пароля успешно завершено
08.04.2021 20:52:51 : Дешифрование пароля успешно завершено
08.04.2021 20:52:59 : Хеш-последовательность успешно получена
08.04.2021 20:52:59 : Хеш-последовательность успешно получена
08.04.2021 20:52:59 : Дешифрование пароля успешно завершено
08.04.2021 20:53:18 : Дешифрование пароля успешно завершено
08.04.2021 20:53:22 : Хеш-последовательность успешно получена
08.04.2021 20:53:22 : Хеш-последовательность успешно получена
08.04.2021 20:53:23 : Дешифрование пароля успешно завершено
08.04.2021 20:53:41 : Дешифрование пароля успешно завершено
08.04.2021 20:53:45 : Хеш-последовательность успешно получена
08.04.2021 20:53:46 : Хеш-последовательность успешно получена
08.04.2021 20:53:46 : Дешифрование пароля успешно завершено
08.04.2021 20:53:54 : Дешифрование пароля успешно завершено
08.04.2021 20:53:58 : Хеш-последовательность успешно получена
08.04.2021 20:53:58 : Хеш-последовательность успешно получена
08.04.2021 20:53:58 : Дешифрование пароля успешно завершено
08.04.2021 20:54:12 : Дешифрование пароля успешно завершено
08.04.2021 20:54:17 : Хеш-последовательность успешно получена
08.04.2021 20:54:17 : Хеш-последовательность успешно получена
08.04.2021 20:54:17 : Дешифрование пароля успешно завершено
08.04.2021 21:53:43 : Дешифрование пароля успешно завершено
08.04.2021 21:53:51 : Хеш-последовательность успешно получена
08.04.2021 21:53:51 : Хеш-последовательность успешно получена
08.04.2021 21:53:51 : Дешифрование пароля успешно завершено
08.04.2021 21:54:44 : Дешифрование пароля успешно завершено
08.04.2021 21:54:54 : Хеш-последовательность успешно получена
08.04.2021 21:54:54 : Хеш-последовательность успешно получена
08.04.2021 21:54:54 : Дешифрование пароля успешно завершено
08.04.2021 21:56:42 : Дешифрование пароля успешно завершено
08.04.2021 21:56:50 : Хеш-последовательность успешно получена
08.04.2021 21:56:50 : Хеш-последовательность успешно получена
08.04.2021 21:56:50 : Дешифрование пароля успешно завершено
08.04.2021 21:57:37 : Дешифрование пароля успешно завершено
08.04.2021 21:57:42 : Хеш-последовательность успешно получена
08.04.2021 21:57:42 : Хеш-последовательность успешно получена
08.04.2021 21:57:42 : Дешифрование пароля успешно завершено
08.04.2021 21:57:59 : Дешифрование пароля успешно завершено
08.04.2021 21:58:06 : Хеш-последовательность успешно получена
08.04.2021 21:58:06 : Хеш-последовательность успешно получена
08.04.2021 21:58:06 : Дешифрование пароля успешно завершено
08.04.2021 22:00:02 : Дешифрование пароля успешно завершено
08.04.2021 22:00:10 : Хеш-последовательность успешно получена
08.04.2021 22:00:10 : Хеш-последовательность успешно получена
08.04.2021 22:00:10 : Дешифрование пароля успешно завершено
08.04.2021 22:00:39 : Дешифрование пароля успешно завершено
08.04.2021 22:00:45 : Хеш-последовательность успешно получена
08.04.2021 22:00:45 : Хеш-последовательность успешно получена
08.04.2021 22:00:45 : Дешифрование пароля успешно завершено
08.04.2021 22:00:58 : Дешифрование пароля успешно завершено
08.04.2021 22:01:02 : Хеш-последовательность успешно получена
08.04.2021 22:01:02 : Хеш-последовательность успешно получена
08.04.2021 22:01:02 : Дешифрование пароля успешно завершено
08.04.2021 22:01:34 : Дешифрование пароля успешно завершено
08.04.2021 22:01:41 : Хеш-последовательность успешно получена
08.04.2021 22:01:41 : Хеш-последовательность успешно получена
08.04.2021 22:01:41 : Дешифрование пароля успешно завершено
08.04.2021 22:01:49 : Дешифрование пароля успешно завершено
08.04.2021 22:01:55 : Хеш-последовательность успешно получена
08.04.2021 22:01:55 : Хеш-последовательность успешно получена
08.04.2021 22:01:55 : Дешифрование пароля успешно завершено
08.04.2021 22:10:51 : Дешифрование пароля успешно завершено
08.04.2021 22:10:56 : Хеш-последовательность успешно получена
08.04.2021 22:10:56 : Хеш-последовательность успешно получена
08.04.2021 22:10:57 : Дешифрование пароля успешно завершено
08.04.2021 22:11:17 : Дешифрование пароля успешно завершено
08.04.2021 22:11:31 : Хеш-последовательность успешно получена
08.04.2021 22:11:31 : Хеш-последовательность успешно получена
08.04.2021 22:11:31 : Дешифрование пароля успешно завершено
08.04.2021 22:11:52 : Дешифрование пароля успешно завершено
08.04.2021 22:11:59 : Хеш-последовательность успешно получена
08.04.2021 22:11:59 : Хеш-последовательность успешно получена
08.04.2021 22:11:59 : Дешифрование пароля успешно завершено
08.04.2021 22:14:11 : Дешифрование пароля успешно завершено
08.04.2021 22:14:15 : Хеш-последовательность успешно получена
08.04.2021 22:14:15 : Хеш-последовательность успешно получена
08.04.2021 22:14:15 : Дешифрование пароля успешно завершено
08.04.2021 22:14:33 : Дешифрование пароля успешно завершено
08.04.2021 22:15:31 : Дешифрование пароля успешно завершено
08.04.2021 22:15:35 : Хеш-последовательность успешно получена
08.04.2021 22:15:35 : Хеш-последовательность успешно получена
08.04.2021 22:15:35 : Дешифрование пароля успешно завершено
08.04.2021 22:15:49 : Дешифрование пароля успешно завершено
08.04.2021 22:16:24 : Дешифрование пароля успешно завершено
08.04.2021 22:16:28 : Хеш-последовательность успешно получена
08.04.2021 22:16:28 : Хеш-последовательность успешно получена
08.04.2021 22:16:28 : Дешифрование пароля успешно завершено
08.04.2021 22:18:36 : Дешифрование пароля успешно завершено
08.04.2021 22:18:41 : Хеш-последовательность успешно получена
08.04.2021 22:18:41 : Хеш-последовательность успешно получена
08.04.2021 22:18:41 : Дешифрование пароля успешно завершено
08.04.2021 22:19:00 : Дешифрование пароля успешно завершено
08.04.2021 22:19:12 : Хеш-последовательность успешно получена
08.04.2021 22:19:12 : Хеш-последовательность успешно получена
08.04.2021 22:19:12 : Дешифрование пароля успешно завершено
08.04.2021 22:22:22 : Дешифрование пароля успешно завершено
08.04.2021 22:22:26 : Хеш-последовательность успешно получена
08.04.2021 22:22:26 : Хеш-последовательность успешно получена
08.04.2021 22:22:26 : Дешифрование пароля успешно завершено
