[2020-09-06 00:22:14.6376] [INFO] Инициализация основной формы пройдена успешно
[2020-09-06 00:22:14.7314] [INFO] Сборка пройдена успешно
[2020-09-06 00:22:14.7782] [INFO] Запуск сервера успешно выполнен
[2020-09-06 00:22:14.7939] [INFO] Успешный показ продуктов
[2020-09-06 00:22:18.8720] [INFO] Инициализация формы настроек продуктов пройдена успешно
[2020-09-06 00:22:18.8876] [INFO] Выполнен показ настройки продуктов
[2020-09-06 00:22:20.1845] [INFO] Инициализация добавления информации пройдена успешно
[2020-09-06 00:22:27.3251] [INFO] Инициализация добавления информации пройдена успешно
[2020-09-06 00:22:34.5439] [INFO] Инициализация добавления информации пройдена успешно
[2020-09-06 00:22:59.3876] [INFO] Выполнена остановка сервера и закрытие программы
[2020-09-06 00:22:59.4501] [ERROR] System.Net.Sockets.SocketException (0x80004005): Операция блокирования прервана вызовом WSACancelBlockingCall
   в System.Net.Sockets.Socket.Accept()
   в System.Net.Sockets.TcpListener.AcceptTcpClient()
   в SZMK.ServerUpdater.Services.Server.Listening()
[2020-09-06 00:23:06.4345] [INFO] Инициализация основной формы пройдена успешно
[2020-09-06 00:23:06.4970] [INFO] Сборка пройдена успешно
[2020-09-06 00:23:06.5595] [INFO] Запуск сервера успешно выполнен
[2020-09-06 00:23:06.5751] [INFO] Успешный показ продуктов
[2020-09-06 00:24:18.2001] [INFO] Успешная инициализация формы изменения и добавления обновления
[2020-09-06 00:24:19.3251] [INFO] Инициализация добавления информации пройдена успешно
[2020-09-06 00:24:45.2782] [INFO] Инициализация добавления информации пройдена успешно
[2020-09-06 00:25:20.5751] [INFO] Добавление было успешно произведено
[2020-09-06 00:25:30.6689] [INFO] Успешная инициализация формы изменения и добавления обновления
[2020-09-06 00:28:07.2001] [INFO] Успешная инициализация формы изменения и добавления обновления
[2020-09-06 00:28:11.2314] [INFO] Инициализация добавления информации пройдена успешно
[2020-09-06 00:28:26.0439] [INFO] Инициализация добавления информации пройдена успешно
[2020-09-06 00:28:36.3564] [INFO] Инициализация добавления информации пройдена успешно
[2020-09-06 00:28:41.8251] [INFO] Добавление было успешно произведено
[2020-09-06 00:29:13.6220] [ERROR] System.Exception: Не удалось найти часть пути "C:\SZMK.ServerUpdater\Products\SZMK.LauncherUpdater\1.0.0.0". ---> System.Exception: Не удалось найти часть пути "C:\SZMK.ServerUpdater\Products\SZMK.LauncherUpdater\1.0.0.0". ---> System.Exception: Не удалось найти часть пути "C:\SZMK.ServerUpdater\Products\SZMK.LauncherUpdater\1.0.0.0". ---> System.IO.DirectoryNotFoundException: Не удалось найти часть пути "C:\SZMK.ServerUpdater\Products\SZMK.LauncherUpdater\1.0.0.0".
   в System.IO.__Error.WinIOError(Int32 errorCode, String maybeFullPath)
   в System.IO.FileSystemEnumerableIterator`1.CommonInit()
   в System.IO.FileSystemEnumerableIterator`1..ctor(String path, String originalUserPath, String searchPattern, SearchOption searchOption, SearchResultHandler`1 resultHandler, Boolean checkHost)
   в System.IO.Directory.GetFiles(String path)
   в SZMK.ServerUpdater.Services.OperationsFiles.GetHashFiles(String Product, String Version) в C:\Users\thedr\Desktop\SZMK-Software-Package\SZMK.ServerUpdater\Services\OperationsFiles.cs:строка 49
   --- Конец трассировки внутреннего стека исключений ---
   в SZMK.ServerUpdater.Services.OperationsFiles.GetHashFiles(String Product, String Version) в C:\Users\thedr\Desktop\SZMK-Software-Package\SZMK.ServerUpdater\Services\OperationsFiles.cs:строка 58
   в SZMK.ServerUpdater.Services.OperationsFiles.GetLastFiles(String OldVersion, String LastVerison, String Product) в C:\Users\thedr\Desktop\SZMK-Software-Package\SZMK.ServerUpdater\Services\OperationsFiles.cs:строка 20
   --- Конец трассировки внутреннего стека исключений ---
   в SZMK.ServerUpdater.Services.OperationsFiles.GetLastFiles(String OldVersion, String LastVerison, String Product) в C:\Users\thedr\Desktop\SZMK-Software-Package\SZMK.ServerUpdater\Services\OperationsFiles.cs:строка 40
   в SZMK.ServerUpdater.Services.Server.Update(BinaryReader reader, NetworkStream stream, TcpClient client) в C:\Users\thedr\Desktop\SZMK-Software-Package\SZMK.ServerUpdater\Services\Server.cs:строка 162
   --- Конец трассировки внутреннего стека исключений ---
   в SZMK.ServerUpdater.Services.Server.Update(BinaryReader reader, NetworkStream stream, TcpClient client) в C:\Users\thedr\Desktop\SZMK-Software-Package\SZMK.ServerUpdater\Services\Server.cs:строка 229
   в SZMK.ServerUpdater.Services.Server.Listening() в C:\Users\thedr\Desktop\SZMK-Software-Package\SZMK.ServerUpdater\Services\Server.cs:строка 107
[2020-09-06 00:30:06.3251] [ERROR] System.Net.Sockets.SocketException (0x80004005): Операция блокирования прервана вызовом WSACancelBlockingCall
   в System.Net.Sockets.Socket.Accept()
   в System.Net.Sockets.TcpListener.AcceptTcpClient()
   в SZMK.ServerUpdater.Services.Server.Listening() в C:\Users\thedr\Desktop\SZMK-Software-Package\SZMK.ServerUpdater\Services\Server.cs:строка 93
[2020-09-06 00:31:10.3564] [INFO] Удаление прошло успешно
[2020-09-06 00:32:07.3095] [INFO] Успешная инициализация формы изменения и добавления обновления
[2020-09-06 00:32:12.2314] [INFO] Инициализация добавления информации пройдена успешно
[2020-09-06 00:32:24.4814] [INFO] Инициализация добавления информации пройдена успешно
[2020-09-06 00:32:37.6064] [INFO] Добавление было успешно произведено
[2020-09-06 00:32:39.0595] [INFO] Успешная инициализация формы изменения и добавления обновления
[2020-09-06 00:32:45.1376] [INFO] Инициализация добавления информации пройдена успешно
[2020-09-06 00:33:24.8720] [INFO] Удаление прошло успешно
[2020-09-06 00:33:31.7001] [INFO] Успешная инициализация формы изменения и добавления обновления
[2020-09-06 00:33:37.9657] [INFO] Инициализация добавления информации пройдена успешно
[2020-09-06 00:33:57.3876] [INFO] Инициализация добавления информации пройдена успешно
[2020-09-06 00:34:06.8251] [INFO] Добавление было успешно произведено
[2020-09-06 00:34:18.0595] [INFO] Выполнена остановка сервера и закрытие программы
[2020-09-06 00:34:18.0595] [ERROR] System.Net.Sockets.SocketException (0x80004005): Операция блокирования прервана вызовом WSACancelBlockingCall
   в System.Net.Sockets.Socket.Accept()
   в System.Net.Sockets.TcpListener.AcceptTcpClient()
   в SZMK.ServerUpdater.Services.Server.Listening() в C:\Users\thedr\Desktop\SZMK-Software-Package\SZMK.ServerUpdater\Services\Server.cs:строка 93
[2020-09-06 00:36:23.9657] [INFO] Инициализация основной формы пройдена успешно
[2020-09-06 00:36:24.0595] [INFO] Сборка пройдена успешно
[2020-09-06 00:36:24.1064] [INFO] Запуск сервера успешно выполнен
[2020-09-06 00:36:24.1064] [INFO] Успешный показ продуктов
[2020-09-06 00:36:46.6064] [INFO] Успешная инициализация формы изменения и добавления обновления
[2020-09-06 01:22:50.2193] [INFO] Инициализация формы настроек продуктов пройдена успешно
[2020-09-06 01:22:50.2193] [INFO] Выполнен показ настройки продуктов
[2020-09-06 01:22:51.4068] [INFO] Инициализация добавления информации пройдена успешно
[2020-09-06 01:23:25.2816] [ERROR] System.Net.Sockets.SocketException (0x80004005): Операция блокирования прервана вызовом WSACancelBlockingCall
   в System.Net.Sockets.Socket.Accept()
   в System.Net.Sockets.TcpListener.AcceptTcpClient()
   в SZMK.ServerUpdater.Services.Server.Listening() в C:\Users\thedr\Desktop\SZMK-Software-Package\SZMK.ServerUpdater\Services\Server.cs:строка 93
[2020-09-06 03:30:19.4821] [INFO] Успешная инициализация формы изменения и добавления обновления
[2020-09-06 03:30:20.5290] [INFO] Инициализация добавления информации пройдена успешно
[2020-09-06 03:30:36.9977] [INFO] Инициализация добавления информации пройдена успешно
[2020-09-06 03:31:29.5290] [INFO] Добавление было успешно произведено
[2020-09-06 05:22:40.4821] [INFO] Успешная инициализация формы изменения и добавления обновления
[2020-09-06 05:22:47.3415] [INFO] Инициализация добавления информации пройдена успешно
[2020-09-06 05:23:09.8102] [INFO] Инициализация добавления информации пройдена успешно
[2020-09-06 05:23:22.8415] [INFO] Инициализация добавления информации пройдена успешно
[2020-09-06 05:23:45.8258] [INFO] Добавление было успешно произведено
[2020-09-06 05:27:07.6852] [INFO] Успешная инициализация формы изменения и добавления обновления
[2020-09-06 05:27:08.9040] [INFO] Инициализация добавления информации пройдена успешно
[2020-09-06 05:27:16.6852] [INFO] Инициализация добавления информации пройдена успешно
[2020-09-06 05:27:33.3415] [INFO] Добавление было успешно произведено
[2020-09-06 05:28:05.5290] [INFO] Удаление прошло успешно
[2020-09-06 05:31:19.3571] [INFO] Успешная инициализация формы изменения и добавления обновления
[2020-09-06 05:31:20.0915] [INFO] Инициализация добавления информации пройдена успешно
[2020-09-06 05:31:25.4821] [INFO] Инициализация добавления информации пройдена успешно
[2020-09-06 05:31:40.7008] [INFO] Добавление было успешно произведено
[2020-09-06 05:31:44.0602] [INFO] Успешная инициализация формы изменения и добавления обновления
[2020-09-06 05:31:45.0446] [INFO] Инициализация добавления информации пройдена успешно
[2020-09-06 05:31:53.7946] [INFO] Инициализация добавления информации пройдена успешно
[2020-09-06 05:32:10.4508] [INFO] Добавление было успешно произведено
[2020-09-06 05:40:10.8571] [INFO] Успешная инициализация формы изменения и добавления обновления
[2020-09-06 05:40:18.0133] [INFO] Инициализация добавления информации пройдена успешно
[2020-09-06 05:40:26.1071] [INFO] Инициализация добавления информации пройдена успешно
[2020-09-06 05:40:43.1071] [INFO] Добавление было успешно произведено
