[2020-09-27 02:26:08.1228] [INFO] Выполнена остановка сервера и закрытие программы
[2020-09-27 02:29:15.9446] [INFO] Инициализация основной формы пройдена успешно
[2020-09-27 02:29:16.0227] [INFO] Сборка пройдена успешно
[2020-09-27 02:29:16.0384] [INFO] Запуск сервера успешно выполнен
[2020-09-27 02:29:16.0540] [INFO] Успешный показ продуктов
[2020-09-27 02:29:32.9917] [INFO] Инициализация формы настройки сервера пройдена успешно
[2020-09-27 02:34:29.2107] [ERROR] System.Exception: Не удалось найти часть пути "C:\SZMK\SZMK.ServerUpdater\Products\SZMK.TeklaInteraction\0.0.0.4\Tekla2018\Logs\2020-09-06.log". ---> System.IO.DirectoryNotFoundException: Не удалось найти часть пути "C:\SZMK\SZMK.ServerUpdater\Products\SZMK.TeklaInteraction\0.0.0.4\Tekla2018\Logs\2020-09-06.log".
   в System.IO.__Error.WinIOError(Int32 errorCode, String maybeFullPath)
   в System.IO.FileStream.Init(String path, FileMode mode, FileAccess access, Int32 rights, Boolean useRights, FileShare share, Int32 bufferSize, FileOptions options, SECURITY_ATTRIBUTES secAttrs, String msgPath, Boolean bFromProxy, Boolean useLongPath, Boolean checkHost)
   в System.IO.FileStream..ctor(String path, FileMode mode, FileAccess access, FileShare share)
   в System.IO.File.OpenRead(String path)
   в SZMK.ServerUpdater.Services.Server.Update(BinaryReader reader, NetworkStream stream, TcpClient client) в C:\Users\thedr\Desktop\SZMK-Software-Package\SZMK.ServerUpdater\Services\Server.cs:строка 200
   --- Конец трассировки внутреннего стека исключений ---
   в SZMK.ServerUpdater.Services.Server.Update(BinaryReader reader, NetworkStream stream, TcpClient client) в C:\Users\thedr\Desktop\SZMK-Software-Package\SZMK.ServerUpdater\Services\Server.cs:строка 229
   в SZMK.ServerUpdater.Services.Server.Listening() в C:\Users\thedr\Desktop\SZMK-Software-Package\SZMK.ServerUpdater\Services\Server.cs:строка 107
[2020-09-27 02:34:38.5545] [ERROR] System.Exception: Не удалось найти часть пути "C:\SZMK\SZMK.ServerUpdater\Products\SZMK.TeklaInteraction\0.0.0.4\Tekla2018\Logs\2020-09-06.log". ---> System.IO.DirectoryNotFoundException: Не удалось найти часть пути "C:\SZMK\SZMK.ServerUpdater\Products\SZMK.TeklaInteraction\0.0.0.4\Tekla2018\Logs\2020-09-06.log".
   в System.IO.__Error.WinIOError(Int32 errorCode, String maybeFullPath)
   в System.IO.FileStream.Init(String path, FileMode mode, FileAccess access, Int32 rights, Boolean useRights, FileShare share, Int32 bufferSize, FileOptions options, SECURITY_ATTRIBUTES secAttrs, String msgPath, Boolean bFromProxy, Boolean useLongPath, Boolean checkHost)
   в System.IO.FileStream..ctor(String path, FileMode mode, FileAccess access, FileShare share)
   в System.IO.File.OpenRead(String path)
   в SZMK.ServerUpdater.Services.Server.Update(BinaryReader reader, NetworkStream stream, TcpClient client) в C:\Users\thedr\Desktop\SZMK-Software-Package\SZMK.ServerUpdater\Services\Server.cs:строка 200
   --- Конец трассировки внутреннего стека исключений ---
   в SZMK.ServerUpdater.Services.Server.Update(BinaryReader reader, NetworkStream stream, TcpClient client) в C:\Users\thedr\Desktop\SZMK-Software-Package\SZMK.ServerUpdater\Services\Server.cs:строка 229
   в SZMK.ServerUpdater.Services.Server.Listening() в C:\Users\thedr\Desktop\SZMK-Software-Package\SZMK.ServerUpdater\Services\Server.cs:строка 107
[2020-09-27 02:52:42.7257] [INFO] Успешная инициализация формы изменения и добавления обновления
[2020-09-27 02:53:15.8976] [INFO] Инициализация добавления информации пройдена успешно
[2020-09-27 02:53:44.7726] [INFO] Инициализация добавления информации пройдена успешно
[2020-09-27 02:53:54.0226] [INFO] Добавление было успешно произведено
