[2020-09-25 00:03:11.2195] [INFO] Успешная инициализация формы изменения и добавления обновления
[2020-09-25 00:03:18.7663] [INFO] Инициализация добавления информации пройдена успешно
[2020-09-25 00:03:36.9223] [INFO] Инициализация добавления информации пройдена успешно
[2020-09-25 00:04:11.9384] [INFO] Инициализация добавления информации пройдена успешно
[2020-09-25 00:04:20.2040] [INFO] Добавление было успешно произведено
[2020-09-25 00:06:45.1327] [INFO] Успешная инициализация формы изменения и добавления обновления
[2020-09-25 00:06:46.5233] [INFO] Инициализация добавления информации пройдена успешно
[2020-09-25 00:06:52.7889] [INFO] Инициализация добавления информации пройдена успешно
[2020-09-25 00:07:13.5542] [INFO] Инициализация добавления информации пройдена успешно
[2020-09-25 00:07:20.9760] [INFO] Инициализация добавления информации пройдена успешно
[2020-09-25 00:07:23.9291] [INFO] Инициализация добавления информации пройдена успешно
[2020-09-25 00:07:31.5227] [INFO] Добавление было успешно произведено
[2020-09-25 09:51:51.0275] [INFO] Успешная инициализация формы изменения и добавления обновления
[2020-09-25 09:51:55.3402] [INFO] Инициализация добавления информации пройдена успешно
[2020-09-25 09:52:03.5593] [INFO] Инициализация добавления информации пройдена успешно
[2020-09-25 09:52:23.2321] [INFO] Добавление было успешно произведено
[2020-09-25 10:04:33.9928] [INFO] Выполнена остановка сервера и закрытие программы
[2020-09-25 10:04:34.0084] [ERROR] System.Net.Sockets.SocketException (0x80004005): Операция блокирования прервана вызовом WSACancelBlockingCall
   в System.Net.Sockets.Socket.Accept()
   в System.Net.Sockets.TcpListener.AcceptTcpClient()
   в SZMK.ServerUpdater.Services.Server.Listening()
[2020-09-25 10:04:48.8986] [INFO] Инициализация основной формы пройдена успешно
[2020-09-25 10:04:49.0236] [INFO] Сборка пройдена успешно
[2020-09-25 10:04:49.0549] [INFO] Запуск сервера успешно выполнен
[2020-09-25 10:04:49.0861] [INFO] Успешный показ продуктов
[2020-09-25 10:04:52.9454] [INFO] Инициализация формы настроек продуктов пройдена успешно
[2020-09-25 10:04:52.9610] [INFO] Выполнен показ настройки продуктов
[2020-09-25 10:05:51.9126] [ERROR] System.Net.Sockets.SocketException (0x80004005): Операция блокирования прервана вызовом WSACancelBlockingCall
   в System.Net.Sockets.Socket.Accept()
   в System.Net.Sockets.TcpListener.AcceptTcpClient()
   в SZMK.ServerUpdater.Services.Server.Listening()
