23.10.2020 10:10:20 : Дешифрование пароля успешно завершено
23.10.2020 10:10:30 : Хеш-последовательность успешно получена
23.10.2020 10:10:30 : Хеш-последовательность успешно получена
23.10.2020 10:10:30 : Дешифрование пароля успешно завершено
23.10.2020 10:10:43 : System.FormatException: Входная строка имела неверный формат.
   в System.Number.ParseDouble(String value, NumberStyles options, NumberFormatInfo numfmt)
   в System.Convert.ToDouble(String value)
   в SZMK.Desktop.Services.Request.GetDetails(Int64 IDOrder) в C:\Users\thedr\Desktop\Works\SZMK-Software-Package\SZMK.Desktop\Services\Request.cs:строка 1705
23.10.2020 10:10:43 : System.Exception: System.FormatException: Входная строка имела неверный формат.
   в System.Number.ParseDouble(String value, NumberStyles options, NumberFormatInfo numfmt)
   в System.Convert.ToDouble(String value)
   в SZMK.Desktop.Services.Request.GetDetails(Int64 IDOrder) в C:\Users\thedr\Desktop\Works\SZMK-Software-Package\SZMK.Desktop\Services\Request.cs:строка 1705
   в SZMK.Desktop.Services.Request.GetDetails(Int64 IDOrder) в C:\Users\thedr\Desktop\Works\SZMK-Software-Package\SZMK.Desktop\Services\Request.cs:строка 1735
   в SZMK.Desktop.Services.Excel.ReportSteelOfDate(List`1 Report, String FileName) в C:\Users\thedr\Desktop\Works\SZMK-Software-Package\SZMK.Desktop\Services\Excel.cs:строка 668
23.10.2020 10:15:14 : Дешифрование пароля успешно завершено
23.10.2020 10:15:19 : Хеш-последовательность успешно получена
23.10.2020 10:15:19 : Хеш-последовательность успешно получена
23.10.2020 10:15:19 : Дешифрование пароля успешно завершено
23.10.2020 10:15:47 : Дешифрование пароля успешно завершено
23.10.2020 10:15:53 : Хеш-последовательность успешно получена
23.10.2020 10:15:53 : Хеш-последовательность успешно получена
23.10.2020 10:15:53 : Дешифрование пароля успешно завершено
23.10.2020 10:23:35 : Дешифрование пароля успешно завершено
23.10.2020 10:23:43 : Хеш-последовательность успешно получена
23.10.2020 10:23:47 : Хеш-последовательность успешно получена
23.10.2020 10:23:47 : Хеш-последовательность успешно получена
23.10.2020 10:23:47 : Дешифрование пароля успешно завершено
23.10.2020 10:24:10 : Хеш-последовательность успешно получена
23.10.2020 10:24:12 : Дешифрование пароля успешно завершено
23.10.2020 10:24:19 : Хеш-последовательность успешно получена
23.10.2020 10:24:19 : Хеш-последовательность успешно получена
23.10.2020 10:24:23 : Хеш-последовательность успешно получена
23.10.2020 10:24:23 : Хеш-последовательность успешно получена
23.10.2020 10:24:29 : Хеш-последовательность успешно получена
23.10.2020 10:24:29 : Хеш-последовательность успешно получена
23.10.2020 10:39:26 : Дешифрование пароля успешно завершено
23.10.2020 10:39:39 : Хеш-последовательность успешно получена
23.10.2020 10:39:39 : Хеш-последовательность успешно получена
23.10.2020 10:39:39 : Дешифрование пароля успешно завершено
23.10.2020 10:39:51 : Хеш-последовательность успешно получена
23.10.2020 10:39:58 : Дешифрование пароля успешно завершено
23.10.2020 10:40:03 : Хеш-последовательность успешно получена
23.10.2020 10:40:03 : Хеш-последовательность успешно получена
23.10.2020 10:40:03 : Дешифрование пароля успешно завершено
23.10.2020 10:40:10 : System.Exception: Необходимо выбрать чертежи
   в SZMK.Desktop.Views.OPP.OPP_F.MoveToWorkShop_TSM_Click(Object sender, EventArgs e) в C:\Users\thedr\Desktop\Works\SZMK-Software-Package\SZMK.Desktop\Views\OPP\OPP_F.cs:строка 1459
23.10.2020 10:43:23 : Дешифрование пароля успешно завершено
23.10.2020 10:44:05 : Дешифрование пароля успешно завершено
23.10.2020 10:44:13 : Хеш-последовательность успешно получена
23.10.2020 10:44:13 : Хеш-последовательность успешно получена
23.10.2020 10:44:13 : Дешифрование пароля успешно завершено
23.10.2020 10:44:20 : Дешифрование пароля успешно завершено
23.10.2020 10:44:25 : Хеш-последовательность успешно получена
23.10.2020 10:44:25 : Хеш-последовательность успешно получена
23.10.2020 10:44:25 : Дешифрование пароля успешно завершено
23.10.2020 10:45:04 : Хеш-последовательность успешно получена
23.10.2020 10:45:10 : Дешифрование пароля успешно завершено
23.10.2020 10:45:17 : Хеш-последовательность успешно получена
23.10.2020 10:45:17 : Хеш-последовательность успешно получена
23.10.2020 10:45:37 : Дешифрование пароля успешно завершено
23.10.2020 10:45:46 : Хеш-последовательность успешно получена
23.10.2020 10:45:46 : Хеш-последовательность успешно получена
23.10.2020 10:45:46 : Дешифрование пароля успешно завершено
23.10.2020 10:46:56 : Дешифрование пароля успешно завершено
23.10.2020 10:47:01 : Хеш-последовательность успешно получена
23.10.2020 10:47:01 : Хеш-последовательность успешно получена
23.10.2020 10:47:21 : Дешифрование пароля успешно завершено
23.10.2020 10:47:28 : Хеш-последовательность успешно получена
23.10.2020 10:47:28 : Хеш-последовательность успешно получена
23.10.2020 10:47:28 : Дешифрование пароля успешно завершено
23.10.2020 11:11:23 : Дешифрование пароля успешно завершено
