[2020-09-06 00:11:30.9960] [INFO] Проверка подключения к серверу обновления и выполняемых процессов
[2020-09-06 00:11:31.0479] [INFO] Проверка процессов прошла успешно
[2020-09-06 00:11:31.0549] [INFO] Подключение к серверу обновления успешно
[2020-09-06 00:11:31.0549] [INFO] Начато удаление старых лог файлов
[2020-09-06 00:11:31.0688] [INFO] Удаление старых лог файлов успешно
[2020-09-06 00:11:31.0688] [INFO] Начато удаление старого обновления
[2020-09-06 00:11:31.0858] [INFO] Удаление старого обновление успешно
[2020-09-06 00:11:31.1008] [INFO] Начало скачивания файлов обновления
[2020-09-06 00:11:31.1167] [INFO] Отправка необходимых флагов и наименования приложения
[2020-09-06 00:11:31.1347] [INFO] Получение файла информации обновления
[2020-09-06 00:11:31.2523] [INFO] Получение файла информации обновления успешно
[2020-09-06 00:11:31.2693] [INFO] Чтение количества файлов
[2020-09-06 00:11:31.3132] [ERROR] System.Exception: Не удается прочитать данные из транспортного соединения: Программа на вашем хост-компьютере разорвала установленное подключение. ---> System.IO.IOException: Не удается прочитать данные из транспортного соединения: Программа на вашем хост-компьютере разорвала установленное подключение. ---> System.Net.Sockets.SocketException: Программа на вашем хост-компьютере разорвала установленное подключение
   в System.Net.Sockets.Socket.Receive(Byte[] buffer, Int32 offset, Int32 size, SocketFlags socketFlags)
   в System.Net.Sockets.NetworkStream.Read(Byte[] buffer, Int32 offset, Int32 size)
   --- Конец трассировки внутреннего стека исключений ---
   в System.Net.Sockets.NetworkStream.Read(Byte[] buffer, Int32 offset, Int32 size)
   в System.IO.BinaryReader.FillBuffer(Int32 numBytes)
   в System.IO.BinaryReader.ReadInt32()
   в SZMK.LauncherUpdater.Program.DownloadFiles() в C:\Users\thedr\Desktop\SZMK-Software-Package\SZMK.LauncherUpdater\Program.cs:строка 167
   --- Конец трассировки внутреннего стека исключений ---
   в SZMK.LauncherUpdater.Program.DownloadFiles() в C:\Users\thedr\Desktop\SZMK-Software-Package\SZMK.LauncherUpdater\Program.cs:строка 202
   в SZMK.LauncherUpdater.Program.Main(String[] args) в C:\Users\thedr\Desktop\SZMK-Software-Package\SZMK.LauncherUpdater\Program.cs:строка 40
[2020-09-06 00:14:07.2825] [INFO] Проверка подключения к серверу обновления и выполняемых процессов
[2020-09-06 00:14:07.3234] [INFO] Проверка процессов прошла успешно
[2020-09-06 00:14:07.3234] [INFO] Подключение к серверу обновления успешно
[2020-09-06 00:14:07.3433] [INFO] Начато удаление старых лог файлов
[2020-09-06 00:14:07.3513] [INFO] Удаление старых лог файлов успешно
[2020-09-06 00:14:07.3513] [INFO] Начато удаление старого обновления
[2020-09-06 00:14:07.3742] [INFO] Удаление старого обновление успешно
[2020-09-06 00:14:07.3812] [INFO] Начало скачивания файлов обновления
[2020-09-06 00:14:07.3812] [INFO] Отправка необходимых флагов и наименования приложения
[2020-09-06 00:14:07.4071] [INFO] Получение файла информации обновления
[2020-09-06 00:14:07.4291] [INFO] Получение файла информации обновления успешно
[2020-09-06 00:14:07.4291] [INFO] Чтение количества файлов
[2020-09-06 00:14:07.4460] [INFO] Скачивание файлов 0 из 8
[2020-09-06 00:14:07.4620] [INFO] Скачивание файлов 1 из 8
[2020-09-06 00:14:07.4799] [INFO] Скачивание файлов 2 из 8
[2020-09-06 00:14:07.5238] [INFO] Скачивание файлов 3 из 8
[2020-09-06 00:14:07.5627] [INFO] Скачивание файлов 4 из 8
[2020-09-06 00:14:07.6036] [INFO] Скачивание файлов 5 из 8
[2020-09-06 00:14:07.6036] [INFO] Скачивание файлов 6 из 8
[2020-09-06 00:14:07.6295] [INFO] Скачивание файлов 7 из 8
[2020-09-06 00:14:07.6375] [INFO] Скачивание успешно завершено
[2020-09-06 00:14:07.6714] [INFO] Обновление прошло успешно
[2020-09-06 00:14:07.6714] [INFO] Открытие лаунчера
[2020-09-06 00:14:07.8210] [INFO] Закрытие приложения
[2020-09-06 00:34:43.9557] [INFO] Проверка подключения к серверу обновления и выполняемых процессов
[2020-09-06 00:34:45.0198] [ERROR] System.Exception: Ошибка подключения к серверу обновления
   в SZMK.LauncherUpdater.Program.Main(String[] args) в C:\Users\thedr\Desktop\SZMK-Software-Package\SZMK.LauncherUpdater\Program.cs:строка 55
[2020-09-06 00:42:25.3155] [INFO] Проверка подключения к серверу обновления и выполняемых процессов
[2020-09-06 00:42:26.3777] [ERROR] System.Exception: Ошибка подключения к серверу обновления
   в SZMK.LauncherUpdater.Program.Main(String[] args) в C:\Users\thedr\Desktop\SZMK-Software-Package\SZMK.LauncherUpdater\Program.cs:строка 55
