13.09.2020 14:23:36 : Дешифрование пароля успешно завершено
13.09.2020 14:23:43 : Хеш-последовательность успешно получена
13.09.2020 14:23:43 : Хеш-последовательность успешно получена
13.09.2020 14:23:43 : Дешифрование пароля успешно завершено
13.09.2020 14:30:14 : Дешифрование пароля успешно завершено
13.09.2020 14:30:19 : Хеш-последовательность успешно получена
13.09.2020 14:30:19 : Хеш-последовательность успешно получена
13.09.2020 14:30:19 : Дешифрование пароля успешно завершено
13.09.2020 14:35:52 : Дешифрование пароля успешно завершено
13.09.2020 14:35:58 : Хеш-последовательность успешно получена
13.09.2020 14:35:58 : Хеш-последовательность успешно получена
13.09.2020 14:35:58 : Дешифрование пароля успешно завершено
13.09.2020 15:32:07 : Дешифрование пароля успешно завершено
13.09.2020 15:32:12 : Хеш-последовательность успешно получена
13.09.2020 15:32:12 : Хеш-последовательность успешно получена
13.09.2020 15:32:12 : Дешифрование пароля успешно завершено
13.09.2020 15:39:29 : System.Exception: Заданный аргумент находится вне диапазона допустимых значений.
Имя параметра: startIndex ---> System.ArgumentOutOfRangeException: Заданный аргумент находится вне диапазона допустимых значений.
Имя параметра: startIndex
   в System.String.Insert(Int32 startIndex, String value)
   в SZMK.Desktop.Services.Scan.BaseScanOrder.FormingExecutor(String Executor) в C:\Users\thedr\Desktop\SZMK-Software-Package\SZMK.Desktop\Services\Scan\BaseScanOrder.cs:строка 116
   --- Конец трассировки внутреннего стека исключений ---
   в SZMK.Desktop.Services.Scan.BaseScanOrder.FormingExecutor(String Executor) в C:\Users\thedr\Desktop\SZMK-Software-Package\SZMK.Desktop\Services\Scan\BaseScanOrder.cs:строка 122
   в SZMK.Desktop.Services.Scan.BaseScanOrder.SetResult(String result, List`1 Orders) в C:\Users\thedr\Desktop\SZMK-Software-Package\SZMK.Desktop\Services\Scan\BaseScanOrder.cs:строка 54
13.09.2020 15:41:32 : Дешифрование пароля успешно завершено
13.09.2020 15:41:38 : Хеш-последовательность успешно получена
13.09.2020 15:41:38 : Хеш-последовательность успешно получена
13.09.2020 15:41:38 : Дешифрование пароля успешно завершено
13.09.2020 15:41:44 : System.Exception: Имя исполнителя должно быть в формате: Иванов И.И.
   в SZMK.Desktop.Services.Scan.BaseScanOrder.FormingExecutor(String Executor) в C:\Users\thedr\Desktop\SZMK-Software-Package\SZMK.Desktop\Services\Scan\BaseScanOrder.cs:строка 122
   в SZMK.Desktop.Services.Scan.BaseScanOrder.SetResult(String result, List`1 Orders) в C:\Users\thedr\Desktop\SZMK-Software-Package\SZMK.Desktop\Services\Scan\BaseScanOrder.cs:строка 54
13.09.2020 15:57:27 : Дешифрование пароля успешно завершено
13.09.2020 15:57:33 : Хеш-последовательность успешно получена
13.09.2020 15:57:33 : Хеш-последовательность успешно получена
13.09.2020 15:58:03 : Дешифрование пароля успешно завершено
13.09.2020 15:58:09 : Хеш-последовательность успешно получена
13.09.2020 15:58:09 : Хеш-последовательность успешно получена
13.09.2020 16:00:08 : Дешифрование пароля успешно завершено
13.09.2020 16:00:16 : Хеш-последовательность успешно получена
13.09.2020 16:00:16 : Хеш-последовательность успешно получена
13.09.2020 16:02:35 : Дешифрование пароля успешно завершено
13.09.2020 16:02:40 : Хеш-последовательность успешно получена
13.09.2020 16:02:40 : Хеш-последовательность успешно получена
13.09.2020 16:03:58 : Дешифрование пароля успешно завершено
13.09.2020 16:04:01 : Хеш-последовательность успешно получена
13.09.2020 16:04:04 : Хеш-последовательность успешно получена
13.09.2020 16:04:04 : Хеш-последовательность успешно получена
13.09.2020 16:05:15 : Дешифрование пароля успешно завершено
13.09.2020 16:05:21 : Хеш-последовательность успешно получена
13.09.2020 16:05:21 : Хеш-последовательность успешно получена
13.09.2020 16:07:24 : Дешифрование пароля успешно завершено
13.09.2020 16:07:31 : Хеш-последовательность успешно получена
13.09.2020 16:07:31 : Хеш-последовательность успешно получена
13.09.2020 16:09:11 : Дешифрование пароля успешно завершено
13.09.2020 16:09:15 : Хеш-последовательность успешно получена
13.09.2020 16:09:15 : Хеш-последовательность успешно получена
13.09.2020 16:11:52 : Дешифрование пароля успешно завершено
13.09.2020 16:11:59 : Хеш-последовательность успешно получена
13.09.2020 16:11:59 : Хеш-последовательность успешно получена
13.09.2020 16:15:13 : Дешифрование пароля успешно завершено
13.09.2020 16:15:21 : Хеш-последовательность успешно получена
13.09.2020 16:15:21 : Хеш-последовательность успешно получена
13.09.2020 16:19:25 : Дешифрование пароля успешно завершено
13.09.2020 16:19:29 : Хеш-последовательность успешно получена
13.09.2020 16:19:29 : Хеш-последовательность успешно получена
13.09.2020 16:21:51 : Дешифрование пароля успешно завершено
13.09.2020 16:21:56 : Хеш-последовательность успешно получена
13.09.2020 16:21:56 : Хеш-последовательность успешно получена
13.09.2020 16:23:59 : Дешифрование пароля успешно завершено
13.09.2020 16:24:03 : Хеш-последовательность успешно получена
13.09.2020 16:24:03 : Хеш-последовательность успешно получена
13.09.2020 16:26:37 : Дешифрование пароля успешно завершено
13.09.2020 16:26:42 : Хеш-последовательность успешно получена
13.09.2020 16:26:42 : Хеш-последовательность успешно получена
13.09.2020 16:39:12 : Дешифрование пароля успешно завершено
13.09.2020 16:39:24 : Хеш-последовательность успешно получена
13.09.2020 16:39:24 : Хеш-последовательность успешно получена
13.09.2020 16:39:57 : Дешифрование пароля успешно завершено
13.09.2020 16:40:03 : Хеш-последовательность успешно получена
13.09.2020 16:40:03 : Хеш-последовательность успешно получена
13.09.2020 16:40:03 : Дешифрование пароля успешно завершено
13.09.2020 16:40:26 : Дешифрование пароля успешно завершено
13.09.2020 16:40:32 : Хеш-последовательность успешно получена
13.09.2020 16:40:32 : Хеш-последовательность успешно получена
13.09.2020 16:40:32 : Дешифрование пароля успешно завершено
13.09.2020 16:40:43 : Дешифрование пароля успешно завершено
13.09.2020 16:40:55 : Хеш-последовательность успешно получена
13.09.2020 16:40:55 : Хеш-последовательность успешно получена
13.09.2020 16:41:07 : Дешифрование пароля успешно завершено
13.09.2020 16:41:11 : Хеш-последовательность успешно получена
13.09.2020 16:41:11 : Хеш-последовательность успешно получена
13.09.2020 16:46:35 : Дешифрование пароля успешно завершено
